2020-07-31 17:20:05 -Starting EamApplication on gnb781 with PID 23608 (D:\FYEAM-CODE\EAMCODE\target\classes started by gnb781 in D:\FYEAM-CODE\EAMCODE)
2020-07-31 17:20:05 -The following profiles are active: prod
2020-07-31 17:20:07 -Skipping MapperFactoryBean with name 'andonAssetMapper' and 'com.fuyaogroup.eam.modules.fusion.dao.AndonAssetMapper' mapperInterface. Bean already defined with the same name!
2020-07-31 17:20:07 -Skipping MapperFactoryBean with name 'assetBorrowMapper' and 'com.fuyaogroup.eam.modules.fusion.dao.AssetBorrowMapper' mapperInterface. Bean already defined with the same name!
2020-07-31 17:20:07 -Skipping MapperFactoryBean with name 'assetErrorCordMapper' and 'com.fuyaogroup.eam.modules.fusion.dao.AssetErrorCordMapper' mapperInterface. Bean already defined with the same name!
2020-07-31 17:20:07 -Skipping MapperFactoryBean with name 'assetMapper' and 'com.fuyaogroup.eam.modules.fusion.dao.AssetMapper' mapperInterface. Bean already defined with the same name!
2020-07-31 17:20:07 -Skipping MapperFactoryBean with name 'assetScrapMapper' and 'com.fuyaogroup.eam.modules.fusion.dao.AssetScrapMapper' mapperInterface. Bean already defined with the same name!
2020-07-31 17:20:07 -Skipping MapperFactoryBean with name 'assetTransferMapper' and 'com.fuyaogroup.eam.modules.fusion.dao.AssetTransferMapper' mapperInterface. Bean already defined with the same name!
2020-07-31 17:20:07 -Skipping MapperFactoryBean with name 'assetrPdBatMapper' and 'com.fuyaogroup.eam.modules.fusion.dao.AssetrPdBatMapper' mapperInterface. Bean already defined with the same name!
2020-07-31 17:20:07 -Skipping MapperFactoryBean with name 'assetrPdMapper' and 'com.fuyaogroup.eam.modules.fusion.dao.AssetrPdMapper' mapperInterface. Bean already defined with the same name!
2020-07-31 17:20:07 -Skipping MapperFactoryBean with name 'configMapper' and 'com.fuyaogroup.eam.modules.fusion.dao.ConfigMapper' mapperInterface. Bean already defined with the same name!
2020-07-31 17:20:07 -Skipping MapperFactoryBean with name 'repairRecordMapper' and 'com.fuyaogroup.eam.modules.fusion.dao.RepairRecordMapper' mapperInterface. Bean already defined with the same name!
2020-07-31 17:20:07 -Skipping MapperFactoryBean with name 'windowServerMapper' and 'com.fuyaogroup.eam.modules.fusion.dao.WindowServerMapper' mapperInterface. Bean already defined with the same name!
2020-07-31 17:20:07 -Skipping MapperFactoryBean with name 'workOrderMapper' and 'com.fuyaogroup.eam.modules.fusion.dao.WorkOrderMapper' mapperInterface. Bean already defined with the same name!
2020-07-31 17:20:07 -Skipping MapperFactoryBean with name 'andonHisMapper' and 'com.fuyaogroup.eam.modules.mes.dao.AndonHisMapper' mapperInterface. Bean already defined with the same name!
2020-07-31 17:20:07 -Skipping MapperFactoryBean with name 'andonHisTempMapper' and 'com.fuyaogroup.eam.modules.mes.dao.AndonHisTempMapper' mapperInterface. Bean already defined with the same name!
2020-07-31 17:20:07 -Skipping MapperFactoryBean with name 'repairBillMapper' and 'com.fuyaogroup.eam.modules.mes.dao.RepairBillMapper' mapperInterface. Bean already defined with the same name!
2020-07-31 17:20:07 -No MyBatis mapper was found in '[com.fuyaogroup.eam.modules.*.dao]' package. Please check your configuration.
2020-07-31 17:20:07 -Multiple Spring Data modules found, entering strict repository configuration mode!
2020-07-31 17:20:07 -Bootstrapping Spring Data repositories in DEFAULT mode.
2020-07-31 17:20:07 -Finished Spring Data repository scanning in 45ms. Found 0 repository interfaces.
2020-07-31 17:20:08 -Bean 'org.springframework.ws.config.annotation.DelegatingWsConfiguration' of type [org.springframework.ws.config.annotation.DelegatingWsConfiguration$$EnhancerBySpringCGLIB$$59e73340] is not eligible for getting processed by all BeanPostProcessors (for example: not eligible for auto-proxying)
2020-07-31 17:20:08 -Supporting [WS-Addressing August 2004, WS-Addressing 1.0]
2020-07-31 17:20:10 -Tomcat initialized with port(s): 9001 (http)
2020-07-31 17:20:11 -Initializing ProtocolHandler ["http-nio-9001"]
2020-07-31 17:20:11 -Starting service [Tomcat]
2020-07-31 17:20:11 -Starting Servlet Engine: Apache Tomcat/9.0.13
2020-07-31 17:20:11 -The APR based Apache Tomcat Native library which allows optimal performance in production environments was not found on the java.library.path: [C:\Program Files\Java\jdk1.8.0_221\bin;C:\WINDOWS\Sun\Java\bin;C:\WINDOWS\system32;C:\WINDOWS;C:\Program Files\Java\jdk1.8.0_221\jre\bin;C:/Program Files/Java/jre1.8.0_221/bin/server;C:/Program Files/Java/jre1.8.0_221/bin;C:/Program Files/Java/jre1.8.0_221/lib/amd64;C:\Program Files (x86)\Common Files\Oracle\Java\javapath;C:\Program Files\Microsoft MPI\Bin\;C:\ProgramData\Oracle\Java\javapath;C:\Windows\system32;C:\Windows;C:\Windows\System32\Wbem;C:\Windows\System32\WindowsPowerShell\v1.0\;C:\Program Files (x86)\NVIDIA Corporation\PhysX\Common;C:\Python27;C:\Program Files (x86)\Java\jdk1.8.0_181\bin;C:\Program Files (x86)\Java\jdk1.8.0_181\jre\bin;C:\WINDOWS\system32;C:\WINDOWS;C:\WINDOWS\System32\Wbem;C:\WINDOWS\System32\WindowsPowerShell\v1.0\;C:\WINDOWS\System32\OpenSSH\;C:\Program Files\MySQL\MySQL Utilities 1.6\;C:\Program Files\VisualSVN Server\bin;C:\Program Files\TortoiseSVN\bin;E:\sshing\Git\cmd;C:\Program Files\TortoiseGit\bin;D:\Program Files\;C:\Users\gnb781\AppData\Roaming\npm;D:\Program Files\nodejs\node_global;C:\Users\gnb781\AppData\Local\Microsoft\WindowsApps;;E:\Microsoft VS Code\bin;C:\Users\gnb781\AppData\Roaming\npm;C:\Users\gnb781\Desktop;;.]
2020-07-31 17:20:11 -Failed to scan [file:/C:/Users/gnb781/.m2/repository/xalan/xalan/2.6.0/xercesImpl.jar] from classloader hierarchy
java.io.FileNotFoundException: C:\Users\gnb781\.m2\repository\xalan\xalan\2.6.0\xercesImpl.jar (系统找不到指定的文件。)
	at java.util.zip.ZipFile.open(Native Method)
	at java.util.zip.ZipFile.<init>(ZipFile.java:225)
	at java.util.zip.ZipFile.<init>(ZipFile.java:155)
	at java.util.jar.JarFile.<init>(JarFile.java:166)
	at java.util.jar.JarFile.<init>(JarFile.java:130)
	at org.apache.tomcat.util.compat.JreCompat.jarFileNewInstance(JreCompat.java:164)
	at org.apache.tomcat.util.scan.JarFileUrlJar.<init>(JarFileUrlJar.java:65)
	at org.apache.tomcat.util.scan.JarFactory.newInstance(JarFactory.java:49)
	at org.apache.tomcat.util.scan.StandardJarScanner.process(StandardJarScanner.java:374)
	at org.apache.tomcat.util.scan.StandardJarScanner.processURLs(StandardJarScanner.java:309)
	at org.apache.tomcat.util.scan.StandardJarScanner.doScanClassPath(StandardJarScanner.java:266)
	at org.apache.tomcat.util.scan.StandardJarScanner.scan(StandardJarScanner.java:229)
	at org.apache.jasper.servlet.TldScanner.scanJars(TldScanner.java:262)
	at org.apache.jasper.servlet.TldScanner.scan(TldScanner.java:104)
	at org.apache.jasper.servlet.JasperInitializer.onStartup(JasperInitializer.java:83)
	at org.apache.catalina.core.StandardContext.startInternal(StandardContext.java:5098)
	at org.apache.catalina.util.LifecycleBase.start(LifecycleBase.java:183)
	at org.apache.catalina.core.ContainerBase$StartChild.call(ContainerBase.java:1432)
	at org.apache.catalina.core.ContainerBase$StartChild.call(ContainerBase.java:1422)
	at java.util.concurrent.FutureTask.run(FutureTask.java:266)
	at org.apache.tomcat.util.threads.InlineExecutorService.execute(InlineExecutorService.java:75)
	at java.util.concurrent.AbstractExecutorService.submit(AbstractExecutorService.java:134)
	at org.apache.catalina.core.ContainerBase.startInternal(ContainerBase.java:944)
	at org.apache.catalina.core.StandardHost.startInternal(StandardHost.java:831)
	at org.apache.catalina.util.LifecycleBase.start(LifecycleBase.java:183)
	at org.apache.catalina.core.ContainerBase$StartChild.call(ContainerBase.java:1432)
	at org.apache.catalina.core.ContainerBase$StartChild.call(ContainerBase.java:1422)
	at java.util.concurrent.FutureTask.run(FutureTask.java:266)
	at org.apache.tomcat.util.threads.InlineExecutorService.execute(InlineExecutorService.java:75)
	at java.util.concurrent.AbstractExecutorService.submit(AbstractExecutorService.java:134)
	at org.apache.catalina.core.ContainerBase.startInternal(ContainerBase.java:944)
	at org.apache.catalina.core.StandardEngine.startInternal(StandardEngine.java:261)
	at org.apache.catalina.util.LifecycleBase.start(LifecycleBase.java:183)
	at org.apache.catalina.core.StandardService.startInternal(StandardService.java:422)
	at org.apache.catalina.util.LifecycleBase.start(LifecycleBase.java:183)
	at org.apache.catalina.core.StandardServer.startInternal(StandardServer.java:801)
	at org.apache.catalina.util.LifecycleBase.start(LifecycleBase.java:183)
	at org.apache.catalina.startup.Tomcat.start(Tomcat.java:372)
	at org.springframework.boot.web.embedded.tomcat.TomcatWebServer.initialize(TomcatWebServer.java:106)
	at org.springframework.boot.web.embedded.tomcat.TomcatWebServer.<init>(TomcatWebServer.java:86)
	at org.springframework.boot.web.embedded.tomcat.TomcatServletWebServerFactory.getTomcatWebServer(TomcatServletWebServerFactory.java:414)
	at org.springframework.boot.web.embedded.tomcat.TomcatServletWebServerFactory.getWebServer(TomcatServletWebServerFactory.java:174)
	at org.springframework.boot.web.servlet.context.ServletWebServerApplicationContext.createWebServer(ServletWebServerApplicationContext.java:181)
	at org.springframework.boot.web.servlet.context.ServletWebServerApplicationContext.onRefresh(ServletWebServerApplicationContext.java:154)
	at org.springframework.context.support.AbstractApplicationContext.refresh(AbstractApplicationContext.java:540)
	at org.springframework.boot.web.servlet.context.ServletWebServerApplicationContext.refresh(ServletWebServerApplicationContext.java:142)
	at org.springframework.boot.SpringApplication.refresh(SpringApplication.java:775)
	at org.springframework.boot.SpringApplication.refreshContext(SpringApplication.java:397)
	at org.springframework.boot.SpringApplication.run(SpringApplication.java:316)
	at org.springframework.boot.SpringApplication.run(SpringApplication.java:1260)
	at org.springframework.boot.SpringApplication.run(SpringApplication.java:1248)
	at com.fuyaogroup.eam.EamApplication.main(EamApplication.java:27)
2020-07-31 17:20:11 -Failed to scan [file:/C:/Users/gnb781/.m2/repository/xalan/xalan/2.6.0/xml-apis.jar] from classloader hierarchy
java.io.FileNotFoundException: C:\Users\gnb781\.m2\repository\xalan\xalan\2.6.0\xml-apis.jar (系统找不到指定的文件。)
	at java.util.zip.ZipFile.open(Native Method)
	at java.util.zip.ZipFile.<init>(ZipFile.java:225)
	at java.util.zip.ZipFile.<init>(ZipFile.java:155)
	at java.util.jar.JarFile.<init>(JarFile.java:166)
	at java.util.jar.JarFile.<init>(JarFile.java:130)
	at org.apache.tomcat.util.compat.JreCompat.jarFileNewInstance(JreCompat.java:164)
	at org.apache.tomcat.util.scan.JarFileUrlJar.<init>(JarFileUrlJar.java:65)
	at org.apache.tomcat.util.scan.JarFactory.newInstance(JarFactory.java:49)
	at org.apache.tomcat.util.scan.StandardJarScanner.process(StandardJarScanner.java:374)
	at org.apache.tomcat.util.scan.StandardJarScanner.processURLs(StandardJarScanner.java:309)
	at org.apache.tomcat.util.scan.StandardJarScanner.doScanClassPath(StandardJarScanner.java:266)
	at org.apache.tomcat.util.scan.StandardJarScanner.scan(StandardJarScanner.java:229)
	at org.apache.jasper.servlet.TldScanner.scanJars(TldScanner.java:262)
	at org.apache.jasper.servlet.TldScanner.scan(TldScanner.java:104)
	at org.apache.jasper.servlet.JasperInitializer.onStartup(JasperInitializer.java:83)
	at org.apache.catalina.core.StandardContext.startInternal(StandardContext.java:5098)
	at org.apache.catalina.util.LifecycleBase.start(LifecycleBase.java:183)
	at org.apache.catalina.core.ContainerBase$StartChild.call(ContainerBase.java:1432)
	at org.apache.catalina.core.ContainerBase$StartChild.call(ContainerBase.java:1422)
	at java.util.concurrent.FutureTask.run(FutureTask.java:266)
	at org.apache.tomcat.util.threads.InlineExecutorService.execute(InlineExecutorService.java:75)
	at java.util.concurrent.AbstractExecutorService.submit(AbstractExecutorService.java:134)
	at org.apache.catalina.core.ContainerBase.startInternal(ContainerBase.java:944)
	at org.apache.catalina.core.StandardHost.startInternal(StandardHost.java:831)
	at org.apache.catalina.util.LifecycleBase.start(LifecycleBase.java:183)
	at org.apache.catalina.core.ContainerBase$StartChild.call(ContainerBase.java:1432)
	at org.apache.catalina.core.ContainerBase$StartChild.call(ContainerBase.java:1422)
	at java.util.concurrent.FutureTask.run(FutureTask.java:266)
	at org.apache.tomcat.util.threads.InlineExecutorService.execute(InlineExecutorService.java:75)
	at java.util.concurrent.AbstractExecutorService.submit(AbstractExecutorService.java:134)
	at org.apache.catalina.core.ContainerBase.startInternal(ContainerBase.java:944)
	at org.apache.catalina.core.StandardEngine.startInternal(StandardEngine.java:261)
	at org.apache.catalina.util.LifecycleBase.start(LifecycleBase.java:183)
	at org.apache.catalina.core.StandardService.startInternal(StandardService.java:422)
	at org.apache.catalina.util.LifecycleBase.start(LifecycleBase.java:183)
	at org.apache.catalina.core.StandardServer.startInternal(StandardServer.java:801)
	at org.apache.catalina.util.LifecycleBase.start(LifecycleBase.java:183)
	at org.apache.catalina.startup.Tomcat.start(Tomcat.java:372)
	at org.springframework.boot.web.embedded.tomcat.TomcatWebServer.initialize(TomcatWebServer.java:106)
	at org.springframework.boot.web.embedded.tomcat.TomcatWebServer.<init>(TomcatWebServer.java:86)
	at org.springframework.boot.web.embedded.tomcat.TomcatServletWebServerFactory.getTomcatWebServer(TomcatServletWebServerFactory.java:414)
	at org.springframework.boot.web.embedded.tomcat.TomcatServletWebServerFactory.getWebServer(TomcatServletWebServerFactory.java:174)
	at org.springframework.boot.web.servlet.context.ServletWebServerApplicationContext.createWebServer(ServletWebServerApplicationContext.java:181)
	at org.springframework.boot.web.servlet.context.ServletWebServerApplicationContext.onRefresh(ServletWebServerApplicationContext.java:154)
	at org.springframework.context.support.AbstractApplicationContext.refresh(AbstractApplicationContext.java:540)
	at org.springframework.boot.web.servlet.context.ServletWebServerApplicationContext.refresh(ServletWebServerApplicationContext.java:142)
	at org.springframework.boot.SpringApplication.refresh(SpringApplication.java:775)
	at org.springframework.boot.SpringApplication.refreshContext(SpringApplication.java:397)
	at org.springframework.boot.SpringApplication.run(SpringApplication.java:316)
	at org.springframework.boot.SpringApplication.run(SpringApplication.java:1260)
	at org.springframework.boot.SpringApplication.run(SpringApplication.java:1248)
	at com.fuyaogroup.eam.EamApplication.main(EamApplication.java:27)
2020-07-31 17:20:11 -At least one JAR was scanned for TLDs yet contained no TLDs. Enable debug logging for this logger for a complete list of JARs that were scanned but no TLDs were found in them. Skipping unneeded JARs during scanning can improve startup time and JSP compilation time.
2020-07-31 17:20:11 -Initializing Spring embedded WebApplicationContext
2020-07-31 17:20:11 -Root WebApplicationContext: initialization completed in 5925 ms
2020-07-31 17:20:12 -Servlet statViewServlet was not registered (possibly already registered?)
2020-07-31 17:20:12 -Filter webStatFilter was not registered (possibly already registered?)
2020-07-31 17:20:13 -oracle.jdbc.driver.OracleDriver is deprecated.Having use oracle.jdbc.OracleDriver.
2020-07-31 17:20:13 -oracle.jdbc.driver.OracleDriver is deprecated.Having use oracle.jdbc.OracleDriver.
2020-07-31 17:20:14 -Using default implementation for ThreadExecutor
2020-07-31 17:20:14 -Initialized Scheduler Signaller of type: class org.quartz.core.SchedulerSignalerImpl
2020-07-31 17:20:14 -Quartz Scheduler v.2.3.0 created.
2020-07-31 17:20:14 -RAMJobStore initialized.
2020-07-31 17:20:14 -Scheduler meta-data: Quartz Scheduler (v2.3.0) 'org.springframework.scheduling.quartz.SchedulerFactoryBean#0' with instanceId 'NON_CLUSTERED'
  Scheduler class: 'org.quartz.core.QuartzScheduler' - running locally.
  NOT STARTED.
  Currently in standby mode.
  Number of jobs executed: 0
  Using thread pool 'org.quartz.simpl.SimpleThreadPool' - with 10 threads.
  Using job-store 'org.quartz.simpl.RAMJobStore' - which does not support persistence. and is not clustered.

2020-07-31 17:20:14 -Quartz scheduler 'org.springframework.scheduling.quartz.SchedulerFactoryBean#0' initialized from an externally provided properties instance.
2020-07-31 17:20:14 -Quartz scheduler version: 2.3.0
2020-07-31 17:20:14 -JobFactory set to: org.springframework.scheduling.quartz.AdaptableJobFactory@74a5bef0
2020-07-31 17:20:15 -Initializing ExecutorService 'applicationTaskExecutor'
2020-07-31 17:20:15 -Clear tk.mybatis.mapper.util.MsUtil CLASS_CACHE cache.
2020-07-31 17:20:15 -Clear tk.mybatis.mapper.genid.GenIdUtil CACHE cache.
2020-07-31 17:20:15 -Clear tk.mybatis.mapper.version.VersionUtil CACHE cache.
2020-07-31 17:20:15 -Clear EntityHelper entityTableMap cache.
2020-07-31 17:20:16 -Initializing ExecutorService 'taskScheduler'
2020-07-31 17:20:16 -Starting Quartz Scheduler now
2020-07-31 17:20:16 -Scheduler org.springframework.scheduling.quartz.SchedulerFactoryBean#0_$_NON_CLUSTERED started.
2020-07-31 17:20:16 -Loaded the Bouncy Castle security provider.
2020-07-31 17:20:16 -Using Persistence Adapter: MemoryPersistenceAdapter
2020-07-31 17:20:16 -JMX consoles can connect to service:jmx:rmi:///jndi/rmi://localhost:1099/jmxrmi
2020-07-31 17:20:17 -Apache ActiveMQ 5.15.8 (localhost, ID:gnb781-57925-1596187216965-0:1) is starting
2020-07-31 17:20:17 -Apache ActiveMQ 5.15.8 (localhost, ID:gnb781-57925-1596187216965-0:1) started
2020-07-31 17:20:17 -For help or more information please see: http://activemq.apache.org
2020-07-31 17:20:17 -Connector vm://localhost started
2020-07-31 17:20:17 -Starting ProtocolHandler ["http-nio-9001"]
2020-07-31 17:20:17 -Using a shared selector for servlet write/read
2020-07-31 17:20:17 -Tomcat started on port(s): 9001 (http) with context path '/eam'
2020-07-31 17:20:17 -Started EamApplication in 12.227 seconds (JVM running for 14.129)
2020-07-31 17:22:16 -Initializing Spring DispatcherServlet 'dispatcherServlet'
2020-07-31 17:22:16 -Initializing Servlet 'dispatcherServlet'
2020-07-31 17:22:16 -Completed initialization in 13 ms
2020-07-31 17:22:16 -{dataSource-1} inited
2020-07-31 17:22:17 -==>  Preparing: SELECT * FROM config a where a.config_Type = ? and a.configname=? 
2020-07-31 17:22:17 -==> Parameters: 4(Integer), super_admin(String)
2020-07-31 17:22:17 -<==      Total: 1
2020-07-31 17:22:17 -==>  Preparing: SELECT * FROM config a where a.config_Type = ? and a.configname=? 
2020-07-31 17:22:17 -==> Parameters: 4(Integer), super_admin(String)
2020-07-31 17:22:17 -<==      Total: 1
2020-07-31 17:22:21 -==>  Preparing: SELECT * FROM WINDOW_SERVER 
2020-07-31 17:22:21 -==> Parameters: 
2020-07-31 17:22:21 -<==      Total: 11
2020-07-31 17:22:43 -==>  Preparing: select * from ASSET_BORROW_TRACKRECORD 
2020-07-31 17:22:43 -==> Parameters: 
2020-07-31 17:22:43 -<==      Total: 7
2020-07-31 17:22:51 -==>  Preparing: SELECT * FROM WINDOW_SERVER 
2020-07-31 17:22:51 -==> Parameters: 
2020-07-31 17:22:51 -<==      Total: 11
2020-07-31 17:24:02 -==>  Preparing: SELECT * FROM WINDOW_SERVER 
2020-07-31 17:24:02 -==> Parameters: 
2020-07-31 17:24:02 -<==      Total: 11
2020-07-31 17:24:18 -==>  Preparing: select * from ASSET_BORROW_TRACKRECORD 
2020-07-31 17:24:18 -==> Parameters: 
2020-07-31 17:24:18 -<==      Total: 7
2020-07-31 17:24:22 -==>  Preparing: SELECT * FROM WINDOW_SERVER 
2020-07-31 17:24:22 -==> Parameters: 
2020-07-31 17:24:22 -<==      Total: 11
2020-07-31 17:28:48 -==>  Preparing: SELECT * FROM WINDOW_SERVER 
2020-07-31 17:28:48 -==> Parameters: 
2020-07-31 17:28:48 -<==      Total: 11
2020-07-31 17:29:59 -==>  Preparing: SELECT * FROM config a where a.config_Type = ? and a.configname=? 
2020-07-31 17:29:59 -==> Parameters: 4(Integer), super_admin(String)
2020-07-31 17:29:59 -<==      Total: 1
2020-07-31 17:30:00 -==>  Preparing: SELECT * FROM WINDOW_SERVER 
2020-07-31 17:30:00 -==> Parameters: 
2020-07-31 17:30:00 -<==      Total: 11
2020-07-31 17:30:02 -==>  Preparing: select * from ASSET_BORROW_TRACKRECORD 
2020-07-31 17:30:02 -==> Parameters: 
2020-07-31 17:30:02 -<==      Total: 7
2020-07-31 17:30:02 -==>  Preparing: SELECT * FROM WINDOW_SERVER 
2020-07-31 17:30:02 -==> Parameters: 
2020-07-31 17:30:02 -<==      Total: 11
2020-07-31 17:30:49 -==>  Preparing: SELECT * FROM WINDOW_SERVER 
2020-07-31 17:30:49 -==> Parameters: 
2020-07-31 17:30:49 -<==      Total: 11
2020-07-31 17:30:54 -==>  Preparing: SELECT * FROM config a where a.config_Type = ? and a.configname=? 
2020-07-31 17:30:54 -==> Parameters: 4(Integer), super_admin(String)
2020-07-31 17:30:54 -<==      Total: 1
2020-07-31 17:30:55 -==>  Preparing: SELECT * FROM WINDOW_SERVER 
2020-07-31 17:30:55 -==> Parameters: 
2020-07-31 17:30:55 -<==      Total: 11
2020-07-31 17:30:56 -==>  Preparing: select * from ASSET_BORROW_TRACKRECORD 
2020-07-31 17:30:56 -==> Parameters: 
2020-07-31 17:30:56 -<==      Total: 7
2020-07-31 17:30:57 -==>  Preparing: SELECT * FROM WINDOW_SERVER 
2020-07-31 17:30:57 -==> Parameters: 
2020-07-31 17:30:57 -<==      Total: 11
2020-07-31 17:31:22 -==>  Preparing: SELECT * FROM config a where a.config_Type = ? and a.configname=? 
2020-07-31 17:31:22 -==> Parameters: 4(Integer), super_admin(String)
2020-07-31 17:31:22 -<==      Total: 1
2020-07-31 17:31:22 -==>  Preparing: SELECT * FROM config a where a.config_Type = ? and a.configname=? 
2020-07-31 17:31:22 -==> Parameters: 4(Integer), super_admin(String)
2020-07-31 17:31:22 -<==      Total: 1
2020-07-31 17:31:26 -==>  Preparing: SELECT * FROM WINDOW_SERVER 
2020-07-31 17:31:26 -==> Parameters: 
2020-07-31 17:31:26 -<==      Total: 11
2020-07-31 17:32:03 -==>  Preparing: SELECT * FROM WINDOW_SERVER 
2020-07-31 17:32:03 -==> Parameters: 
2020-07-31 17:32:03 -<==      Total: 11
2020-07-31 17:32:15 -==>  Preparing: SELECT * FROM config a where a.config_Type = ? and a.configname=? 
2020-07-31 17:32:15 -==> Parameters: 4(Integer), super_admin(String)
2020-07-31 17:32:15 -<==      Total: 1
2020-07-31 17:32:15 -==>  Preparing: SELECT * FROM WINDOW_SERVER 
2020-07-31 17:32:15 -==> Parameters: 
2020-07-31 17:32:15 -<==      Total: 11
2020-07-31 17:33:11 -==>  Preparing: SELECT * FROM WINDOW_SERVER 
2020-07-31 17:33:11 -==> Parameters: 
2020-07-31 17:33:11 -<==      Total: 11
