2020-06-09 10:37:18 -Starting EamApplication on gnb781 with PID 26524 (D:\FYEAM-CODE\EAMCODE\target\classes started by gnb781 in D:\FYEAM-CODE\EAMCODE)
2020-06-09 10:37:18 -The following profiles are active: prod
2020-06-09 10:37:19 -Skipping MapperFactoryBean with name 'andonAssetMapper' and 'com.fuyaogroup.eam.modules.fusion.dao.AndonAssetMapper' mapperInterface. Bean already defined with the same name!
2020-06-09 10:37:19 -Skipping MapperFactoryBean with name 'assetBorrowMapper' and 'com.fuyaogroup.eam.modules.fusion.dao.AssetBorrowMapper' mapperInterface. Bean already defined with the same name!
2020-06-09 10:37:19 -Skipping MapperFactoryBean with name 'assetMapper' and 'com.fuyaogroup.eam.modules.fusion.dao.AssetMapper' mapperInterface. Bean already defined with the same name!
2020-06-09 10:37:19 -Skipping MapperFactoryBean with name 'assetScrapMapper' and 'com.fuyaogroup.eam.modules.fusion.dao.AssetScrapMapper' mapperInterface. Bean already defined with the same name!
2020-06-09 10:37:19 -Skipping MapperFactoryBean with name 'assetTransferMapper' and 'com.fuyaogroup.eam.modules.fusion.dao.AssetTransferMapper' mapperInterface. Bean already defined with the same name!
2020-06-09 10:37:19 -Skipping MapperFactoryBean with name 'assetrPdBatMapper' and 'com.fuyaogroup.eam.modules.fusion.dao.AssetrPdBatMapper' mapperInterface. Bean already defined with the same name!
2020-06-09 10:37:19 -Skipping MapperFactoryBean with name 'assetrPdMapper' and 'com.fuyaogroup.eam.modules.fusion.dao.AssetrPdMapper' mapperInterface. Bean already defined with the same name!
2020-06-09 10:37:19 -Skipping MapperFactoryBean with name 'configMapper' and 'com.fuyaogroup.eam.modules.fusion.dao.ConfigMapper' mapperInterface. Bean already defined with the same name!
2020-06-09 10:37:19 -Skipping MapperFactoryBean with name 'repairRecordMapper' and 'com.fuyaogroup.eam.modules.fusion.dao.RepairRecordMapper' mapperInterface. Bean already defined with the same name!
2020-06-09 10:37:19 -Skipping MapperFactoryBean with name 'workOrderMapper' and 'com.fuyaogroup.eam.modules.fusion.dao.WorkOrderMapper' mapperInterface. Bean already defined with the same name!
2020-06-09 10:37:19 -Skipping MapperFactoryBean with name 'andonHisMapper' and 'com.fuyaogroup.eam.modules.mes.dao.AndonHisMapper' mapperInterface. Bean already defined with the same name!
2020-06-09 10:37:19 -Skipping MapperFactoryBean with name 'andonHisTempMapper' and 'com.fuyaogroup.eam.modules.mes.dao.AndonHisTempMapper' mapperInterface. Bean already defined with the same name!
2020-06-09 10:37:19 -Skipping MapperFactoryBean with name 'repairBillMapper' and 'com.fuyaogroup.eam.modules.mes.dao.RepairBillMapper' mapperInterface. Bean already defined with the same name!
2020-06-09 10:37:19 -No MyBatis mapper was found in '[com.fuyaogroup.eam.modules.*.dao]' package. Please check your configuration.
2020-06-09 10:37:19 -Multiple Spring Data modules found, entering strict repository configuration mode!
2020-06-09 10:37:19 -Bootstrapping Spring Data repositories in DEFAULT mode.
2020-06-09 10:37:19 -Finished Spring Data repository scanning in 24ms. Found 0 repository interfaces.
2020-06-09 10:37:20 -Bean 'org.springframework.ws.config.annotation.DelegatingWsConfiguration' of type [org.springframework.ws.config.annotation.DelegatingWsConfiguration$$EnhancerBySpringCGLIB$$44aeb0d] is not eligible for getting processed by all BeanPostProcessors (for example: not eligible for auto-proxying)
2020-06-09 10:37:20 -Supporting [WS-Addressing August 2004, WS-Addressing 1.0]
2020-06-09 10:37:20 -Tomcat initialized with port(s): 9001 (http)
2020-06-09 10:37:20 -Initializing ProtocolHandler ["http-nio-9001"]
2020-06-09 10:37:20 -Starting service [Tomcat]
2020-06-09 10:37:20 -Starting Servlet Engine: Apache Tomcat/9.0.13
2020-06-09 10:37:20 -The APR based Apache Tomcat Native library which allows optimal performance in production environments was not found on the java.library.path: [C:\Program Files\Java\jdk1.8.0_221\bin;C:\WINDOWS\Sun\Java\bin;C:\WINDOWS\system32;C:\WINDOWS;C:/Program Files/Java/jre1.8.0_221/bin/server;C:/Program Files/Java/jre1.8.0_221/bin;C:/Program Files/Java/jre1.8.0_221/lib/amd64;C:\Program Files (x86)\Common Files\Oracle\Java\javapath;C:\Program Files\Microsoft MPI\Bin\;C:\ProgramData\Oracle\Java\javapath;C:\Windows\system32;C:\Windows;C:\Windows\System32\Wbem;C:\Windows\System32\WindowsPowerShell\v1.0\;C:\Program Files (x86)\NVIDIA Corporation\PhysX\Common;C:\Python27;C:\Program Files (x86)\Java\jdk1.8.0_181\bin;C:\Program Files (x86)\Java\jdk1.8.0_181\jre\bin;C:\WINDOWS\system32;C:\WINDOWS;C:\WINDOWS\System32\Wbem;C:\WINDOWS\System32\WindowsPowerShell\v1.0\;C:\WINDOWS\System32\OpenSSH\;C:\Program Files\MySQL\MySQL Utilities 1.6\;C:\Program Files\VisualSVN Server\bin;C:\Program Files\TortoiseSVN\bin;E:\sshing\Git\cmd;C:\Program Files\TortoiseGit\bin;D:\Program Files\;C:\Users\gnb781\AppData\Roaming\npm;D:\Program Files\nodejs\node_global;C:\Users\gnb781\AppData\Local\Microsoft\WindowsApps;;E:\Microsoft VS Code\bin;C:\Users\gnb781\AppData\Roaming\npm;E:\DriverGenius;E:\DriverGenius\ksoft;C:\Users\gnb781\Desktop;;.]
2020-06-09 10:37:21 -Failed to scan [file:/C:/Users/gnb781/.m2/repository/xalan/xalan/2.6.0/xercesImpl.jar] from classloader hierarchy
java.io.FileNotFoundException: C:\Users\gnb781\.m2\repository\xalan\xalan\2.6.0\xercesImpl.jar (系统找不到指定的文件。)
	at java.util.zip.ZipFile.open(Native Method)
	at java.util.zip.ZipFile.<init>(ZipFile.java:225)
	at java.util.zip.ZipFile.<init>(ZipFile.java:155)
	at java.util.jar.JarFile.<init>(JarFile.java:166)
	at java.util.jar.JarFile.<init>(JarFile.java:130)
	at org.apache.tomcat.util.compat.JreCompat.jarFileNewInstance(JreCompat.java:164)
	at org.apache.tomcat.util.scan.JarFileUrlJar.<init>(JarFileUrlJar.java:65)
	at org.apache.tomcat.util.scan.JarFactory.newInstance(JarFactory.java:49)
	at org.apache.tomcat.util.scan.StandardJarScanner.process(StandardJarScanner.java:374)
	at org.apache.tomcat.util.scan.StandardJarScanner.processURLs(StandardJarScanner.java:309)
	at org.apache.tomcat.util.scan.StandardJarScanner.doScanClassPath(StandardJarScanner.java:266)
	at org.apache.tomcat.util.scan.StandardJarScanner.scan(StandardJarScanner.java:229)
	at org.apache.jasper.servlet.TldScanner.scanJars(TldScanner.java:262)
	at org.apache.jasper.servlet.TldScanner.scan(TldScanner.java:104)
	at org.apache.jasper.servlet.JasperInitializer.onStartup(JasperInitializer.java:83)
	at org.apache.catalina.core.StandardContext.startInternal(StandardContext.java:5098)
	at org.apache.catalina.util.LifecycleBase.start(LifecycleBase.java:183)
	at org.apache.catalina.core.ContainerBase$StartChild.call(ContainerBase.java:1432)
	at org.apache.catalina.core.ContainerBase$StartChild.call(ContainerBase.java:1422)
	at java.util.concurrent.FutureTask.run(FutureTask.java:266)
	at org.apache.tomcat.util.threads.InlineExecutorService.execute(InlineExecutorService.java:75)
	at java.util.concurrent.AbstractExecutorService.submit(AbstractExecutorService.java:134)
	at org.apache.catalina.core.ContainerBase.startInternal(ContainerBase.java:944)
	at org.apache.catalina.core.StandardHost.startInternal(StandardHost.java:831)
	at org.apache.catalina.util.LifecycleBase.start(LifecycleBase.java:183)
	at org.apache.catalina.core.ContainerBase$StartChild.call(ContainerBase.java:1432)
	at org.apache.catalina.core.ContainerBase$StartChild.call(ContainerBase.java:1422)
	at java.util.concurrent.FutureTask.run(FutureTask.java:266)
	at org.apache.tomcat.util.threads.InlineExecutorService.execute(InlineExecutorService.java:75)
	at java.util.concurrent.AbstractExecutorService.submit(AbstractExecutorService.java:134)
	at org.apache.catalina.core.ContainerBase.startInternal(ContainerBase.java:944)
	at org.apache.catalina.core.StandardEngine.startInternal(StandardEngine.java:261)
	at org.apache.catalina.util.LifecycleBase.start(LifecycleBase.java:183)
	at org.apache.catalina.core.StandardService.startInternal(StandardService.java:422)
	at org.apache.catalina.util.LifecycleBase.start(LifecycleBase.java:183)
	at org.apache.catalina.core.StandardServer.startInternal(StandardServer.java:801)
	at org.apache.catalina.util.LifecycleBase.start(LifecycleBase.java:183)
	at org.apache.catalina.startup.Tomcat.start(Tomcat.java:372)
	at org.springframework.boot.web.embedded.tomcat.TomcatWebServer.initialize(TomcatWebServer.java:106)
	at org.springframework.boot.web.embedded.tomcat.TomcatWebServer.<init>(TomcatWebServer.java:86)
	at org.springframework.boot.web.embedded.tomcat.TomcatServletWebServerFactory.getTomcatWebServer(TomcatServletWebServerFactory.java:414)
	at org.springframework.boot.web.embedded.tomcat.TomcatServletWebServerFactory.getWebServer(TomcatServletWebServerFactory.java:174)
	at org.springframework.boot.web.servlet.context.ServletWebServerApplicationContext.createWebServer(ServletWebServerApplicationContext.java:181)
	at org.springframework.boot.web.servlet.context.ServletWebServerApplicationContext.onRefresh(ServletWebServerApplicationContext.java:154)
	at org.springframework.context.support.AbstractApplicationContext.refresh(AbstractApplicationContext.java:540)
	at org.springframework.boot.web.servlet.context.ServletWebServerApplicationContext.refresh(ServletWebServerApplicationContext.java:142)
	at org.springframework.boot.SpringApplication.refresh(SpringApplication.java:775)
	at org.springframework.boot.SpringApplication.refreshContext(SpringApplication.java:397)
	at org.springframework.boot.SpringApplication.run(SpringApplication.java:316)
	at org.springframework.boot.SpringApplication.run(SpringApplication.java:1260)
	at org.springframework.boot.SpringApplication.run(SpringApplication.java:1248)
	at com.fuyaogroup.eam.EamApplication.main(EamApplication.java:27)
2020-06-09 10:37:21 -Failed to scan [file:/C:/Users/gnb781/.m2/repository/xalan/xalan/2.6.0/xml-apis.jar] from classloader hierarchy
java.io.FileNotFoundException: C:\Users\gnb781\.m2\repository\xalan\xalan\2.6.0\xml-apis.jar (系统找不到指定的文件。)
	at java.util.zip.ZipFile.open(Native Method)
	at java.util.zip.ZipFile.<init>(ZipFile.java:225)
	at java.util.zip.ZipFile.<init>(ZipFile.java:155)
	at java.util.jar.JarFile.<init>(JarFile.java:166)
	at java.util.jar.JarFile.<init>(JarFile.java:130)
	at org.apache.tomcat.util.compat.JreCompat.jarFileNewInstance(JreCompat.java:164)
	at org.apache.tomcat.util.scan.JarFileUrlJar.<init>(JarFileUrlJar.java:65)
	at org.apache.tomcat.util.scan.JarFactory.newInstance(JarFactory.java:49)
	at org.apache.tomcat.util.scan.StandardJarScanner.process(StandardJarScanner.java:374)
	at org.apache.tomcat.util.scan.StandardJarScanner.processURLs(StandardJarScanner.java:309)
	at org.apache.tomcat.util.scan.StandardJarScanner.doScanClassPath(StandardJarScanner.java:266)
	at org.apache.tomcat.util.scan.StandardJarScanner.scan(StandardJarScanner.java:229)
	at org.apache.jasper.servlet.TldScanner.scanJars(TldScanner.java:262)
	at org.apache.jasper.servlet.TldScanner.scan(TldScanner.java:104)
	at org.apache.jasper.servlet.JasperInitializer.onStartup(JasperInitializer.java:83)
	at org.apache.catalina.core.StandardContext.startInternal(StandardContext.java:5098)
	at org.apache.catalina.util.LifecycleBase.start(LifecycleBase.java:183)
	at org.apache.catalina.core.ContainerBase$StartChild.call(ContainerBase.java:1432)
	at org.apache.catalina.core.ContainerBase$StartChild.call(ContainerBase.java:1422)
	at java.util.concurrent.FutureTask.run(FutureTask.java:266)
	at org.apache.tomcat.util.threads.InlineExecutorService.execute(InlineExecutorService.java:75)
	at java.util.concurrent.AbstractExecutorService.submit(AbstractExecutorService.java:134)
	at org.apache.catalina.core.ContainerBase.startInternal(ContainerBase.java:944)
	at org.apache.catalina.core.StandardHost.startInternal(StandardHost.java:831)
	at org.apache.catalina.util.LifecycleBase.start(LifecycleBase.java:183)
	at org.apache.catalina.core.ContainerBase$StartChild.call(ContainerBase.java:1432)
	at org.apache.catalina.core.ContainerBase$StartChild.call(ContainerBase.java:1422)
	at java.util.concurrent.FutureTask.run(FutureTask.java:266)
	at org.apache.tomcat.util.threads.InlineExecutorService.execute(InlineExecutorService.java:75)
	at java.util.concurrent.AbstractExecutorService.submit(AbstractExecutorService.java:134)
	at org.apache.catalina.core.ContainerBase.startInternal(ContainerBase.java:944)
	at org.apache.catalina.core.StandardEngine.startInternal(StandardEngine.java:261)
	at org.apache.catalina.util.LifecycleBase.start(LifecycleBase.java:183)
	at org.apache.catalina.core.StandardService.startInternal(StandardService.java:422)
	at org.apache.catalina.util.LifecycleBase.start(LifecycleBase.java:183)
	at org.apache.catalina.core.StandardServer.startInternal(StandardServer.java:801)
	at org.apache.catalina.util.LifecycleBase.start(LifecycleBase.java:183)
	at org.apache.catalina.startup.Tomcat.start(Tomcat.java:372)
	at org.springframework.boot.web.embedded.tomcat.TomcatWebServer.initialize(TomcatWebServer.java:106)
	at org.springframework.boot.web.embedded.tomcat.TomcatWebServer.<init>(TomcatWebServer.java:86)
	at org.springframework.boot.web.embedded.tomcat.TomcatServletWebServerFactory.getTomcatWebServer(TomcatServletWebServerFactory.java:414)
	at org.springframework.boot.web.embedded.tomcat.TomcatServletWebServerFactory.getWebServer(TomcatServletWebServerFactory.java:174)
	at org.springframework.boot.web.servlet.context.ServletWebServerApplicationContext.createWebServer(ServletWebServerApplicationContext.java:181)
	at org.springframework.boot.web.servlet.context.ServletWebServerApplicationContext.onRefresh(ServletWebServerApplicationContext.java:154)
	at org.springframework.context.support.AbstractApplicationContext.refresh(AbstractApplicationContext.java:540)
	at org.springframework.boot.web.servlet.context.ServletWebServerApplicationContext.refresh(ServletWebServerApplicationContext.java:142)
	at org.springframework.boot.SpringApplication.refresh(SpringApplication.java:775)
	at org.springframework.boot.SpringApplication.refreshContext(SpringApplication.java:397)
	at org.springframework.boot.SpringApplication.run(SpringApplication.java:316)
	at org.springframework.boot.SpringApplication.run(SpringApplication.java:1260)
	at org.springframework.boot.SpringApplication.run(SpringApplication.java:1248)
	at com.fuyaogroup.eam.EamApplication.main(EamApplication.java:27)
2020-06-09 10:37:21 -At least one JAR was scanned for TLDs yet contained no TLDs. Enable debug logging for this logger for a complete list of JARs that were scanned but no TLDs were found in them. Skipping unneeded JARs during scanning can improve startup time and JSP compilation time.
2020-06-09 10:37:21 -Initializing Spring embedded WebApplicationContext
2020-06-09 10:37:21 -Root WebApplicationContext: initialization completed in 2313 ms
2020-06-09 10:37:21 -Servlet statViewServlet was not registered (possibly already registered?)
2020-06-09 10:37:21 -Filter webStatFilter was not registered (possibly already registered?)
2020-06-09 10:37:21 -oracle.jdbc.driver.OracleDriver is deprecated.Having use oracle.jdbc.OracleDriver.
2020-06-09 10:37:21 -oracle.jdbc.driver.OracleDriver is deprecated.Having use oracle.jdbc.OracleDriver.
2020-06-09 10:37:21 -Using default implementation for ThreadExecutor
2020-06-09 10:37:21 -Initialized Scheduler Signaller of type: class org.quartz.core.SchedulerSignalerImpl
2020-06-09 10:37:21 -Quartz Scheduler v.2.3.0 created.
2020-06-09 10:37:21 -RAMJobStore initialized.
2020-06-09 10:37:21 -Scheduler meta-data: Quartz Scheduler (v2.3.0) 'org.springframework.scheduling.quartz.SchedulerFactoryBean#0' with instanceId 'NON_CLUSTERED'
  Scheduler class: 'org.quartz.core.QuartzScheduler' - running locally.
  NOT STARTED.
  Currently in standby mode.
  Number of jobs executed: 0
  Using thread pool 'org.quartz.simpl.SimpleThreadPool' - with 10 threads.
  Using job-store 'org.quartz.simpl.RAMJobStore' - which does not support persistence. and is not clustered.

2020-06-09 10:37:21 -Quartz scheduler 'org.springframework.scheduling.quartz.SchedulerFactoryBean#0' initialized from an externally provided properties instance.
2020-06-09 10:37:21 -Quartz scheduler version: 2.3.0
2020-06-09 10:37:21 -JobFactory set to: org.springframework.scheduling.quartz.AdaptableJobFactory@114a5e0
2020-06-09 10:37:22 -Initializing ExecutorService 'applicationTaskExecutor'
2020-06-09 10:37:22 -Clear tk.mybatis.mapper.util.MsUtil CLASS_CACHE cache.
2020-06-09 10:37:22 -Clear tk.mybatis.mapper.genid.GenIdUtil CACHE cache.
2020-06-09 10:37:22 -Clear tk.mybatis.mapper.version.VersionUtil CACHE cache.
2020-06-09 10:37:22 -Clear EntityHelper entityTableMap cache.
2020-06-09 10:37:22 -Initializing ExecutorService 'taskScheduler'
2020-06-09 10:37:22 -Starting Quartz Scheduler now
2020-06-09 10:37:22 -Scheduler org.springframework.scheduling.quartz.SchedulerFactoryBean#0_$_NON_CLUSTERED started.
2020-06-09 10:37:23 -Loaded the Bouncy Castle security provider.
2020-06-09 10:37:23 -Using Persistence Adapter: MemoryPersistenceAdapter
2020-06-09 10:37:23 -JMX consoles can connect to service:jmx:rmi:///jndi/rmi://localhost:1099/jmxrmi
2020-06-09 10:37:23 -Apache ActiveMQ 5.15.8 (localhost, ID:gnb781-60926-1591670243062-0:1) is starting
2020-06-09 10:37:23 -Apache ActiveMQ 5.15.8 (localhost, ID:gnb781-60926-1591670243062-0:1) started
2020-06-09 10:37:23 -For help or more information please see: http://activemq.apache.org
2020-06-09 10:37:23 -Connector vm://localhost started
2020-06-09 10:37:23 -Starting ProtocolHandler ["http-nio-9001"]
2020-06-09 10:37:23 -try to connect mq :MQParameter[hostname=mq_esb.fuyaogroup.com,port=30099,ccsid=1208,channel=ESB.OUT.SVRCONN,qmanager=ESB_OUT,queue=QUEUE.RESPONSE.IN.MQ23]
2020-06-09 10:37:23 -Using a shared selector for servlet write/read
2020-06-09 10:37:23 -Tomcat started on port(s): 9001 (http) with context path '/eam'
2020-06-09 10:37:23 -Started EamApplication in 4.761 seconds (JVM running for 6.744)
2020-06-09 10:37:25 -com.ibm.mq.MQException: Completion Code 2, Reason 2059
com.ibm.mq.MQException: Completion Code 2, Reason 2059
	at com.ibm.mq.MQManagedConnectionJ11.<init>(MQManagedConnectionJ11.java:166)
	at com.ibm.mq.MQClientManagedConnectionFactoryJ11._createManagedConnection(MQClientManagedConnectionFactoryJ11.java:196)
	at com.ibm.mq.MQClientManagedConnectionFactoryJ11.createManagedConnection(MQClientManagedConnectionFactoryJ11.java:213)
	at com.ibm.mq.StoredManagedConnection.<init>(StoredManagedConnection.java:80)
	at com.ibm.mq.MQSimpleConnectionManager.allocateConnection(MQSimpleConnectionManager.java:150)
	at com.ibm.mq.MQQueueManager.obtainBaseMQQueueManager(MQQueueManager.java:649)
	at com.ibm.mq.MQQueueManager.construct(MQQueueManager.java:598)
	at com.ibm.mq.MQQueueManager.<init>(MQQueueManager.java:419)
	at com.soa.eis.adapter.framework.connection.mqc.MQQueueAccesser.connectMQ(MQQueueAccesser.java:804)
	at com.soa.eis.adapter.framework.connection.mqc.MQQueueAccesser.connectMQ(MQQueueAccesser.java:755)
	at com.soa.eis.adapter.framework.connection.mqc.MQConnection.initMQConnection(MQConnection.java:118)
	at com.soa.eis.adapter.framework.connection.mqcm.MQConnectionPoolFactory.makeObject(MQConnectionPoolFactory.java:24)
	at org.apache.commons.pool.impl.GenericObjectPool.borrowObject(Unknown Source)
	at com.soa.eis.adapter.framework.connection.mqcm.PoolableMQConnectionManager.getConnection(PoolableMQConnectionManager.java:56)
	at com.soa.eis.adapter.framework.provider.impl.BaseServiceProvider.process(BaseServiceProvider.java:62)
	at com.soa.eis.adapter.framework.provider.impl.AbstractServiceProvider.run(AbstractServiceProvider.java:209)
	at java.lang.Thread.run(Thread.java:748)
2020-06-09 10:37:30 -com.ibm.mq.MQException: Completion Code 2, Reason 2059
com.ibm.mq.MQException: Completion Code 2, Reason 2059
	at com.ibm.mq.MQManagedConnectionJ11.<init>(MQManagedConnectionJ11.java:166)
	at com.ibm.mq.MQClientManagedConnectionFactoryJ11._createManagedConnection(MQClientManagedConnectionFactoryJ11.java:196)
	at com.ibm.mq.MQClientManagedConnectionFactoryJ11.createManagedConnection(MQClientManagedConnectionFactoryJ11.java:213)
	at com.ibm.mq.StoredManagedConnection.<init>(StoredManagedConnection.java:80)
	at com.ibm.mq.MQSimpleConnectionManager.allocateConnection(MQSimpleConnectionManager.java:150)
	at com.ibm.mq.MQQueueManager.obtainBaseMQQueueManager(MQQueueManager.java:649)
	at com.ibm.mq.MQQueueManager.construct(MQQueueManager.java:598)
	at com.ibm.mq.MQQueueManager.<init>(MQQueueManager.java:419)
	at com.soa.eis.adapter.framework.connection.mqc.MQQueueAccesser.connectMQ(MQQueueAccesser.java:804)
	at com.soa.eis.adapter.framework.connection.mqc.MQQueueAccesser.connectMQ(MQQueueAccesser.java:755)
	at com.soa.eis.adapter.framework.connection.mqc.MQConnection.initMQConnection(MQConnection.java:118)
	at com.soa.eis.adapter.framework.connection.mqcm.MQConnectionPoolFactory.makeObject(MQConnectionPoolFactory.java:24)
	at org.apache.commons.pool.impl.GenericObjectPool.borrowObject(Unknown Source)
	at com.soa.eis.adapter.framework.connection.mqcm.PoolableMQConnectionManager.getConnection(PoolableMQConnectionManager.java:56)
	at com.soa.eis.adapter.framework.provider.impl.BaseServiceProvider.process(BaseServiceProvider.java:62)
	at com.soa.eis.adapter.framework.provider.impl.AbstractServiceProvider.run(AbstractServiceProvider.java:209)
	at java.lang.Thread.run(Thread.java:748)
2020-06-09 10:37:34 -Application shutdown requested.
2020-06-09 10:37:34 -Scheduler org.springframework.scheduling.quartz.SchedulerFactoryBean#0_$_NON_CLUSTERED paused.
2020-06-09 10:37:35 -Shutting down ExecutorService 'taskScheduler'
2020-06-09 10:37:35 -Shutting down ExecutorService 'applicationTaskExecutor'
2020-06-09 10:37:35 -Shutting down Quartz Scheduler
2020-06-09 10:37:35 -Scheduler org.springframework.scheduling.quartz.SchedulerFactoryBean#0_$_NON_CLUSTERED shutting down.
2020-06-09 10:37:35 -Scheduler org.springframework.scheduling.quartz.SchedulerFactoryBean#0_$_NON_CLUSTERED paused.
2020-06-09 10:37:35 -Scheduler org.springframework.scheduling.quartz.SchedulerFactoryBean#0_$_NON_CLUSTERED shutdown complete.
2020-06-09 10:37:35 -Connector vm://localhost stopped
2020-06-09 10:37:35 -Apache ActiveMQ 5.15.8 (localhost, ID:gnb781-60926-1591670243062-0:1) is shutting down
2020-06-09 10:37:35 -Apache ActiveMQ 5.15.8 (localhost, ID:gnb781-60926-1591670243062-0:1) uptime 12.298 seconds
2020-06-09 10:37:35 -Apache ActiveMQ 5.15.8 (localhost, ID:gnb781-60926-1591670243062-0:1) is shutdown
2020-06-09 10:37:35 -com.ibm.mq.MQException: Completion Code 2, Reason 2059
com.ibm.mq.MQException: Completion Code 2, Reason 2059
	at com.ibm.mq.MQManagedConnectionJ11.<init>(MQManagedConnectionJ11.java:166)
	at com.ibm.mq.MQClientManagedConnectionFactoryJ11._createManagedConnection(MQClientManagedConnectionFactoryJ11.java:196)
	at com.ibm.mq.MQClientManagedConnectionFactoryJ11.createManagedConnection(MQClientManagedConnectionFactoryJ11.java:213)
	at com.ibm.mq.StoredManagedConnection.<init>(StoredManagedConnection.java:80)
	at com.ibm.mq.MQSimpleConnectionManager.allocateConnection(MQSimpleConnectionManager.java:150)
	at com.ibm.mq.MQQueueManager.obtainBaseMQQueueManager(MQQueueManager.java:649)
	at com.ibm.mq.MQQueueManager.construct(MQQueueManager.java:598)
	at com.ibm.mq.MQQueueManager.<init>(MQQueueManager.java:419)
	at com.soa.eis.adapter.framework.connection.mqc.MQQueueAccesser.connectMQ(MQQueueAccesser.java:804)
	at com.soa.eis.adapter.framework.connection.mqc.MQQueueAccesser.connectMQ(MQQueueAccesser.java:755)
	at com.soa.eis.adapter.framework.connection.mqc.MQConnection.initMQConnection(MQConnection.java:118)
	at com.soa.eis.adapter.framework.connection.mqcm.MQConnectionPoolFactory.makeObject(MQConnectionPoolFactory.java:24)
	at org.apache.commons.pool.impl.GenericObjectPool.borrowObject(Unknown Source)
	at com.soa.eis.adapter.framework.connection.mqcm.PoolableMQConnectionManager.getConnection(PoolableMQConnectionManager.java:56)
	at com.soa.eis.adapter.framework.provider.impl.BaseServiceProvider.process(BaseServiceProvider.java:62)
	at com.soa.eis.adapter.framework.provider.impl.AbstractServiceProvider.run(AbstractServiceProvider.java:209)
	at java.lang.Thread.run(Thread.java:748)
2020-06-09 10:37:35 -不能连接到MQ Server :MQParameter[hostname=mq_esb.fuyaogroup.com,port=30099,ccsid=1208,channel=ESB.OUT.SVRCONN,qmanager=ESB_OUT,queue=QUEUE.RESPONSE.IN.MQ23]]，已经做了[3]次尝试！
2020-06-09 10:37:35 -MQ Client 初始化 Exception:
com.soa.eis.adapter.framework.exception.EisException: 不能连接到MQ Server :MQParameter[hostname=mq_esb.fuyaogroup.com,port=30099,ccsid=1208,channel=ESB.OUT.SVRCONN,qmanager=ESB_OUT,queue=QUEUE.RESPONSE.IN.MQ23]]
	at com.soa.eis.adapter.framework.connection.mqc.MQQueueAccesser.connectMQ(MQQueueAccesser.java:757)
	at com.soa.eis.adapter.framework.connection.mqc.MQConnection.initMQConnection(MQConnection.java:118)
	at com.soa.eis.adapter.framework.connection.mqcm.MQConnectionPoolFactory.makeObject(MQConnectionPoolFactory.java:24)
	at org.apache.commons.pool.impl.GenericObjectPool.borrowObject(Unknown Source)
	at com.soa.eis.adapter.framework.connection.mqcm.PoolableMQConnectionManager.getConnection(PoolableMQConnectionManager.java:56)
	at com.soa.eis.adapter.framework.provider.impl.BaseServiceProvider.process(BaseServiceProvider.java:62)
	at com.soa.eis.adapter.framework.provider.impl.AbstractServiceProvider.run(AbstractServiceProvider.java:209)
	at java.lang.Thread.run(Thread.java:748)
2020-06-09 10:37:35 -Fail to get connection.
java.lang.Exception: Failed to init connection.
	at com.soa.eis.adapter.framework.connection.mqcm.MQConnectionPoolFactory.makeObject(MQConnectionPoolFactory.java:26)
	at org.apache.commons.pool.impl.GenericObjectPool.borrowObject(Unknown Source)
	at com.soa.eis.adapter.framework.connection.mqcm.PoolableMQConnectionManager.getConnection(PoolableMQConnectionManager.java:56)
	at com.soa.eis.adapter.framework.provider.impl.BaseServiceProvider.process(BaseServiceProvider.java:62)
	at com.soa.eis.adapter.framework.provider.impl.AbstractServiceProvider.run(AbstractServiceProvider.java:209)
	at java.lang.Thread.run(Thread.java:748)
2020-06-09 10:37:35 -try to connect mq :MQParameter[hostname=mq_esb.fuyaogroup.com,port=30099,ccsid=1208,channel=ESB.OUT.SVRCONN,qmanager=ESB_OUT,queue=QUEUE.RESPONSE.IN.MQ23]
2020-06-09 10:37:35 -Error in Basescribe Service Requester:
com.soa.eis.adapter.framework.exception.EisException: Failed to init connection.
	at com.soa.eis.adapter.framework.connection.mqcm.PoolableMQConnectionManager.getConnection(PoolableMQConnectionManager.java:60)
	at com.soa.eis.adapter.framework.provider.impl.BaseServiceProvider.process(BaseServiceProvider.java:62)
	at com.soa.eis.adapter.framework.provider.impl.AbstractServiceProvider.run(AbstractServiceProvider.java:209)
	at java.lang.Thread.run(Thread.java:748)
2020-06-09 10:37:35 -Error in Service Provider:

com.soa.eis.adapter.framework.exception.EisException: Failed to init connection.
	at com.soa.eis.adapter.framework.connection.mqcm.PoolableMQConnectionManager.getConnection(PoolableMQConnectionManager.java:60)
	at com.soa.eis.adapter.framework.provider.impl.BaseServiceProvider.process(BaseServiceProvider.java:62)
	at com.soa.eis.adapter.framework.provider.impl.AbstractServiceProvider.run(AbstractServiceProvider.java:209)
	at java.lang.Thread.run(Thread.java:748)
2020-06-09 10:37:37 -com.ibm.mq.MQException: Completion Code 2, Reason 2059
com.ibm.mq.MQException: Completion Code 2, Reason 2059
	at com.ibm.mq.MQManagedConnectionJ11.<init>(MQManagedConnectionJ11.java:166)
	at com.ibm.mq.MQClientManagedConnectionFactoryJ11._createManagedConnection(MQClientManagedConnectionFactoryJ11.java:196)
	at com.ibm.mq.MQClientManagedConnectionFactoryJ11.createManagedConnection(MQClientManagedConnectionFactoryJ11.java:213)
	at com.ibm.mq.StoredManagedConnection.<init>(StoredManagedConnection.java:80)
	at com.ibm.mq.MQSimpleConnectionManager.allocateConnection(MQSimpleConnectionManager.java:150)
	at com.ibm.mq.MQQueueManager.obtainBaseMQQueueManager(MQQueueManager.java:649)
	at com.ibm.mq.MQQueueManager.construct(MQQueueManager.java:598)
	at com.ibm.mq.MQQueueManager.<init>(MQQueueManager.java:419)
	at com.soa.eis.adapter.framework.connection.mqc.MQQueueAccesser.connectMQ(MQQueueAccesser.java:804)
	at com.soa.eis.adapter.framework.connection.mqc.MQQueueAccesser.connectMQ(MQQueueAccesser.java:755)
	at com.soa.eis.adapter.framework.connection.mqc.MQConnection.initMQConnection(MQConnection.java:118)
	at com.soa.eis.adapter.framework.connection.mqcm.MQConnectionPoolFactory.makeObject(MQConnectionPoolFactory.java:24)
	at org.apache.commons.pool.impl.GenericObjectPool.borrowObject(Unknown Source)
	at com.soa.eis.adapter.framework.connection.mqcm.PoolableMQConnectionManager.getConnection(PoolableMQConnectionManager.java:56)
	at com.soa.eis.adapter.framework.provider.impl.BaseServiceProvider.process(BaseServiceProvider.java:62)
	at com.soa.eis.adapter.framework.provider.impl.AbstractServiceProvider.run(AbstractServiceProvider.java:209)
	at java.lang.Thread.run(Thread.java:748)
2020-06-09 10:37:42 -com.ibm.mq.MQException: Completion Code 2, Reason 2059
com.ibm.mq.MQException: Completion Code 2, Reason 2059
	at com.ibm.mq.MQManagedConnectionJ11.<init>(MQManagedConnectionJ11.java:166)
	at com.ibm.mq.MQClientManagedConnectionFactoryJ11._createManagedConnection(MQClientManagedConnectionFactoryJ11.java:196)
	at com.ibm.mq.MQClientManagedConnectionFactoryJ11.createManagedConnection(MQClientManagedConnectionFactoryJ11.java:213)
	at com.ibm.mq.StoredManagedConnection.<init>(StoredManagedConnection.java:80)
	at com.ibm.mq.MQSimpleConnectionManager.allocateConnection(MQSimpleConnectionManager.java:150)
	at com.ibm.mq.MQQueueManager.obtainBaseMQQueueManager(MQQueueManager.java:649)
	at com.ibm.mq.MQQueueManager.construct(MQQueueManager.java:598)
	at com.ibm.mq.MQQueueManager.<init>(MQQueueManager.java:419)
	at com.soa.eis.adapter.framework.connection.mqc.MQQueueAccesser.connectMQ(MQQueueAccesser.java:804)
	at com.soa.eis.adapter.framework.connection.mqc.MQQueueAccesser.connectMQ(MQQueueAccesser.java:755)
	at com.soa.eis.adapter.framework.connection.mqc.MQConnection.initMQConnection(MQConnection.java:118)
	at com.soa.eis.adapter.framework.connection.mqcm.MQConnectionPoolFactory.makeObject(MQConnectionPoolFactory.java:24)
	at org.apache.commons.pool.impl.GenericObjectPool.borrowObject(Unknown Source)
	at com.soa.eis.adapter.framework.connection.mqcm.PoolableMQConnectionManager.getConnection(PoolableMQConnectionManager.java:56)
	at com.soa.eis.adapter.framework.provider.impl.BaseServiceProvider.process(BaseServiceProvider.java:62)
	at com.soa.eis.adapter.framework.provider.impl.AbstractServiceProvider.run(AbstractServiceProvider.java:209)
	at java.lang.Thread.run(Thread.java:748)
2020-06-09 10:37:47 -com.ibm.mq.MQException: Completion Code 2, Reason 2059
com.ibm.mq.MQException: Completion Code 2, Reason 2059
	at com.ibm.mq.MQManagedConnectionJ11.<init>(MQManagedConnectionJ11.java:166)
	at com.ibm.mq.MQClientManagedConnectionFactoryJ11._createManagedConnection(MQClientManagedConnectionFactoryJ11.java:196)
	at com.ibm.mq.MQClientManagedConnectionFactoryJ11.createManagedConnection(MQClientManagedConnectionFactoryJ11.java:213)
	at com.ibm.mq.StoredManagedConnection.<init>(StoredManagedConnection.java:80)
	at com.ibm.mq.MQSimpleConnectionManager.allocateConnection(MQSimpleConnectionManager.java:150)
	at com.ibm.mq.MQQueueManager.obtainBaseMQQueueManager(MQQueueManager.java:649)
	at com.ibm.mq.MQQueueManager.construct(MQQueueManager.java:598)
	at com.ibm.mq.MQQueueManager.<init>(MQQueueManager.java:419)
	at com.soa.eis.adapter.framework.connection.mqc.MQQueueAccesser.connectMQ(MQQueueAccesser.java:804)
	at com.soa.eis.adapter.framework.connection.mqc.MQQueueAccesser.connectMQ(MQQueueAccesser.java:755)
	at com.soa.eis.adapter.framework.connection.mqc.MQConnection.initMQConnection(MQConnection.java:118)
	at com.soa.eis.adapter.framework.connection.mqcm.MQConnectionPoolFactory.makeObject(MQConnectionPoolFactory.java:24)
	at org.apache.commons.pool.impl.GenericObjectPool.borrowObject(Unknown Source)
	at com.soa.eis.adapter.framework.connection.mqcm.PoolableMQConnectionManager.getConnection(PoolableMQConnectionManager.java:56)
	at com.soa.eis.adapter.framework.provider.impl.BaseServiceProvider.process(BaseServiceProvider.java:62)
	at com.soa.eis.adapter.framework.provider.impl.AbstractServiceProvider.run(AbstractServiceProvider.java:209)
	at java.lang.Thread.run(Thread.java:748)
2020-06-09 10:37:47 -不能连接到MQ Server :MQParameter[hostname=mq_esb.fuyaogroup.com,port=30099,ccsid=1208,channel=ESB.OUT.SVRCONN,qmanager=ESB_OUT,queue=QUEUE.RESPONSE.IN.MQ23]]，已经做了[3]次尝试！
2020-06-09 10:37:47 -MQ Client 初始化 Exception:
com.soa.eis.adapter.framework.exception.EisException: 不能连接到MQ Server :MQParameter[hostname=mq_esb.fuyaogroup.com,port=30099,ccsid=1208,channel=ESB.OUT.SVRCONN,qmanager=ESB_OUT,queue=QUEUE.RESPONSE.IN.MQ23]]
	at com.soa.eis.adapter.framework.connection.mqc.MQQueueAccesser.connectMQ(MQQueueAccesser.java:757)
	at com.soa.eis.adapter.framework.connection.mqc.MQConnection.initMQConnection(MQConnection.java:118)
	at com.soa.eis.adapter.framework.connection.mqcm.MQConnectionPoolFactory.makeObject(MQConnectionPoolFactory.java:24)
	at org.apache.commons.pool.impl.GenericObjectPool.borrowObject(Unknown Source)
	at com.soa.eis.adapter.framework.connection.mqcm.PoolableMQConnectionManager.getConnection(PoolableMQConnectionManager.java:56)
	at com.soa.eis.adapter.framework.provider.impl.BaseServiceProvider.process(BaseServiceProvider.java:62)
	at com.soa.eis.adapter.framework.provider.impl.AbstractServiceProvider.run(AbstractServiceProvider.java:209)
	at java.lang.Thread.run(Thread.java:748)
2020-06-09 10:37:47 -Fail to get connection.
java.lang.Exception: Failed to init connection.
	at com.soa.eis.adapter.framework.connection.mqcm.MQConnectionPoolFactory.makeObject(MQConnectionPoolFactory.java:26)
	at org.apache.commons.pool.impl.GenericObjectPool.borrowObject(Unknown Source)
	at com.soa.eis.adapter.framework.connection.mqcm.PoolableMQConnectionManager.getConnection(PoolableMQConnectionManager.java:56)
	at com.soa.eis.adapter.framework.provider.impl.BaseServiceProvider.process(BaseServiceProvider.java:62)
	at com.soa.eis.adapter.framework.provider.impl.AbstractServiceProvider.run(AbstractServiceProvider.java:209)
	at java.lang.Thread.run(Thread.java:748)
2020-06-09 10:37:47 -try to connect mq :MQParameter[hostname=mq_esb.fuyaogroup.com,port=30099,ccsid=1208,channel=ESB.OUT.SVRCONN,qmanager=ESB_OUT,queue=QUEUE.RESPONSE.IN.MQ23]
2020-06-09 10:37:47 -Error in Basescribe Service Requester:
com.soa.eis.adapter.framework.exception.EisException: Failed to init connection.
	at com.soa.eis.adapter.framework.connection.mqcm.PoolableMQConnectionManager.getConnection(PoolableMQConnectionManager.java:60)
	at com.soa.eis.adapter.framework.provider.impl.BaseServiceProvider.process(BaseServiceProvider.java:62)
	at com.soa.eis.adapter.framework.provider.impl.AbstractServiceProvider.run(AbstractServiceProvider.java:209)
	at java.lang.Thread.run(Thread.java:748)
2020-06-09 10:37:47 -Error in Service Provider:

com.soa.eis.adapter.framework.exception.EisException: Failed to init connection.
	at com.soa.eis.adapter.framework.connection.mqcm.PoolableMQConnectionManager.getConnection(PoolableMQConnectionManager.java:60)
	at com.soa.eis.adapter.framework.provider.impl.BaseServiceProvider.process(BaseServiceProvider.java:62)
	at com.soa.eis.adapter.framework.provider.impl.AbstractServiceProvider.run(AbstractServiceProvider.java:209)
	at java.lang.Thread.run(Thread.java:748)
2020-06-09 10:37:49 -com.ibm.mq.MQException: Completion Code 2, Reason 2059
com.ibm.mq.MQException: Completion Code 2, Reason 2059
	at com.ibm.mq.MQManagedConnectionJ11.<init>(MQManagedConnectionJ11.java:166)
	at com.ibm.mq.MQClientManagedConnectionFactoryJ11._createManagedConnection(MQClientManagedConnectionFactoryJ11.java:196)
	at com.ibm.mq.MQClientManagedConnectionFactoryJ11.createManagedConnection(MQClientManagedConnectionFactoryJ11.java:213)
	at com.ibm.mq.StoredManagedConnection.<init>(StoredManagedConnection.java:80)
	at com.ibm.mq.MQSimpleConnectionManager.allocateConnection(MQSimpleConnectionManager.java:150)
	at com.ibm.mq.MQQueueManager.obtainBaseMQQueueManager(MQQueueManager.java:649)
	at com.ibm.mq.MQQueueManager.construct(MQQueueManager.java:598)
	at com.ibm.mq.MQQueueManager.<init>(MQQueueManager.java:419)
	at com.soa.eis.adapter.framework.connection.mqc.MQQueueAccesser.connectMQ(MQQueueAccesser.java:804)
	at com.soa.eis.adapter.framework.connection.mqc.MQQueueAccesser.connectMQ(MQQueueAccesser.java:755)
	at com.soa.eis.adapter.framework.connection.mqc.MQConnection.initMQConnection(MQConnection.java:118)
	at com.soa.eis.adapter.framework.connection.mqcm.MQConnectionPoolFactory.makeObject(MQConnectionPoolFactory.java:24)
	at org.apache.commons.pool.impl.GenericObjectPool.borrowObject(Unknown Source)
	at com.soa.eis.adapter.framework.connection.mqcm.PoolableMQConnectionManager.getConnection(PoolableMQConnectionManager.java:56)
	at com.soa.eis.adapter.framework.provider.impl.BaseServiceProvider.process(BaseServiceProvider.java:62)
	at com.soa.eis.adapter.framework.provider.impl.AbstractServiceProvider.run(AbstractServiceProvider.java:209)
	at java.lang.Thread.run(Thread.java:748)
2020-06-09 10:38:09 -Starting EamApplication on gnb781 with PID 29240 (D:\FYEAM-CODE\EAMCODE\target\classes started by gnb781 in D:\FYEAM-CODE\EAMCODE)
2020-06-09 10:38:09 -The following profiles are active: prod
2020-06-09 10:38:10 -Skipping MapperFactoryBean with name 'andonAssetMapper' and 'com.fuyaogroup.eam.modules.fusion.dao.AndonAssetMapper' mapperInterface. Bean already defined with the same name!
2020-06-09 10:38:10 -Skipping MapperFactoryBean with name 'assetBorrowMapper' and 'com.fuyaogroup.eam.modules.fusion.dao.AssetBorrowMapper' mapperInterface. Bean already defined with the same name!
2020-06-09 10:38:10 -Skipping MapperFactoryBean with name 'assetMapper' and 'com.fuyaogroup.eam.modules.fusion.dao.AssetMapper' mapperInterface. Bean already defined with the same name!
2020-06-09 10:38:10 -Skipping MapperFactoryBean with name 'assetScrapMapper' and 'com.fuyaogroup.eam.modules.fusion.dao.AssetScrapMapper' mapperInterface. Bean already defined with the same name!
2020-06-09 10:38:10 -Skipping MapperFactoryBean with name 'assetTransferMapper' and 'com.fuyaogroup.eam.modules.fusion.dao.AssetTransferMapper' mapperInterface. Bean already defined with the same name!
2020-06-09 10:38:10 -Skipping MapperFactoryBean with name 'assetrPdBatMapper' and 'com.fuyaogroup.eam.modules.fusion.dao.AssetrPdBatMapper' mapperInterface. Bean already defined with the same name!
2020-06-09 10:38:10 -Skipping MapperFactoryBean with name 'assetrPdMapper' and 'com.fuyaogroup.eam.modules.fusion.dao.AssetrPdMapper' mapperInterface. Bean already defined with the same name!
2020-06-09 10:38:10 -Skipping MapperFactoryBean with name 'configMapper' and 'com.fuyaogroup.eam.modules.fusion.dao.ConfigMapper' mapperInterface. Bean already defined with the same name!
2020-06-09 10:38:10 -Skipping MapperFactoryBean with name 'repairRecordMapper' and 'com.fuyaogroup.eam.modules.fusion.dao.RepairRecordMapper' mapperInterface. Bean already defined with the same name!
2020-06-09 10:38:10 -Skipping MapperFactoryBean with name 'workOrderMapper' and 'com.fuyaogroup.eam.modules.fusion.dao.WorkOrderMapper' mapperInterface. Bean already defined with the same name!
2020-06-09 10:38:10 -Skipping MapperFactoryBean with name 'andonHisMapper' and 'com.fuyaogroup.eam.modules.mes.dao.AndonHisMapper' mapperInterface. Bean already defined with the same name!
2020-06-09 10:38:10 -Skipping MapperFactoryBean with name 'andonHisTempMapper' and 'com.fuyaogroup.eam.modules.mes.dao.AndonHisTempMapper' mapperInterface. Bean already defined with the same name!
2020-06-09 10:38:10 -Skipping MapperFactoryBean with name 'repairBillMapper' and 'com.fuyaogroup.eam.modules.mes.dao.RepairBillMapper' mapperInterface. Bean already defined with the same name!
2020-06-09 10:38:10 -No MyBatis mapper was found in '[com.fuyaogroup.eam.modules.*.dao]' package. Please check your configuration.
2020-06-09 10:38:11 -Multiple Spring Data modules found, entering strict repository configuration mode!
2020-06-09 10:38:11 -Bootstrapping Spring Data repositories in DEFAULT mode.
2020-06-09 10:38:11 -Finished Spring Data repository scanning in 52ms. Found 0 repository interfaces.
2020-06-09 10:38:12 -Bean 'org.springframework.ws.config.annotation.DelegatingWsConfiguration' of type [org.springframework.ws.config.annotation.DelegatingWsConfiguration$$EnhancerBySpringCGLIB$$46d6e13e] is not eligible for getting processed by all BeanPostProcessors (for example: not eligible for auto-proxying)
2020-06-09 10:38:12 -Supporting [WS-Addressing August 2004, WS-Addressing 1.0]
2020-06-09 10:38:14 -Tomcat initialized with port(s): 9001 (http)
2020-06-09 10:38:14 -Initializing ProtocolHandler ["http-nio-9001"]
2020-06-09 10:38:14 -Starting service [Tomcat]
2020-06-09 10:38:14 -Starting Servlet Engine: Apache Tomcat/9.0.13
2020-06-09 10:38:14 -The APR based Apache Tomcat Native library which allows optimal performance in production environments was not found on the java.library.path: [C:\Program Files\Java\jdk1.8.0_221\bin;C:\WINDOWS\Sun\Java\bin;C:\WINDOWS\system32;C:\WINDOWS;C:\Program Files\Java\jdk1.8.0_221\jre\bin;C:/Program Files/Java/jre1.8.0_221/bin/server;C:/Program Files/Java/jre1.8.0_221/bin;C:/Program Files/Java/jre1.8.0_221/lib/amd64;C:\Program Files (x86)\Common Files\Oracle\Java\javapath;C:\Program Files\Microsoft MPI\Bin\;C:\ProgramData\Oracle\Java\javapath;C:\Windows\system32;C:\Windows;C:\Windows\System32\Wbem;C:\Windows\System32\WindowsPowerShell\v1.0\;C:\Program Files (x86)\NVIDIA Corporation\PhysX\Common;C:\Python27;C:\Program Files (x86)\Java\jdk1.8.0_181\bin;C:\Program Files (x86)\Java\jdk1.8.0_181\jre\bin;C:\WINDOWS\system32;C:\WINDOWS;C:\WINDOWS\System32\Wbem;C:\WINDOWS\System32\WindowsPowerShell\v1.0\;C:\WINDOWS\System32\OpenSSH\;C:\Program Files\MySQL\MySQL Utilities 1.6\;C:\Program Files\VisualSVN Server\bin;C:\Program Files\TortoiseSVN\bin;E:\sshing\Git\cmd;C:\Program Files\TortoiseGit\bin;D:\Program Files\;C:\Users\gnb781\AppData\Roaming\npm;D:\Program Files\nodejs\node_global;C:\Users\gnb781\AppData\Local\Microsoft\WindowsApps;;E:\Microsoft VS Code\bin;C:\Users\gnb781\AppData\Roaming\npm;E:\DriverGenius;E:\DriverGenius\ksoft;C:\Users\gnb781\Desktop;;.]
2020-06-09 10:38:15 -Failed to scan [file:/C:/Users/gnb781/.m2/repository/xalan/xalan/2.6.0/xercesImpl.jar] from classloader hierarchy
java.io.FileNotFoundException: C:\Users\gnb781\.m2\repository\xalan\xalan\2.6.0\xercesImpl.jar (系统找不到指定的文件。)
	at java.util.zip.ZipFile.open(Native Method)
	at java.util.zip.ZipFile.<init>(ZipFile.java:225)
	at java.util.zip.ZipFile.<init>(ZipFile.java:155)
	at java.util.jar.JarFile.<init>(JarFile.java:166)
	at java.util.jar.JarFile.<init>(JarFile.java:130)
	at org.apache.tomcat.util.compat.JreCompat.jarFileNewInstance(JreCompat.java:164)
	at org.apache.tomcat.util.scan.JarFileUrlJar.<init>(JarFileUrlJar.java:65)
	at org.apache.tomcat.util.scan.JarFactory.newInstance(JarFactory.java:49)
	at org.apache.tomcat.util.scan.StandardJarScanner.process(StandardJarScanner.java:374)
	at org.apache.tomcat.util.scan.StandardJarScanner.processURLs(StandardJarScanner.java:309)
	at org.apache.tomcat.util.scan.StandardJarScanner.doScanClassPath(StandardJarScanner.java:266)
	at org.apache.tomcat.util.scan.StandardJarScanner.scan(StandardJarScanner.java:229)
	at org.apache.jasper.servlet.TldScanner.scanJars(TldScanner.java:262)
	at org.apache.jasper.servlet.TldScanner.scan(TldScanner.java:104)
	at org.apache.jasper.servlet.JasperInitializer.onStartup(JasperInitializer.java:83)
	at org.apache.catalina.core.StandardContext.startInternal(StandardContext.java:5098)
	at org.apache.catalina.util.LifecycleBase.start(LifecycleBase.java:183)
	at org.apache.catalina.core.ContainerBase$StartChild.call(ContainerBase.java:1432)
	at org.apache.catalina.core.ContainerBase$StartChild.call(ContainerBase.java:1422)
	at java.util.concurrent.FutureTask.run(FutureTask.java:266)
	at org.apache.tomcat.util.threads.InlineExecutorService.execute(InlineExecutorService.java:75)
	at java.util.concurrent.AbstractExecutorService.submit(AbstractExecutorService.java:134)
	at org.apache.catalina.core.ContainerBase.startInternal(ContainerBase.java:944)
	at org.apache.catalina.core.StandardHost.startInternal(StandardHost.java:831)
	at org.apache.catalina.util.LifecycleBase.start(LifecycleBase.java:183)
	at org.apache.catalina.core.ContainerBase$StartChild.call(ContainerBase.java:1432)
	at org.apache.catalina.core.ContainerBase$StartChild.call(ContainerBase.java:1422)
	at java.util.concurrent.FutureTask.run(FutureTask.java:266)
	at org.apache.tomcat.util.threads.InlineExecutorService.execute(InlineExecutorService.java:75)
	at java.util.concurrent.AbstractExecutorService.submit(AbstractExecutorService.java:134)
	at org.apache.catalina.core.ContainerBase.startInternal(ContainerBase.java:944)
	at org.apache.catalina.core.StandardEngine.startInternal(StandardEngine.java:261)
	at org.apache.catalina.util.LifecycleBase.start(LifecycleBase.java:183)
	at org.apache.catalina.core.StandardService.startInternal(StandardService.java:422)
	at org.apache.catalina.util.LifecycleBase.start(LifecycleBase.java:183)
	at org.apache.catalina.core.StandardServer.startInternal(StandardServer.java:801)
	at org.apache.catalina.util.LifecycleBase.start(LifecycleBase.java:183)
	at org.apache.catalina.startup.Tomcat.start(Tomcat.java:372)
	at org.springframework.boot.web.embedded.tomcat.TomcatWebServer.initialize(TomcatWebServer.java:106)
	at org.springframework.boot.web.embedded.tomcat.TomcatWebServer.<init>(TomcatWebServer.java:86)
	at org.springframework.boot.web.embedded.tomcat.TomcatServletWebServerFactory.getTomcatWebServer(TomcatServletWebServerFactory.java:414)
	at org.springframework.boot.web.embedded.tomcat.TomcatServletWebServerFactory.getWebServer(TomcatServletWebServerFactory.java:174)
	at org.springframework.boot.web.servlet.context.ServletWebServerApplicationContext.createWebServer(ServletWebServerApplicationContext.java:181)
	at org.springframework.boot.web.servlet.context.ServletWebServerApplicationContext.onRefresh(ServletWebServerApplicationContext.java:154)
	at org.springframework.context.support.AbstractApplicationContext.refresh(AbstractApplicationContext.java:540)
	at org.springframework.boot.web.servlet.context.ServletWebServerApplicationContext.refresh(ServletWebServerApplicationContext.java:142)
	at org.springframework.boot.SpringApplication.refresh(SpringApplication.java:775)
	at org.springframework.boot.SpringApplication.refreshContext(SpringApplication.java:397)
	at org.springframework.boot.SpringApplication.run(SpringApplication.java:316)
	at org.springframework.boot.SpringApplication.run(SpringApplication.java:1260)
	at org.springframework.boot.SpringApplication.run(SpringApplication.java:1248)
	at com.fuyaogroup.eam.EamApplication.main(EamApplication.java:27)
2020-06-09 10:38:15 -Failed to scan [file:/C:/Users/gnb781/.m2/repository/xalan/xalan/2.6.0/xml-apis.jar] from classloader hierarchy
java.io.FileNotFoundException: C:\Users\gnb781\.m2\repository\xalan\xalan\2.6.0\xml-apis.jar (系统找不到指定的文件。)
	at java.util.zip.ZipFile.open(Native Method)
	at java.util.zip.ZipFile.<init>(ZipFile.java:225)
	at java.util.zip.ZipFile.<init>(ZipFile.java:155)
	at java.util.jar.JarFile.<init>(JarFile.java:166)
	at java.util.jar.JarFile.<init>(JarFile.java:130)
	at org.apache.tomcat.util.compat.JreCompat.jarFileNewInstance(JreCompat.java:164)
	at org.apache.tomcat.util.scan.JarFileUrlJar.<init>(JarFileUrlJar.java:65)
	at org.apache.tomcat.util.scan.JarFactory.newInstance(JarFactory.java:49)
	at org.apache.tomcat.util.scan.StandardJarScanner.process(StandardJarScanner.java:374)
	at org.apache.tomcat.util.scan.StandardJarScanner.processURLs(StandardJarScanner.java:309)
	at org.apache.tomcat.util.scan.StandardJarScanner.doScanClassPath(StandardJarScanner.java:266)
	at org.apache.tomcat.util.scan.StandardJarScanner.scan(StandardJarScanner.java:229)
	at org.apache.jasper.servlet.TldScanner.scanJars(TldScanner.java:262)
	at org.apache.jasper.servlet.TldScanner.scan(TldScanner.java:104)
	at org.apache.jasper.servlet.JasperInitializer.onStartup(JasperInitializer.java:83)
	at org.apache.catalina.core.StandardContext.startInternal(StandardContext.java:5098)
	at org.apache.catalina.util.LifecycleBase.start(LifecycleBase.java:183)
	at org.apache.catalina.core.ContainerBase$StartChild.call(ContainerBase.java:1432)
	at org.apache.catalina.core.ContainerBase$StartChild.call(ContainerBase.java:1422)
	at java.util.concurrent.FutureTask.run(FutureTask.java:266)
	at org.apache.tomcat.util.threads.InlineExecutorService.execute(InlineExecutorService.java:75)
	at java.util.concurrent.AbstractExecutorService.submit(AbstractExecutorService.java:134)
	at org.apache.catalina.core.ContainerBase.startInternal(ContainerBase.java:944)
	at org.apache.catalina.core.StandardHost.startInternal(StandardHost.java:831)
	at org.apache.catalina.util.LifecycleBase.start(LifecycleBase.java:183)
	at org.apache.catalina.core.ContainerBase$StartChild.call(ContainerBase.java:1432)
	at org.apache.catalina.core.ContainerBase$StartChild.call(ContainerBase.java:1422)
	at java.util.concurrent.FutureTask.run(FutureTask.java:266)
	at org.apache.tomcat.util.threads.InlineExecutorService.execute(InlineExecutorService.java:75)
	at java.util.concurrent.AbstractExecutorService.submit(AbstractExecutorService.java:134)
	at org.apache.catalina.core.ContainerBase.startInternal(ContainerBase.java:944)
	at org.apache.catalina.core.StandardEngine.startInternal(StandardEngine.java:261)
	at org.apache.catalina.util.LifecycleBase.start(LifecycleBase.java:183)
	at org.apache.catalina.core.StandardService.startInternal(StandardService.java:422)
	at org.apache.catalina.util.LifecycleBase.start(LifecycleBase.java:183)
	at org.apache.catalina.core.StandardServer.startInternal(StandardServer.java:801)
	at org.apache.catalina.util.LifecycleBase.start(LifecycleBase.java:183)
	at org.apache.catalina.startup.Tomcat.start(Tomcat.java:372)
	at org.springframework.boot.web.embedded.tomcat.TomcatWebServer.initialize(TomcatWebServer.java:106)
	at org.springframework.boot.web.embedded.tomcat.TomcatWebServer.<init>(TomcatWebServer.java:86)
	at org.springframework.boot.web.embedded.tomcat.TomcatServletWebServerFactory.getTomcatWebServer(TomcatServletWebServerFactory.java:414)
	at org.springframework.boot.web.embedded.tomcat.TomcatServletWebServerFactory.getWebServer(TomcatServletWebServerFactory.java:174)
	at org.springframework.boot.web.servlet.context.ServletWebServerApplicationContext.createWebServer(ServletWebServerApplicationContext.java:181)
	at org.springframework.boot.web.servlet.context.ServletWebServerApplicationContext.onRefresh(ServletWebServerApplicationContext.java:154)
	at org.springframework.context.support.AbstractApplicationContext.refresh(AbstractApplicationContext.java:540)
	at org.springframework.boot.web.servlet.context.ServletWebServerApplicationContext.refresh(ServletWebServerApplicationContext.java:142)
	at org.springframework.boot.SpringApplication.refresh(SpringApplication.java:775)
	at org.springframework.boot.SpringApplication.refreshContext(SpringApplication.java:397)
	at org.springframework.boot.SpringApplication.run(SpringApplication.java:316)
	at org.springframework.boot.SpringApplication.run(SpringApplication.java:1260)
	at org.springframework.boot.SpringApplication.run(SpringApplication.java:1248)
	at com.fuyaogroup.eam.EamApplication.main(EamApplication.java:27)
2020-06-09 10:38:15 -At least one JAR was scanned for TLDs yet contained no TLDs. Enable debug logging for this logger for a complete list of JARs that were scanned but no TLDs were found in them. Skipping unneeded JARs during scanning can improve startup time and JSP compilation time.
2020-06-09 10:38:15 -Initializing Spring embedded WebApplicationContext
2020-06-09 10:38:15 -Root WebApplicationContext: initialization completed in 5734 ms
2020-06-09 10:38:15 -Servlet statViewServlet was not registered (possibly already registered?)
2020-06-09 10:38:15 -Filter webStatFilter was not registered (possibly already registered?)
2020-06-09 10:38:16 -oracle.jdbc.driver.OracleDriver is deprecated.Having use oracle.jdbc.OracleDriver.
2020-06-09 10:38:16 -oracle.jdbc.driver.OracleDriver is deprecated.Having use oracle.jdbc.OracleDriver.
2020-06-09 10:38:16 -Using default implementation for ThreadExecutor
2020-06-09 10:38:17 -Initialized Scheduler Signaller of type: class org.quartz.core.SchedulerSignalerImpl
2020-06-09 10:38:17 -Quartz Scheduler v.2.3.0 created.
2020-06-09 10:38:17 -RAMJobStore initialized.
2020-06-09 10:38:17 -Scheduler meta-data: Quartz Scheduler (v2.3.0) 'org.springframework.scheduling.quartz.SchedulerFactoryBean#0' with instanceId 'NON_CLUSTERED'
  Scheduler class: 'org.quartz.core.QuartzScheduler' - running locally.
  NOT STARTED.
  Currently in standby mode.
  Number of jobs executed: 0
  Using thread pool 'org.quartz.simpl.SimpleThreadPool' - with 10 threads.
  Using job-store 'org.quartz.simpl.RAMJobStore' - which does not support persistence. and is not clustered.

2020-06-09 10:38:17 -Quartz scheduler 'org.springframework.scheduling.quartz.SchedulerFactoryBean#0' initialized from an externally provided properties instance.
2020-06-09 10:38:17 -Quartz scheduler version: 2.3.0
2020-06-09 10:38:17 -JobFactory set to: org.springframework.scheduling.quartz.AdaptableJobFactory@2676d96a
2020-06-09 10:38:17 -Initializing ExecutorService 'applicationTaskExecutor'
2020-06-09 10:38:17 -Clear tk.mybatis.mapper.util.MsUtil CLASS_CACHE cache.
2020-06-09 10:38:17 -Clear tk.mybatis.mapper.genid.GenIdUtil CACHE cache.
2020-06-09 10:38:17 -Clear tk.mybatis.mapper.version.VersionUtil CACHE cache.
2020-06-09 10:38:17 -Clear EntityHelper entityTableMap cache.
2020-06-09 10:38:19 -Initializing ExecutorService 'taskScheduler'
2020-06-09 10:38:19 -Starting Quartz Scheduler now
2020-06-09 10:38:19 -Scheduler org.springframework.scheduling.quartz.SchedulerFactoryBean#0_$_NON_CLUSTERED started.
2020-06-09 10:38:19 -Loaded the Bouncy Castle security provider.
2020-06-09 10:38:20 -Using Persistence Adapter: MemoryPersistenceAdapter
2020-06-09 10:38:20 -JMX consoles can connect to service:jmx:rmi:///jndi/rmi://localhost:1099/jmxrmi
2020-06-09 10:38:20 -Apache ActiveMQ 5.15.8 (localhost, ID:gnb781-60958-1591670300086-0:1) is starting
2020-06-09 10:38:20 -Apache ActiveMQ 5.15.8 (localhost, ID:gnb781-60958-1591670300086-0:1) started
2020-06-09 10:38:20 -For help or more information please see: http://activemq.apache.org
2020-06-09 10:38:20 -Connector vm://localhost started
2020-06-09 10:38:20 -Starting ProtocolHandler ["http-nio-9001"]
2020-06-09 10:38:20 -Using a shared selector for servlet write/read
2020-06-09 10:38:20 -Tomcat started on port(s): 9001 (http) with context path '/eam'
2020-06-09 10:38:20 -Started EamApplication in 11.811 seconds (JVM running for 13.514)
2020-06-09 10:40:34 -Initializing Spring DispatcherServlet 'dispatcherServlet'
2020-06-09 10:40:34 -Initializing Servlet 'dispatcherServlet'
2020-06-09 10:40:34 -Completed initialization in 19 ms
2020-06-09 10:40:34 -{dataSource-1} inited
2020-06-09 10:41:29 -discard connection
java.sql.SQLException: 无法从套接字读取更多的数据
	at oracle.jdbc.driver.DatabaseError.throwSqlException(DatabaseError.java:113)
	at oracle.jdbc.driver.DatabaseError.throwSqlException(DatabaseError.java:147)
	at oracle.jdbc.driver.DatabaseError.throwSqlException(DatabaseError.java:209)
	at oracle.jdbc.driver.T4CMAREngine.unmarshalUB1(T4CMAREngine.java:1129)
	at oracle.jdbc.driver.T4CMAREngine.unmarshalSB1(T4CMAREngine.java:1080)
	at oracle.jdbc.driver.T4C8Oall.receive(T4C8Oall.java:485)
	at oracle.jdbc.driver.T4CPreparedStatement.doOall8(T4CPreparedStatement.java:219)
	at oracle.jdbc.driver.T4CPreparedStatement.executeForDescribe(T4CPreparedStatement.java:813)
	at oracle.jdbc.driver.OracleStatement.executeMaybeDescribe(OracleStatement.java:1051)
	at oracle.jdbc.driver.T4CPreparedStatement.executeMaybeDescribe(T4CPreparedStatement.java:854)
	at oracle.jdbc.driver.OracleStatement.doExecuteWithTimeout(OracleStatement.java:1156)
	at oracle.jdbc.driver.OraclePreparedStatement.executeInternal(OraclePreparedStatement.java:3415)
	at oracle.jdbc.driver.OraclePreparedStatement.execute(OraclePreparedStatement.java:3521)
	at com.alibaba.druid.filter.FilterChainImpl.preparedStatement_execute(FilterChainImpl.java:3409)
	at com.alibaba.druid.filter.FilterEventAdapter.preparedStatement_execute(FilterEventAdapter.java:440)
	at com.alibaba.druid.filter.FilterChainImpl.preparedStatement_execute(FilterChainImpl.java:3407)
	at com.alibaba.druid.proxy.jdbc.PreparedStatementProxyImpl.execute(PreparedStatementProxyImpl.java:167)
	at com.alibaba.druid.pool.DruidPooledPreparedStatement.execute(DruidPooledPreparedStatement.java:498)
	at org.apache.ibatis.executor.statement.PreparedStatementHandler.query(PreparedStatementHandler.java:63)
	at org.apache.ibatis.executor.statement.RoutingStatementHandler.query(RoutingStatementHandler.java:79)
	at org.apache.ibatis.executor.SimpleExecutor.doQuery(SimpleExecutor.java:63)
	at org.apache.ibatis.executor.BaseExecutor.queryFromDatabase(BaseExecutor.java:324)
	at org.apache.ibatis.executor.BaseExecutor.query(BaseExecutor.java:156)
	at org.apache.ibatis.executor.CachingExecutor.query(CachingExecutor.java:109)
	at com.github.pagehelper.PageInterceptor.intercept(PageInterceptor.java:143)
	at org.apache.ibatis.plugin.Plugin.invoke(Plugin.java:61)
	at com.sun.proxy.$Proxy150.query(Unknown Source)
	at org.apache.ibatis.session.defaults.DefaultSqlSession.selectList(DefaultSqlSession.java:148)
	at org.apache.ibatis.session.defaults.DefaultSqlSession.selectList(DefaultSqlSession.java:141)
	at sun.reflect.NativeMethodAccessorImpl.invoke0(Native Method)
	at sun.reflect.NativeMethodAccessorImpl.invoke(NativeMethodAccessorImpl.java:62)
	at sun.reflect.DelegatingMethodAccessorImpl.invoke(DelegatingMethodAccessorImpl.java:43)
	at java.lang.reflect.Method.invoke(Method.java:498)
	at org.mybatis.spring.SqlSessionTemplate$SqlSessionInterceptor.invoke(SqlSessionTemplate.java:433)
	at com.sun.proxy.$Proxy90.selectList(Unknown Source)
	at org.mybatis.spring.SqlSessionTemplate.selectList(SqlSessionTemplate.java:230)
	at org.apache.ibatis.binding.MapperMethod.executeForMany(MapperMethod.java:137)
	at org.apache.ibatis.binding.MapperMethod.execute(MapperMethod.java:75)
	at org.apache.ibatis.binding.MapperProxy.invoke(MapperProxy.java:59)
	at com.sun.proxy.$Proxy116.queryUserByType(Unknown Source)
	at com.fuyaogroup.eam.modules.fusion.service.impl.ConfigServiceImpl.getUser(ConfigServiceImpl.java:31)
	at com.fuyaogroup.eam.controller.EamSystemManagerController.getUserInfo(EamSystemManagerController.java:85)
	at sun.reflect.NativeMethodAccessorImpl.invoke0(Native Method)
	at sun.reflect.NativeMethodAccessorImpl.invoke(NativeMethodAccessorImpl.java:62)
	at sun.reflect.DelegatingMethodAccessorImpl.invoke(DelegatingMethodAccessorImpl.java:43)
	at java.lang.reflect.Method.invoke(Method.java:498)
	at org.springframework.web.method.support.InvocableHandlerMethod.doInvoke(InvocableHandlerMethod.java:189)
	at org.springframework.web.method.support.InvocableHandlerMethod.invokeForRequest(InvocableHandlerMethod.java:138)
	at org.springframework.web.servlet.mvc.method.annotation.ServletInvocableHandlerMethod.invokeAndHandle(ServletInvocableHandlerMethod.java:102)
	at org.springframework.web.servlet.mvc.method.annotation.RequestMappingHandlerAdapter.invokeHandlerMethod(RequestMappingHandlerAdapter.java:895)
	at org.springframework.web.servlet.mvc.method.annotation.RequestMappingHandlerAdapter.handleInternal(RequestMappingHandlerAdapter.java:800)
	at org.springframework.web.servlet.mvc.method.AbstractHandlerMethodAdapter.handle(AbstractHandlerMethodAdapter.java:87)
	at org.springframework.web.servlet.DispatcherServlet.doDispatch(DispatcherServlet.java:1038)
	at org.springframework.web.servlet.DispatcherServlet.doService(DispatcherServlet.java:942)
	at org.springframework.web.servlet.FrameworkServlet.processRequest(FrameworkServlet.java:1005)
	at org.springframework.web.servlet.FrameworkServlet.doGet(FrameworkServlet.java:897)
	at javax.servlet.http.HttpServlet.service(HttpServlet.java:634)
	at org.springframework.web.servlet.FrameworkServlet.service(FrameworkServlet.java:882)
	at javax.servlet.http.HttpServlet.service(HttpServlet.java:741)
	at org.apache.catalina.core.ApplicationFilterChain.internalDoFilter(ApplicationFilterChain.java:231)
	at org.apache.catalina.core.ApplicationFilterChain.doFilter(ApplicationFilterChain.java:166)
	at org.apache.tomcat.websocket.server.WsFilter.doFilter(WsFilter.java:53)
	at org.apache.catalina.core.ApplicationFilterChain.internalDoFilter(ApplicationFilterChain.java:193)
	at org.apache.catalina.core.ApplicationFilterChain.doFilter(ApplicationFilterChain.java:166)
	at com.alibaba.druid.support.http.WebStatFilter.doFilter(WebStatFilter.java:123)
	at org.apache.catalina.core.ApplicationFilterChain.internalDoFilter(ApplicationFilterChain.java:193)
	at org.apache.catalina.core.ApplicationFilterChain.doFilter(ApplicationFilterChain.java:166)
	at org.springframework.web.filter.RequestContextFilter.doFilterInternal(RequestContextFilter.java:99)
	at org.springframework.web.filter.OncePerRequestFilter.doFilter(OncePerRequestFilter.java:107)
	at org.apache.catalina.core.ApplicationFilterChain.internalDoFilter(ApplicationFilterChain.java:193)
	at org.apache.catalina.core.ApplicationFilterChain.doFilter(ApplicationFilterChain.java:166)
	at org.springframework.web.filter.FormContentFilter.doFilterInternal(FormContentFilter.java:92)
	at org.springframework.web.filter.OncePerRequestFilter.doFilter(OncePerRequestFilter.java:107)
	at org.apache.catalina.core.ApplicationFilterChain.internalDoFilter(ApplicationFilterChain.java:193)
	at org.apache.catalina.core.ApplicationFilterChain.doFilter(ApplicationFilterChain.java:166)
	at org.springframework.web.filter.HiddenHttpMethodFilter.doFilterInternal(HiddenHttpMethodFilter.java:93)
	at org.springframework.web.filter.OncePerRequestFilter.doFilter(OncePerRequestFilter.java:107)
	at org.apache.catalina.core.ApplicationFilterChain.internalDoFilter(ApplicationFilterChain.java:193)
	at org.apache.catalina.core.ApplicationFilterChain.doFilter(ApplicationFilterChain.java:166)
	at org.springframework.web.filter.CharacterEncodingFilter.doFilterInternal(CharacterEncodingFilter.java:200)
	at org.springframework.web.filter.OncePerRequestFilter.doFilter(OncePerRequestFilter.java:107)
	at org.apache.catalina.core.ApplicationFilterChain.internalDoFilter(ApplicationFilterChain.java:193)
	at org.apache.catalina.core.ApplicationFilterChain.doFilter(ApplicationFilterChain.java:166)
	at org.apache.catalina.core.StandardWrapperValve.invoke(StandardWrapperValve.java:199)
	at org.apache.catalina.core.StandardContextValve.invoke(StandardContextValve.java:96)
	at org.apache.catalina.authenticator.AuthenticatorBase.invoke(AuthenticatorBase.java:490)
	at org.apache.catalina.core.StandardHostValve.invoke(StandardHostValve.java:139)
	at org.apache.catalina.valves.ErrorReportValve.invoke(ErrorReportValve.java:92)
	at org.apache.catalina.core.StandardEngineValve.invoke(StandardEngineValve.java:74)
	at org.apache.catalina.connector.CoyoteAdapter.service(CoyoteAdapter.java:343)
	at org.apache.coyote.http11.Http11Processor.service(Http11Processor.java:408)
	at org.apache.coyote.AbstractProcessorLight.process(AbstractProcessorLight.java:66)
	at org.apache.coyote.AbstractProtocol$ConnectionHandler.process(AbstractProtocol.java:791)
	at org.apache.tomcat.util.net.NioEndpoint$SocketProcessor.doRun(NioEndpoint.java:1417)
	at org.apache.tomcat.util.net.SocketProcessorBase.run(SocketProcessorBase.java:49)
	at java.util.concurrent.ThreadPoolExecutor.runWorker(ThreadPoolExecutor.java:1149)
	at java.util.concurrent.ThreadPoolExecutor$Worker.run(ThreadPoolExecutor.java:624)
	at org.apache.tomcat.util.threads.TaskThread$WrappingRunnable.run(TaskThread.java:61)
	at java.lang.Thread.run(Thread.java:748)
2020-06-09 10:41:30 -Servlet.service() for servlet [dispatcherServlet] in context with path [/eam] threw exception [Request processing failed; nested exception is org.springframework.jdbc.UncategorizedSQLException: 
### Error querying database.  Cause: java.sql.SQLException: 无法从套接字读取更多的数据
### The error may exist in com/fuyaogroup/eam/modules/fusion/dao/ConfigMapper.java (best guess)
### The error may involve com.fuyaogroup.eam.modules.fusion.dao.ConfigMapper.queryUserByType-Inline
### The error occurred while setting parameters
### SQL: SELECT * FROM config a where a.config_Type = ? and a.configname=?
### Cause: java.sql.SQLException: 无法从套接字读取更多的数据
; uncategorized SQLException; SQL state [null]; error code [17410]; 无法从套接字读取更多的数据; nested exception is java.sql.SQLException: 无法从套接字读取更多的数据] with root cause
java.sql.SQLException: 无法从套接字读取更多的数据
	at oracle.jdbc.driver.DatabaseError.throwSqlException(DatabaseError.java:113)
	at oracle.jdbc.driver.DatabaseError.throwSqlException(DatabaseError.java:147)
	at oracle.jdbc.driver.DatabaseError.throwSqlException(DatabaseError.java:209)
	at oracle.jdbc.driver.T4CMAREngine.unmarshalUB1(T4CMAREngine.java:1129)
	at oracle.jdbc.driver.T4CMAREngine.unmarshalSB1(T4CMAREngine.java:1080)
	at oracle.jdbc.driver.T4C8Oall.receive(T4C8Oall.java:485)
	at oracle.jdbc.driver.T4CPreparedStatement.doOall8(T4CPreparedStatement.java:219)
	at oracle.jdbc.driver.T4CPreparedStatement.executeForDescribe(T4CPreparedStatement.java:813)
	at oracle.jdbc.driver.OracleStatement.executeMaybeDescribe(OracleStatement.java:1051)
	at oracle.jdbc.driver.T4CPreparedStatement.executeMaybeDescribe(T4CPreparedStatement.java:854)
	at oracle.jdbc.driver.OracleStatement.doExecuteWithTimeout(OracleStatement.java:1156)
	at oracle.jdbc.driver.OraclePreparedStatement.executeInternal(OraclePreparedStatement.java:3415)
	at oracle.jdbc.driver.OraclePreparedStatement.execute(OraclePreparedStatement.java:3521)
	at com.alibaba.druid.filter.FilterChainImpl.preparedStatement_execute(FilterChainImpl.java:3409)
	at com.alibaba.druid.filter.FilterEventAdapter.preparedStatement_execute(FilterEventAdapter.java:440)
	at com.alibaba.druid.filter.FilterChainImpl.preparedStatement_execute(FilterChainImpl.java:3407)
	at com.alibaba.druid.proxy.jdbc.PreparedStatementProxyImpl.execute(PreparedStatementProxyImpl.java:167)
	at com.alibaba.druid.pool.DruidPooledPreparedStatement.execute(DruidPooledPreparedStatement.java:498)
	at org.apache.ibatis.executor.statement.PreparedStatementHandler.query(PreparedStatementHandler.java:63)
	at org.apache.ibatis.executor.statement.RoutingStatementHandler.query(RoutingStatementHandler.java:79)
	at org.apache.ibatis.executor.SimpleExecutor.doQuery(SimpleExecutor.java:63)
	at org.apache.ibatis.executor.BaseExecutor.queryFromDatabase(BaseExecutor.java:324)
	at org.apache.ibatis.executor.BaseExecutor.query(BaseExecutor.java:156)
	at org.apache.ibatis.executor.CachingExecutor.query(CachingExecutor.java:109)
	at com.github.pagehelper.PageInterceptor.intercept(PageInterceptor.java:143)
	at org.apache.ibatis.plugin.Plugin.invoke(Plugin.java:61)
	at com.sun.proxy.$Proxy150.query(Unknown Source)
	at org.apache.ibatis.session.defaults.DefaultSqlSession.selectList(DefaultSqlSession.java:148)
	at org.apache.ibatis.session.defaults.DefaultSqlSession.selectList(DefaultSqlSession.java:141)
	at sun.reflect.NativeMethodAccessorImpl.invoke0(Native Method)
	at sun.reflect.NativeMethodAccessorImpl.invoke(NativeMethodAccessorImpl.java:62)
	at sun.reflect.DelegatingMethodAccessorImpl.invoke(DelegatingMethodAccessorImpl.java:43)
	at java.lang.reflect.Method.invoke(Method.java:498)
	at org.mybatis.spring.SqlSessionTemplate$SqlSessionInterceptor.invoke(SqlSessionTemplate.java:433)
	at com.sun.proxy.$Proxy90.selectList(Unknown Source)
	at org.mybatis.spring.SqlSessionTemplate.selectList(SqlSessionTemplate.java:230)
	at org.apache.ibatis.binding.MapperMethod.executeForMany(MapperMethod.java:137)
	at org.apache.ibatis.binding.MapperMethod.execute(MapperMethod.java:75)
	at org.apache.ibatis.binding.MapperProxy.invoke(MapperProxy.java:59)
	at com.sun.proxy.$Proxy116.queryUserByType(Unknown Source)
	at com.fuyaogroup.eam.modules.fusion.service.impl.ConfigServiceImpl.getUser(ConfigServiceImpl.java:31)
	at com.fuyaogroup.eam.controller.EamSystemManagerController.getUserInfo(EamSystemManagerController.java:85)
	at sun.reflect.NativeMethodAccessorImpl.invoke0(Native Method)
	at sun.reflect.NativeMethodAccessorImpl.invoke(NativeMethodAccessorImpl.java:62)
	at sun.reflect.DelegatingMethodAccessorImpl.invoke(DelegatingMethodAccessorImpl.java:43)
	at java.lang.reflect.Method.invoke(Method.java:498)
	at org.springframework.web.method.support.InvocableHandlerMethod.doInvoke(InvocableHandlerMethod.java:189)
	at org.springframework.web.method.support.InvocableHandlerMethod.invokeForRequest(InvocableHandlerMethod.java:138)
	at org.springframework.web.servlet.mvc.method.annotation.ServletInvocableHandlerMethod.invokeAndHandle(ServletInvocableHandlerMethod.java:102)
	at org.springframework.web.servlet.mvc.method.annotation.RequestMappingHandlerAdapter.invokeHandlerMethod(RequestMappingHandlerAdapter.java:895)
	at org.springframework.web.servlet.mvc.method.annotation.RequestMappingHandlerAdapter.handleInternal(RequestMappingHandlerAdapter.java:800)
	at org.springframework.web.servlet.mvc.method.AbstractHandlerMethodAdapter.handle(AbstractHandlerMethodAdapter.java:87)
	at org.springframework.web.servlet.DispatcherServlet.doDispatch(DispatcherServlet.java:1038)
	at org.springframework.web.servlet.DispatcherServlet.doService(DispatcherServlet.java:942)
	at org.springframework.web.servlet.FrameworkServlet.processRequest(FrameworkServlet.java:1005)
	at org.springframework.web.servlet.FrameworkServlet.doGet(FrameworkServlet.java:897)
	at javax.servlet.http.HttpServlet.service(HttpServlet.java:634)
	at org.springframework.web.servlet.FrameworkServlet.service(FrameworkServlet.java:882)
	at javax.servlet.http.HttpServlet.service(HttpServlet.java:741)
	at org.apache.catalina.core.ApplicationFilterChain.internalDoFilter(ApplicationFilterChain.java:231)
	at org.apache.catalina.core.ApplicationFilterChain.doFilter(ApplicationFilterChain.java:166)
	at org.apache.tomcat.websocket.server.WsFilter.doFilter(WsFilter.java:53)
	at org.apache.catalina.core.ApplicationFilterChain.internalDoFilter(ApplicationFilterChain.java:193)
	at org.apache.catalina.core.ApplicationFilterChain.doFilter(ApplicationFilterChain.java:166)
	at com.alibaba.druid.support.http.WebStatFilter.doFilter(WebStatFilter.java:123)
	at org.apache.catalina.core.ApplicationFilterChain.internalDoFilter(ApplicationFilterChain.java:193)
	at org.apache.catalina.core.ApplicationFilterChain.doFilter(ApplicationFilterChain.java:166)
	at org.springframework.web.filter.RequestContextFilter.doFilterInternal(RequestContextFilter.java:99)
	at org.springframework.web.filter.OncePerRequestFilter.doFilter(OncePerRequestFilter.java:107)
	at org.apache.catalina.core.ApplicationFilterChain.internalDoFilter(ApplicationFilterChain.java:193)
	at org.apache.catalina.core.ApplicationFilterChain.doFilter(ApplicationFilterChain.java:166)
	at org.springframework.web.filter.FormContentFilter.doFilterInternal(FormContentFilter.java:92)
	at org.springframework.web.filter.OncePerRequestFilter.doFilter(OncePerRequestFilter.java:107)
	at org.apache.catalina.core.ApplicationFilterChain.internalDoFilter(ApplicationFilterChain.java:193)
	at org.apache.catalina.core.ApplicationFilterChain.doFilter(ApplicationFilterChain.java:166)
	at org.springframework.web.filter.HiddenHttpMethodFilter.doFilterInternal(HiddenHttpMethodFilter.java:93)
	at org.springframework.web.filter.OncePerRequestFilter.doFilter(OncePerRequestFilter.java:107)
	at org.apache.catalina.core.ApplicationFilterChain.internalDoFilter(ApplicationFilterChain.java:193)
	at org.apache.catalina.core.ApplicationFilterChain.doFilter(ApplicationFilterChain.java:166)
	at org.springframework.web.filter.CharacterEncodingFilter.doFilterInternal(CharacterEncodingFilter.java:200)
	at org.springframework.web.filter.OncePerRequestFilter.doFilter(OncePerRequestFilter.java:107)
	at org.apache.catalina.core.ApplicationFilterChain.internalDoFilter(ApplicationFilterChain.java:193)
	at org.apache.catalina.core.ApplicationFilterChain.doFilter(ApplicationFilterChain.java:166)
	at org.apache.catalina.core.StandardWrapperValve.invoke(StandardWrapperValve.java:199)
	at org.apache.catalina.core.StandardContextValve.invoke(StandardContextValve.java:96)
	at org.apache.catalina.authenticator.AuthenticatorBase.invoke(AuthenticatorBase.java:490)
	at org.apache.catalina.core.StandardHostValve.invoke(StandardHostValve.java:139)
	at org.apache.catalina.valves.ErrorReportValve.invoke(ErrorReportValve.java:92)
	at org.apache.catalina.core.StandardEngineValve.invoke(StandardEngineValve.java:74)
	at org.apache.catalina.connector.CoyoteAdapter.service(CoyoteAdapter.java:343)
	at org.apache.coyote.http11.Http11Processor.service(Http11Processor.java:408)
	at org.apache.coyote.AbstractProcessorLight.process(AbstractProcessorLight.java:66)
	at org.apache.coyote.AbstractProtocol$ConnectionHandler.process(AbstractProtocol.java:791)
	at org.apache.tomcat.util.net.NioEndpoint$SocketProcessor.doRun(NioEndpoint.java:1417)
	at org.apache.tomcat.util.net.SocketProcessorBase.run(SocketProcessorBase.java:49)
	at java.util.concurrent.ThreadPoolExecutor.runWorker(ThreadPoolExecutor.java:1149)
	at java.util.concurrent.ThreadPoolExecutor$Worker.run(ThreadPoolExecutor.java:624)
	at org.apache.tomcat.util.threads.TaskThread$WrappingRunnable.run(TaskThread.java:61)
	at java.lang.Thread.run(Thread.java:748)
2020-06-09 14:30:00 -Starting EamApplication on gnb781 with PID 17584 (D:\FYEAM-CODE\EAMCODE\target\classes started by gnb781 in D:\FYEAM-CODE\EAMCODE)
2020-06-09 14:30:00 -The following profiles are active: prod
2020-06-09 14:30:02 -Skipping MapperFactoryBean with name 'andonAssetMapper' and 'com.fuyaogroup.eam.modules.fusion.dao.AndonAssetMapper' mapperInterface. Bean already defined with the same name!
2020-06-09 14:30:02 -Skipping MapperFactoryBean with name 'assetBorrowMapper' and 'com.fuyaogroup.eam.modules.fusion.dao.AssetBorrowMapper' mapperInterface. Bean already defined with the same name!
2020-06-09 14:30:02 -Skipping MapperFactoryBean with name 'assetMapper' and 'com.fuyaogroup.eam.modules.fusion.dao.AssetMapper' mapperInterface. Bean already defined with the same name!
2020-06-09 14:30:02 -Skipping MapperFactoryBean with name 'assetScrapMapper' and 'com.fuyaogroup.eam.modules.fusion.dao.AssetScrapMapper' mapperInterface. Bean already defined with the same name!
2020-06-09 14:30:02 -Skipping MapperFactoryBean with name 'assetTransferMapper' and 'com.fuyaogroup.eam.modules.fusion.dao.AssetTransferMapper' mapperInterface. Bean already defined with the same name!
2020-06-09 14:30:02 -Skipping MapperFactoryBean with name 'assetrPdBatMapper' and 'com.fuyaogroup.eam.modules.fusion.dao.AssetrPdBatMapper' mapperInterface. Bean already defined with the same name!
2020-06-09 14:30:02 -Skipping MapperFactoryBean with name 'assetrPdMapper' and 'com.fuyaogroup.eam.modules.fusion.dao.AssetrPdMapper' mapperInterface. Bean already defined with the same name!
2020-06-09 14:30:02 -Skipping MapperFactoryBean with name 'configMapper' and 'com.fuyaogroup.eam.modules.fusion.dao.ConfigMapper' mapperInterface. Bean already defined with the same name!
2020-06-09 14:30:02 -Skipping MapperFactoryBean with name 'repairRecordMapper' and 'com.fuyaogroup.eam.modules.fusion.dao.RepairRecordMapper' mapperInterface. Bean already defined with the same name!
2020-06-09 14:30:02 -Skipping MapperFactoryBean with name 'workOrderMapper' and 'com.fuyaogroup.eam.modules.fusion.dao.WorkOrderMapper' mapperInterface. Bean already defined with the same name!
2020-06-09 14:30:02 -Skipping MapperFactoryBean with name 'andonHisMapper' and 'com.fuyaogroup.eam.modules.mes.dao.AndonHisMapper' mapperInterface. Bean already defined with the same name!
2020-06-09 14:30:02 -Skipping MapperFactoryBean with name 'andonHisTempMapper' and 'com.fuyaogroup.eam.modules.mes.dao.AndonHisTempMapper' mapperInterface. Bean already defined with the same name!
2020-06-09 14:30:02 -Skipping MapperFactoryBean with name 'repairBillMapper' and 'com.fuyaogroup.eam.modules.mes.dao.RepairBillMapper' mapperInterface. Bean already defined with the same name!
2020-06-09 14:30:02 -No MyBatis mapper was found in '[com.fuyaogroup.eam.modules.*.dao]' package. Please check your configuration.
2020-06-09 14:30:02 -Multiple Spring Data modules found, entering strict repository configuration mode!
2020-06-09 14:30:02 -Bootstrapping Spring Data repositories in DEFAULT mode.
2020-06-09 14:30:02 -Finished Spring Data repository scanning in 39ms. Found 0 repository interfaces.
2020-06-09 14:30:03 -Bean 'org.springframework.ws.config.annotation.DelegatingWsConfiguration' of type [org.springframework.ws.config.annotation.DelegatingWsConfiguration$$EnhancerBySpringCGLIB$$fa58385f] is not eligible for getting processed by all BeanPostProcessors (for example: not eligible for auto-proxying)
2020-06-09 14:30:03 -Supporting [WS-Addressing August 2004, WS-Addressing 1.0]
2020-06-09 14:30:05 -Tomcat initialized with port(s): 9001 (http)
2020-06-09 14:30:05 -Initializing ProtocolHandler ["http-nio-9001"]
2020-06-09 14:30:05 -Starting service [Tomcat]
2020-06-09 14:30:05 -Starting Servlet Engine: Apache Tomcat/9.0.13
2020-06-09 14:30:05 -The APR based Apache Tomcat Native library which allows optimal performance in production environments was not found on the java.library.path: [C:\Program Files\Java\jdk1.8.0_221\bin;C:\WINDOWS\Sun\Java\bin;C:\WINDOWS\system32;C:\WINDOWS;C:\Program Files\Java\jdk1.8.0_221\jre\bin;C:/Program Files/Java/jre1.8.0_221/bin/server;C:/Program Files/Java/jre1.8.0_221/bin;C:/Program Files/Java/jre1.8.0_221/lib/amd64;C:\Program Files (x86)\Common Files\Oracle\Java\javapath;C:\Program Files\Microsoft MPI\Bin\;C:\ProgramData\Oracle\Java\javapath;C:\Windows\system32;C:\Windows;C:\Windows\System32\Wbem;C:\Windows\System32\WindowsPowerShell\v1.0\;C:\Program Files (x86)\NVIDIA Corporation\PhysX\Common;C:\Python27;C:\Program Files (x86)\Java\jdk1.8.0_181\bin;C:\Program Files (x86)\Java\jdk1.8.0_181\jre\bin;C:\WINDOWS\system32;C:\WINDOWS;C:\WINDOWS\System32\Wbem;C:\WINDOWS\System32\WindowsPowerShell\v1.0\;C:\WINDOWS\System32\OpenSSH\;C:\Program Files\MySQL\MySQL Utilities 1.6\;C:\Program Files\VisualSVN Server\bin;C:\Program Files\TortoiseSVN\bin;E:\sshing\Git\cmd;C:\Program Files\TortoiseGit\bin;D:\Program Files\;C:\Users\gnb781\AppData\Roaming\npm;D:\Program Files\nodejs\node_global;C:\Users\gnb781\AppData\Local\Microsoft\WindowsApps;;E:\Microsoft VS Code\bin;C:\Users\gnb781\AppData\Roaming\npm;C:\Users\gnb781\Desktop;;.]
2020-06-09 14:30:05 -Failed to scan [file:/C:/Users/gnb781/.m2/repository/xalan/xalan/2.6.0/xercesImpl.jar] from classloader hierarchy
java.io.FileNotFoundException: C:\Users\gnb781\.m2\repository\xalan\xalan\2.6.0\xercesImpl.jar (系统找不到指定的文件。)
	at java.util.zip.ZipFile.open(Native Method)
	at java.util.zip.ZipFile.<init>(ZipFile.java:225)
	at java.util.zip.ZipFile.<init>(ZipFile.java:155)
	at java.util.jar.JarFile.<init>(JarFile.java:166)
	at java.util.jar.JarFile.<init>(JarFile.java:130)
	at org.apache.tomcat.util.compat.JreCompat.jarFileNewInstance(JreCompat.java:164)
	at org.apache.tomcat.util.scan.JarFileUrlJar.<init>(JarFileUrlJar.java:65)
	at org.apache.tomcat.util.scan.JarFactory.newInstance(JarFactory.java:49)
	at org.apache.tomcat.util.scan.StandardJarScanner.process(StandardJarScanner.java:374)
	at org.apache.tomcat.util.scan.StandardJarScanner.processURLs(StandardJarScanner.java:309)
	at org.apache.tomcat.util.scan.StandardJarScanner.doScanClassPath(StandardJarScanner.java:266)
	at org.apache.tomcat.util.scan.StandardJarScanner.scan(StandardJarScanner.java:229)
	at org.apache.jasper.servlet.TldScanner.scanJars(TldScanner.java:262)
	at org.apache.jasper.servlet.TldScanner.scan(TldScanner.java:104)
	at org.apache.jasper.servlet.JasperInitializer.onStartup(JasperInitializer.java:83)
	at org.apache.catalina.core.StandardContext.startInternal(StandardContext.java:5098)
	at org.apache.catalina.util.LifecycleBase.start(LifecycleBase.java:183)
	at org.apache.catalina.core.ContainerBase$StartChild.call(ContainerBase.java:1432)
	at org.apache.catalina.core.ContainerBase$StartChild.call(ContainerBase.java:1422)
	at java.util.concurrent.FutureTask.run(FutureTask.java:266)
	at org.apache.tomcat.util.threads.InlineExecutorService.execute(InlineExecutorService.java:75)
	at java.util.concurrent.AbstractExecutorService.submit(AbstractExecutorService.java:134)
	at org.apache.catalina.core.ContainerBase.startInternal(ContainerBase.java:944)
	at org.apache.catalina.core.StandardHost.startInternal(StandardHost.java:831)
	at org.apache.catalina.util.LifecycleBase.start(LifecycleBase.java:183)
	at org.apache.catalina.core.ContainerBase$StartChild.call(ContainerBase.java:1432)
	at org.apache.catalina.core.ContainerBase$StartChild.call(ContainerBase.java:1422)
	at java.util.concurrent.FutureTask.run(FutureTask.java:266)
	at org.apache.tomcat.util.threads.InlineExecutorService.execute(InlineExecutorService.java:75)
	at java.util.concurrent.AbstractExecutorService.submit(AbstractExecutorService.java:134)
	at org.apache.catalina.core.ContainerBase.startInternal(ContainerBase.java:944)
	at org.apache.catalina.core.StandardEngine.startInternal(StandardEngine.java:261)
	at org.apache.catalina.util.LifecycleBase.start(LifecycleBase.java:183)
	at org.apache.catalina.core.StandardService.startInternal(StandardService.java:422)
	at org.apache.catalina.util.LifecycleBase.start(LifecycleBase.java:183)
	at org.apache.catalina.core.StandardServer.startInternal(StandardServer.java:801)
	at org.apache.catalina.util.LifecycleBase.start(LifecycleBase.java:183)
	at org.apache.catalina.startup.Tomcat.start(Tomcat.java:372)
	at org.springframework.boot.web.embedded.tomcat.TomcatWebServer.initialize(TomcatWebServer.java:106)
	at org.springframework.boot.web.embedded.tomcat.TomcatWebServer.<init>(TomcatWebServer.java:86)
	at org.springframework.boot.web.embedded.tomcat.TomcatServletWebServerFactory.getTomcatWebServer(TomcatServletWebServerFactory.java:414)
	at org.springframework.boot.web.embedded.tomcat.TomcatServletWebServerFactory.getWebServer(TomcatServletWebServerFactory.java:174)
	at org.springframework.boot.web.servlet.context.ServletWebServerApplicationContext.createWebServer(ServletWebServerApplicationContext.java:181)
	at org.springframework.boot.web.servlet.context.ServletWebServerApplicationContext.onRefresh(ServletWebServerApplicationContext.java:154)
	at org.springframework.context.support.AbstractApplicationContext.refresh(AbstractApplicationContext.java:540)
	at org.springframework.boot.web.servlet.context.ServletWebServerApplicationContext.refresh(ServletWebServerApplicationContext.java:142)
	at org.springframework.boot.SpringApplication.refresh(SpringApplication.java:775)
	at org.springframework.boot.SpringApplication.refreshContext(SpringApplication.java:397)
	at org.springframework.boot.SpringApplication.run(SpringApplication.java:316)
	at org.springframework.boot.SpringApplication.run(SpringApplication.java:1260)
	at org.springframework.boot.SpringApplication.run(SpringApplication.java:1248)
	at com.fuyaogroup.eam.EamApplication.main(EamApplication.java:27)
2020-06-09 14:30:05 -Failed to scan [file:/C:/Users/gnb781/.m2/repository/xalan/xalan/2.6.0/xml-apis.jar] from classloader hierarchy
java.io.FileNotFoundException: C:\Users\gnb781\.m2\repository\xalan\xalan\2.6.0\xml-apis.jar (系统找不到指定的文件。)
	at java.util.zip.ZipFile.open(Native Method)
	at java.util.zip.ZipFile.<init>(ZipFile.java:225)
	at java.util.zip.ZipFile.<init>(ZipFile.java:155)
	at java.util.jar.JarFile.<init>(JarFile.java:166)
	at java.util.jar.JarFile.<init>(JarFile.java:130)
	at org.apache.tomcat.util.compat.JreCompat.jarFileNewInstance(JreCompat.java:164)
	at org.apache.tomcat.util.scan.JarFileUrlJar.<init>(JarFileUrlJar.java:65)
	at org.apache.tomcat.util.scan.JarFactory.newInstance(JarFactory.java:49)
	at org.apache.tomcat.util.scan.StandardJarScanner.process(StandardJarScanner.java:374)
	at org.apache.tomcat.util.scan.StandardJarScanner.processURLs(StandardJarScanner.java:309)
	at org.apache.tomcat.util.scan.StandardJarScanner.doScanClassPath(StandardJarScanner.java:266)
	at org.apache.tomcat.util.scan.StandardJarScanner.scan(StandardJarScanner.java:229)
	at org.apache.jasper.servlet.TldScanner.scanJars(TldScanner.java:262)
	at org.apache.jasper.servlet.TldScanner.scan(TldScanner.java:104)
	at org.apache.jasper.servlet.JasperInitializer.onStartup(JasperInitializer.java:83)
	at org.apache.catalina.core.StandardContext.startInternal(StandardContext.java:5098)
	at org.apache.catalina.util.LifecycleBase.start(LifecycleBase.java:183)
	at org.apache.catalina.core.ContainerBase$StartChild.call(ContainerBase.java:1432)
	at org.apache.catalina.core.ContainerBase$StartChild.call(ContainerBase.java:1422)
	at java.util.concurrent.FutureTask.run(FutureTask.java:266)
	at org.apache.tomcat.util.threads.InlineExecutorService.execute(InlineExecutorService.java:75)
	at java.util.concurrent.AbstractExecutorService.submit(AbstractExecutorService.java:134)
	at org.apache.catalina.core.ContainerBase.startInternal(ContainerBase.java:944)
	at org.apache.catalina.core.StandardHost.startInternal(StandardHost.java:831)
	at org.apache.catalina.util.LifecycleBase.start(LifecycleBase.java:183)
	at org.apache.catalina.core.ContainerBase$StartChild.call(ContainerBase.java:1432)
	at org.apache.catalina.core.ContainerBase$StartChild.call(ContainerBase.java:1422)
	at java.util.concurrent.FutureTask.run(FutureTask.java:266)
	at org.apache.tomcat.util.threads.InlineExecutorService.execute(InlineExecutorService.java:75)
	at java.util.concurrent.AbstractExecutorService.submit(AbstractExecutorService.java:134)
	at org.apache.catalina.core.ContainerBase.startInternal(ContainerBase.java:944)
	at org.apache.catalina.core.StandardEngine.startInternal(StandardEngine.java:261)
	at org.apache.catalina.util.LifecycleBase.start(LifecycleBase.java:183)
	at org.apache.catalina.core.StandardService.startInternal(StandardService.java:422)
	at org.apache.catalina.util.LifecycleBase.start(LifecycleBase.java:183)
	at org.apache.catalina.core.StandardServer.startInternal(StandardServer.java:801)
	at org.apache.catalina.util.LifecycleBase.start(LifecycleBase.java:183)
	at org.apache.catalina.startup.Tomcat.start(Tomcat.java:372)
	at org.springframework.boot.web.embedded.tomcat.TomcatWebServer.initialize(TomcatWebServer.java:106)
	at org.springframework.boot.web.embedded.tomcat.TomcatWebServer.<init>(TomcatWebServer.java:86)
	at org.springframework.boot.web.embedded.tomcat.TomcatServletWebServerFactory.getTomcatWebServer(TomcatServletWebServerFactory.java:414)
	at org.springframework.boot.web.embedded.tomcat.TomcatServletWebServerFactory.getWebServer(TomcatServletWebServerFactory.java:174)
	at org.springframework.boot.web.servlet.context.ServletWebServerApplicationContext.createWebServer(ServletWebServerApplicationContext.java:181)
	at org.springframework.boot.web.servlet.context.ServletWebServerApplicationContext.onRefresh(ServletWebServerApplicationContext.java:154)
	at org.springframework.context.support.AbstractApplicationContext.refresh(AbstractApplicationContext.java:540)
	at org.springframework.boot.web.servlet.context.ServletWebServerApplicationContext.refresh(ServletWebServerApplicationContext.java:142)
	at org.springframework.boot.SpringApplication.refresh(SpringApplication.java:775)
	at org.springframework.boot.SpringApplication.refreshContext(SpringApplication.java:397)
	at org.springframework.boot.SpringApplication.run(SpringApplication.java:316)
	at org.springframework.boot.SpringApplication.run(SpringApplication.java:1260)
	at org.springframework.boot.SpringApplication.run(SpringApplication.java:1248)
	at com.fuyaogroup.eam.EamApplication.main(EamApplication.java:27)
2020-06-09 14:30:05 -At least one JAR was scanned for TLDs yet contained no TLDs. Enable debug logging for this logger for a complete list of JARs that were scanned but no TLDs were found in them. Skipping unneeded JARs during scanning can improve startup time and JSP compilation time.
2020-06-09 14:30:05 -Initializing Spring embedded WebApplicationContext
2020-06-09 14:30:05 -Root WebApplicationContext: initialization completed in 5228 ms
2020-06-09 14:30:05 -Servlet statViewServlet was not registered (possibly already registered?)
2020-06-09 14:30:05 -Filter webStatFilter was not registered (possibly already registered?)
2020-06-09 14:30:06 -oracle.jdbc.driver.OracleDriver is deprecated.Having use oracle.jdbc.OracleDriver.
2020-06-09 14:30:06 -oracle.jdbc.driver.OracleDriver is deprecated.Having use oracle.jdbc.OracleDriver.
2020-06-09 14:30:06 -Using default implementation for ThreadExecutor
2020-06-09 14:30:06 -Initialized Scheduler Signaller of type: class org.quartz.core.SchedulerSignalerImpl
2020-06-09 14:30:06 -Quartz Scheduler v.2.3.0 created.
2020-06-09 14:30:06 -RAMJobStore initialized.
2020-06-09 14:30:06 -Scheduler meta-data: Quartz Scheduler (v2.3.0) 'org.springframework.scheduling.quartz.SchedulerFactoryBean#0' with instanceId 'NON_CLUSTERED'
  Scheduler class: 'org.quartz.core.QuartzScheduler' - running locally.
  NOT STARTED.
  Currently in standby mode.
  Number of jobs executed: 0
  Using thread pool 'org.quartz.simpl.SimpleThreadPool' - with 10 threads.
  Using job-store 'org.quartz.simpl.RAMJobStore' - which does not support persistence. and is not clustered.

2020-06-09 14:30:06 -Quartz scheduler 'org.springframework.scheduling.quartz.SchedulerFactoryBean#0' initialized from an externally provided properties instance.
2020-06-09 14:30:06 -Quartz scheduler version: 2.3.0
2020-06-09 14:30:06 -JobFactory set to: org.springframework.scheduling.quartz.AdaptableJobFactory@aa8dce8
2020-06-09 14:30:07 -Initializing ExecutorService 'applicationTaskExecutor'
2020-06-09 14:30:07 -Clear tk.mybatis.mapper.util.MsUtil CLASS_CACHE cache.
2020-06-09 14:30:07 -Clear tk.mybatis.mapper.genid.GenIdUtil CACHE cache.
2020-06-09 14:30:07 -Clear tk.mybatis.mapper.version.VersionUtil CACHE cache.
2020-06-09 14:30:07 -Clear EntityHelper entityTableMap cache.
2020-06-09 14:30:08 -Initializing ExecutorService 'taskScheduler'
2020-06-09 14:30:09 -Starting Quartz Scheduler now
2020-06-09 14:30:09 -Scheduler org.springframework.scheduling.quartz.SchedulerFactoryBean#0_$_NON_CLUSTERED started.
2020-06-09 14:30:09 -Loaded the Bouncy Castle security provider.
2020-06-09 14:30:09 -Using Persistence Adapter: MemoryPersistenceAdapter
2020-06-09 14:30:09 -JMX consoles can connect to service:jmx:rmi:///jndi/rmi://localhost:1099/jmxrmi
2020-06-09 14:30:09 -Apache ActiveMQ 5.15.8 (localhost, ID:gnb781-51079-1591684209435-0:1) is starting
2020-06-09 14:30:09 -Apache ActiveMQ 5.15.8 (localhost, ID:gnb781-51079-1591684209435-0:1) started
2020-06-09 14:30:09 -For help or more information please see: http://activemq.apache.org
2020-06-09 14:30:09 -Connector vm://localhost started
2020-06-09 14:30:09 -Starting ProtocolHandler ["http-nio-9001"]
2020-06-09 14:30:09 -Using a shared selector for servlet write/read
2020-06-09 14:30:09 -Tomcat started on port(s): 9001 (http) with context path '/eam'
2020-06-09 14:30:09 -Started EamApplication in 9.979 seconds (JVM running for 11.645)
