2020-07-02 08:58:05 -Starting EamApplication on gnb781 with PID 28020 (D:\FYEAM-CODE\EAMCODE\target\classes started by gnb781 in D:\FYEAM-CODE\EAMCODE)
2020-07-02 08:58:05 -The following profiles are active: prod
2020-07-02 08:58:07 -Skipping MapperFactoryBean with name 'andonAssetMapper' and 'com.fuyaogroup.eam.modules.fusion.dao.AndonAssetMapper' mapperInterface. Bean already defined with the same name!
2020-07-02 08:58:07 -Skipping MapperFactoryBean with name 'assetBorrowMapper' and 'com.fuyaogroup.eam.modules.fusion.dao.AssetBorrowMapper' mapperInterface. Bean already defined with the same name!
2020-07-02 08:58:07 -Skipping MapperFactoryBean with name 'assetMapper' and 'com.fuyaogroup.eam.modules.fusion.dao.AssetMapper' mapperInterface. Bean already defined with the same name!
2020-07-02 08:58:07 -Skipping MapperFactoryBean with name 'assetScrapMapper' and 'com.fuyaogroup.eam.modules.fusion.dao.AssetScrapMapper' mapperInterface. Bean already defined with the same name!
2020-07-02 08:58:07 -Skipping MapperFactoryBean with name 'assetTransferMapper' and 'com.fuyaogroup.eam.modules.fusion.dao.AssetTransferMapper' mapperInterface. Bean already defined with the same name!
2020-07-02 08:58:07 -Skipping MapperFactoryBean with name 'assetrPdBatMapper' and 'com.fuyaogroup.eam.modules.fusion.dao.AssetrPdBatMapper' mapperInterface. Bean already defined with the same name!
2020-07-02 08:58:07 -Skipping MapperFactoryBean with name 'assetrPdMapper' and 'com.fuyaogroup.eam.modules.fusion.dao.AssetrPdMapper' mapperInterface. Bean already defined with the same name!
2020-07-02 08:58:07 -Skipping MapperFactoryBean with name 'configMapper' and 'com.fuyaogroup.eam.modules.fusion.dao.ConfigMapper' mapperInterface. Bean already defined with the same name!
2020-07-02 08:58:07 -Skipping MapperFactoryBean with name 'repairRecordMapper' and 'com.fuyaogroup.eam.modules.fusion.dao.RepairRecordMapper' mapperInterface. Bean already defined with the same name!
2020-07-02 08:58:07 -Skipping MapperFactoryBean with name 'windowServerMapper' and 'com.fuyaogroup.eam.modules.fusion.dao.WindowServerMapper' mapperInterface. Bean already defined with the same name!
2020-07-02 08:58:07 -Skipping MapperFactoryBean with name 'workOrderMapper' and 'com.fuyaogroup.eam.modules.fusion.dao.WorkOrderMapper' mapperInterface. Bean already defined with the same name!
2020-07-02 08:58:07 -Skipping MapperFactoryBean with name 'andonHisMapper' and 'com.fuyaogroup.eam.modules.mes.dao.AndonHisMapper' mapperInterface. Bean already defined with the same name!
2020-07-02 08:58:07 -Skipping MapperFactoryBean with name 'andonHisTempMapper' and 'com.fuyaogroup.eam.modules.mes.dao.AndonHisTempMapper' mapperInterface. Bean already defined with the same name!
2020-07-02 08:58:07 -Skipping MapperFactoryBean with name 'repairBillMapper' and 'com.fuyaogroup.eam.modules.mes.dao.RepairBillMapper' mapperInterface. Bean already defined with the same name!
2020-07-02 08:58:07 -No MyBatis mapper was found in '[com.fuyaogroup.eam.modules.*.dao]' package. Please check your configuration.
2020-07-02 08:58:08 -Multiple Spring Data modules found, entering strict repository configuration mode!
2020-07-02 08:58:08 -Bootstrapping Spring Data repositories in DEFAULT mode.
2020-07-02 08:58:08 -Finished Spring Data repository scanning in 39ms. Found 0 repository interfaces.
2020-07-02 08:58:08 -Bean 'org.springframework.ws.config.annotation.DelegatingWsConfiguration' of type [org.springframework.ws.config.annotation.DelegatingWsConfiguration$$EnhancerBySpringCGLIB$$41e89697] is not eligible for getting processed by all BeanPostProcessors (for example: not eligible for auto-proxying)
2020-07-02 08:58:08 -Supporting [WS-Addressing August 2004, WS-Addressing 1.0]
2020-07-02 08:58:11 -Tomcat initialized with port(s): 9001 (http)
2020-07-02 08:58:11 -Initializing ProtocolHandler ["http-nio-9001"]
2020-07-02 08:58:11 -Starting service [Tomcat]
2020-07-02 08:58:11 -Starting Servlet Engine: Apache Tomcat/9.0.13
2020-07-02 08:58:11 -The APR based Apache Tomcat Native library which allows optimal performance in production environments was not found on the java.library.path: [C:\Program Files\Java\jdk1.8.0_221\bin;C:\WINDOWS\Sun\Java\bin;C:\WINDOWS\system32;C:\WINDOWS;C:\Program Files\Java\jdk1.8.0_221\jre\bin;C:/Program Files/Java/jre1.8.0_221/bin/server;C:/Program Files/Java/jre1.8.0_221/bin;C:/Program Files/Java/jre1.8.0_221/lib/amd64;C:\Program Files (x86)\Common Files\Oracle\Java\javapath;C:\Program Files\Microsoft MPI\Bin\;C:\ProgramData\Oracle\Java\javapath;C:\Windows\system32;C:\Windows;C:\Windows\System32\Wbem;C:\Windows\System32\WindowsPowerShell\v1.0\;C:\Program Files (x86)\NVIDIA Corporation\PhysX\Common;C:\Python27;C:\Program Files (x86)\Java\jdk1.8.0_181\bin;C:\Program Files (x86)\Java\jdk1.8.0_181\jre\bin;C:\WINDOWS\system32;C:\WINDOWS;C:\WINDOWS\System32\Wbem;C:\WINDOWS\System32\WindowsPowerShell\v1.0\;C:\WINDOWS\System32\OpenSSH\;C:\Program Files\MySQL\MySQL Utilities 1.6\;C:\Program Files\VisualSVN Server\bin;C:\Program Files\TortoiseSVN\bin;E:\sshing\Git\cmd;C:\Program Files\TortoiseGit\bin;D:\Program Files\;C:\Users\gnb781\AppData\Roaming\npm;D:\Program Files\nodejs\node_global;C:\Users\gnb781\AppData\Local\Microsoft\WindowsApps;;E:\Microsoft VS Code\bin;C:\Users\gnb781\AppData\Roaming\npm;E:\DriverGenius;E:\DriverGenius\ksoft;C:\Users\gnb781\Desktop;;.]
2020-07-02 08:58:11 -Failed to scan [file:/C:/Users/gnb781/.m2/repository/xalan/xalan/2.6.0/xercesImpl.jar] from classloader hierarchy
java.io.FileNotFoundException: C:\Users\gnb781\.m2\repository\xalan\xalan\2.6.0\xercesImpl.jar (系统找不到指定的文件。)
	at java.util.zip.ZipFile.open(Native Method)
	at java.util.zip.ZipFile.<init>(ZipFile.java:225)
	at java.util.zip.ZipFile.<init>(ZipFile.java:155)
	at java.util.jar.JarFile.<init>(JarFile.java:166)
	at java.util.jar.JarFile.<init>(JarFile.java:130)
	at org.apache.tomcat.util.compat.JreCompat.jarFileNewInstance(JreCompat.java:164)
	at org.apache.tomcat.util.scan.JarFileUrlJar.<init>(JarFileUrlJar.java:65)
	at org.apache.tomcat.util.scan.JarFactory.newInstance(JarFactory.java:49)
	at org.apache.tomcat.util.scan.StandardJarScanner.process(StandardJarScanner.java:374)
	at org.apache.tomcat.util.scan.StandardJarScanner.processURLs(StandardJarScanner.java:309)
	at org.apache.tomcat.util.scan.StandardJarScanner.doScanClassPath(StandardJarScanner.java:266)
	at org.apache.tomcat.util.scan.StandardJarScanner.scan(StandardJarScanner.java:229)
	at org.apache.jasper.servlet.TldScanner.scanJars(TldScanner.java:262)
	at org.apache.jasper.servlet.TldScanner.scan(TldScanner.java:104)
	at org.apache.jasper.servlet.JasperInitializer.onStartup(JasperInitializer.java:83)
	at org.apache.catalina.core.StandardContext.startInternal(StandardContext.java:5098)
	at org.apache.catalina.util.LifecycleBase.start(LifecycleBase.java:183)
	at org.apache.catalina.core.ContainerBase$StartChild.call(ContainerBase.java:1432)
	at org.apache.catalina.core.ContainerBase$StartChild.call(ContainerBase.java:1422)
	at java.util.concurrent.FutureTask.run(FutureTask.java:266)
	at org.apache.tomcat.util.threads.InlineExecutorService.execute(InlineExecutorService.java:75)
	at java.util.concurrent.AbstractExecutorService.submit(AbstractExecutorService.java:134)
	at org.apache.catalina.core.ContainerBase.startInternal(ContainerBase.java:944)
	at org.apache.catalina.core.StandardHost.startInternal(StandardHost.java:831)
	at org.apache.catalina.util.LifecycleBase.start(LifecycleBase.java:183)
	at org.apache.catalina.core.ContainerBase$StartChild.call(ContainerBase.java:1432)
	at org.apache.catalina.core.ContainerBase$StartChild.call(ContainerBase.java:1422)
	at java.util.concurrent.FutureTask.run(FutureTask.java:266)
	at org.apache.tomcat.util.threads.InlineExecutorService.execute(InlineExecutorService.java:75)
	at java.util.concurrent.AbstractExecutorService.submit(AbstractExecutorService.java:134)
	at org.apache.catalina.core.ContainerBase.startInternal(ContainerBase.java:944)
	at org.apache.catalina.core.StandardEngine.startInternal(StandardEngine.java:261)
	at org.apache.catalina.util.LifecycleBase.start(LifecycleBase.java:183)
	at org.apache.catalina.core.StandardService.startInternal(StandardService.java:422)
	at org.apache.catalina.util.LifecycleBase.start(LifecycleBase.java:183)
	at org.apache.catalina.core.StandardServer.startInternal(StandardServer.java:801)
	at org.apache.catalina.util.LifecycleBase.start(LifecycleBase.java:183)
	at org.apache.catalina.startup.Tomcat.start(Tomcat.java:372)
	at org.springframework.boot.web.embedded.tomcat.TomcatWebServer.initialize(TomcatWebServer.java:106)
	at org.springframework.boot.web.embedded.tomcat.TomcatWebServer.<init>(TomcatWebServer.java:86)
	at org.springframework.boot.web.embedded.tomcat.TomcatServletWebServerFactory.getTomcatWebServer(TomcatServletWebServerFactory.java:414)
	at org.springframework.boot.web.embedded.tomcat.TomcatServletWebServerFactory.getWebServer(TomcatServletWebServerFactory.java:174)
	at org.springframework.boot.web.servlet.context.ServletWebServerApplicationContext.createWebServer(ServletWebServerApplicationContext.java:181)
	at org.springframework.boot.web.servlet.context.ServletWebServerApplicationContext.onRefresh(ServletWebServerApplicationContext.java:154)
	at org.springframework.context.support.AbstractApplicationContext.refresh(AbstractApplicationContext.java:540)
	at org.springframework.boot.web.servlet.context.ServletWebServerApplicationContext.refresh(ServletWebServerApplicationContext.java:142)
	at org.springframework.boot.SpringApplication.refresh(SpringApplication.java:775)
	at org.springframework.boot.SpringApplication.refreshContext(SpringApplication.java:397)
	at org.springframework.boot.SpringApplication.run(SpringApplication.java:316)
	at org.springframework.boot.SpringApplication.run(SpringApplication.java:1260)
	at org.springframework.boot.SpringApplication.run(SpringApplication.java:1248)
	at com.fuyaogroup.eam.EamApplication.main(EamApplication.java:27)
2020-07-02 08:58:11 -Failed to scan [file:/C:/Users/gnb781/.m2/repository/xalan/xalan/2.6.0/xml-apis.jar] from classloader hierarchy
java.io.FileNotFoundException: C:\Users\gnb781\.m2\repository\xalan\xalan\2.6.0\xml-apis.jar (系统找不到指定的文件。)
	at java.util.zip.ZipFile.open(Native Method)
	at java.util.zip.ZipFile.<init>(ZipFile.java:225)
	at java.util.zip.ZipFile.<init>(ZipFile.java:155)
	at java.util.jar.JarFile.<init>(JarFile.java:166)
	at java.util.jar.JarFile.<init>(JarFile.java:130)
	at org.apache.tomcat.util.compat.JreCompat.jarFileNewInstance(JreCompat.java:164)
	at org.apache.tomcat.util.scan.JarFileUrlJar.<init>(JarFileUrlJar.java:65)
	at org.apache.tomcat.util.scan.JarFactory.newInstance(JarFactory.java:49)
	at org.apache.tomcat.util.scan.StandardJarScanner.process(StandardJarScanner.java:374)
	at org.apache.tomcat.util.scan.StandardJarScanner.processURLs(StandardJarScanner.java:309)
	at org.apache.tomcat.util.scan.StandardJarScanner.doScanClassPath(StandardJarScanner.java:266)
	at org.apache.tomcat.util.scan.StandardJarScanner.scan(StandardJarScanner.java:229)
	at org.apache.jasper.servlet.TldScanner.scanJars(TldScanner.java:262)
	at org.apache.jasper.servlet.TldScanner.scan(TldScanner.java:104)
	at org.apache.jasper.servlet.JasperInitializer.onStartup(JasperInitializer.java:83)
	at org.apache.catalina.core.StandardContext.startInternal(StandardContext.java:5098)
	at org.apache.catalina.util.LifecycleBase.start(LifecycleBase.java:183)
	at org.apache.catalina.core.ContainerBase$StartChild.call(ContainerBase.java:1432)
	at org.apache.catalina.core.ContainerBase$StartChild.call(ContainerBase.java:1422)
	at java.util.concurrent.FutureTask.run(FutureTask.java:266)
	at org.apache.tomcat.util.threads.InlineExecutorService.execute(InlineExecutorService.java:75)
	at java.util.concurrent.AbstractExecutorService.submit(AbstractExecutorService.java:134)
	at org.apache.catalina.core.ContainerBase.startInternal(ContainerBase.java:944)
	at org.apache.catalina.core.StandardHost.startInternal(StandardHost.java:831)
	at org.apache.catalina.util.LifecycleBase.start(LifecycleBase.java:183)
	at org.apache.catalina.core.ContainerBase$StartChild.call(ContainerBase.java:1432)
	at org.apache.catalina.core.ContainerBase$StartChild.call(ContainerBase.java:1422)
	at java.util.concurrent.FutureTask.run(FutureTask.java:266)
	at org.apache.tomcat.util.threads.InlineExecutorService.execute(InlineExecutorService.java:75)
	at java.util.concurrent.AbstractExecutorService.submit(AbstractExecutorService.java:134)
	at org.apache.catalina.core.ContainerBase.startInternal(ContainerBase.java:944)
	at org.apache.catalina.core.StandardEngine.startInternal(StandardEngine.java:261)
	at org.apache.catalina.util.LifecycleBase.start(LifecycleBase.java:183)
	at org.apache.catalina.core.StandardService.startInternal(StandardService.java:422)
	at org.apache.catalina.util.LifecycleBase.start(LifecycleBase.java:183)
	at org.apache.catalina.core.StandardServer.startInternal(StandardServer.java:801)
	at org.apache.catalina.util.LifecycleBase.start(LifecycleBase.java:183)
	at org.apache.catalina.startup.Tomcat.start(Tomcat.java:372)
	at org.springframework.boot.web.embedded.tomcat.TomcatWebServer.initialize(TomcatWebServer.java:106)
	at org.springframework.boot.web.embedded.tomcat.TomcatWebServer.<init>(TomcatWebServer.java:86)
	at org.springframework.boot.web.embedded.tomcat.TomcatServletWebServerFactory.getTomcatWebServer(TomcatServletWebServerFactory.java:414)
	at org.springframework.boot.web.embedded.tomcat.TomcatServletWebServerFactory.getWebServer(TomcatServletWebServerFactory.java:174)
	at org.springframework.boot.web.servlet.context.ServletWebServerApplicationContext.createWebServer(ServletWebServerApplicationContext.java:181)
	at org.springframework.boot.web.servlet.context.ServletWebServerApplicationContext.onRefresh(ServletWebServerApplicationContext.java:154)
	at org.springframework.context.support.AbstractApplicationContext.refresh(AbstractApplicationContext.java:540)
	at org.springframework.boot.web.servlet.context.ServletWebServerApplicationContext.refresh(ServletWebServerApplicationContext.java:142)
	at org.springframework.boot.SpringApplication.refresh(SpringApplication.java:775)
	at org.springframework.boot.SpringApplication.refreshContext(SpringApplication.java:397)
	at org.springframework.boot.SpringApplication.run(SpringApplication.java:316)
	at org.springframework.boot.SpringApplication.run(SpringApplication.java:1260)
	at org.springframework.boot.SpringApplication.run(SpringApplication.java:1248)
	at com.fuyaogroup.eam.EamApplication.main(EamApplication.java:27)
2020-07-02 08:58:11 -At least one JAR was scanned for TLDs yet contained no TLDs. Enable debug logging for this logger for a complete list of JARs that were scanned but no TLDs were found in them. Skipping unneeded JARs during scanning can improve startup time and JSP compilation time.
2020-07-02 08:58:11 -Initializing Spring embedded WebApplicationContext
2020-07-02 08:58:11 -Root WebApplicationContext: initialization completed in 5984 ms
2020-07-02 08:58:12 -Servlet statViewServlet was not registered (possibly already registered?)
2020-07-02 08:58:12 -Filter webStatFilter was not registered (possibly already registered?)
2020-07-02 08:58:12 -oracle.jdbc.driver.OracleDriver is deprecated.Having use oracle.jdbc.OracleDriver.
2020-07-02 08:58:12 -oracle.jdbc.driver.OracleDriver is deprecated.Having use oracle.jdbc.OracleDriver.
2020-07-02 08:58:13 -Using default implementation for ThreadExecutor
2020-07-02 08:58:13 -Initialized Scheduler Signaller of type: class org.quartz.core.SchedulerSignalerImpl
2020-07-02 08:58:13 -Quartz Scheduler v.2.3.0 created.
2020-07-02 08:58:13 -RAMJobStore initialized.
2020-07-02 08:58:13 -Scheduler meta-data: Quartz Scheduler (v2.3.0) 'org.springframework.scheduling.quartz.SchedulerFactoryBean#0' with instanceId 'NON_CLUSTERED'
  Scheduler class: 'org.quartz.core.QuartzScheduler' - running locally.
  NOT STARTED.
  Currently in standby mode.
  Number of jobs executed: 0
  Using thread pool 'org.quartz.simpl.SimpleThreadPool' - with 10 threads.
  Using job-store 'org.quartz.simpl.RAMJobStore' - which does not support persistence. and is not clustered.

2020-07-02 08:58:13 -Quartz scheduler 'org.springframework.scheduling.quartz.SchedulerFactoryBean#0' initialized from an externally provided properties instance.
2020-07-02 08:58:13 -Quartz scheduler version: 2.3.0
2020-07-02 08:58:13 -JobFactory set to: org.springframework.scheduling.quartz.AdaptableJobFactory@3e9b3b3c
2020-07-02 08:58:13 -Initializing ExecutorService 'applicationTaskExecutor'
2020-07-02 08:58:13 -Clear tk.mybatis.mapper.util.MsUtil CLASS_CACHE cache.
2020-07-02 08:58:13 -Clear tk.mybatis.mapper.genid.GenIdUtil CACHE cache.
2020-07-02 08:58:13 -Clear tk.mybatis.mapper.version.VersionUtil CACHE cache.
2020-07-02 08:58:13 -Clear EntityHelper entityTableMap cache.
2020-07-02 08:58:15 -Initializing ExecutorService 'taskScheduler'
2020-07-02 08:58:15 -Starting Quartz Scheduler now
2020-07-02 08:58:15 -Scheduler org.springframework.scheduling.quartz.SchedulerFactoryBean#0_$_NON_CLUSTERED started.
2020-07-02 08:58:15 -Loaded the Bouncy Castle security provider.
2020-07-02 08:58:15 -Using Persistence Adapter: MemoryPersistenceAdapter
2020-07-02 08:58:15 -JMX consoles can connect to service:jmx:rmi:///jndi/rmi://localhost:1099/jmxrmi
2020-07-02 08:58:15 -Apache ActiveMQ 5.15.8 (localhost, ID:gnb781-63036-1593651495677-0:1) is starting
2020-07-02 08:58:15 -Apache ActiveMQ 5.15.8 (localhost, ID:gnb781-63036-1593651495677-0:1) started
2020-07-02 08:58:15 -For help or more information please see: http://activemq.apache.org
2020-07-02 08:58:15 -Connector vm://localhost started
2020-07-02 08:58:15 -Starting ProtocolHandler ["http-nio-9001"]
2020-07-02 08:58:15 -Using a shared selector for servlet write/read
2020-07-02 08:58:16 -Tomcat started on port(s): 9001 (http) with context path '/eam'
2020-07-02 08:58:16 -Started EamApplication in 10.846 seconds (JVM running for 12.278)
2020-07-02 08:59:35 -Initializing Spring DispatcherServlet 'dispatcherServlet'
2020-07-02 08:59:35 -Initializing Servlet 'dispatcherServlet'
2020-07-02 08:59:35 -Completed initialization in 15 ms
2020-07-02 08:59:35 -{dataSource-1} inited
2020-07-02 08:59:36 -==>  Preparing: SELECT * FROM config a where a.config_Type = ? and a.configname=? 
2020-07-02 08:59:36 -==> Parameters: 4(Integer), super_admin(String)
2020-07-02 08:59:36 -<==      Total: 1
2020-07-02 09:04:47 -2020-07-02T09:04:47.800:查询盘点批次列表,开始...
2020-07-02 09:04:47 -==>  Preparing: SELECT * FROM ASSETPDBAT 
2020-07-02 09:04:47 -==> Parameters: 
2020-07-02 09:04:47 -<==      Total: 8
2020-07-02 09:05:44 -==>  Preparing: SELECT * FROM config a where a.config_Type = ? and a.configname=? 
2020-07-02 09:05:44 -==> Parameters: 4(Integer), super_admin(String)
2020-07-02 09:05:44 -<==      Total: 1
2020-07-02 09:05:45 -2020-07-02T09:05:45.064:查询盘点批次列表,开始...
2020-07-02 09:05:45 -==>  Preparing: SELECT * FROM ASSETPDBAT 
2020-07-02 09:05:45 -==> Parameters: 
2020-07-02 09:05:45 -<==      Total: 8
2020-07-02 09:15:20 -2020-07-02T09:15:20.276:查询盘点批次列表,开始...
2020-07-02 09:15:20 -==>  Preparing: SELECT * FROM ASSETPDBAT 
2020-07-02 09:15:20 -==> Parameters: 
2020-07-02 09:15:20 -<==      Total: 8
2020-07-02 09:15:56 -==>  Preparing: SELECT * FROM config a where a.config_Type = ? and a.configname=? 
2020-07-02 09:15:56 -==> Parameters: 4(Integer), super_admin(String)
2020-07-02 09:15:56 -<==      Total: 1
2020-07-02 09:15:56 -2020-07-02T09:15:56.741:查询盘点批次列表,开始...
2020-07-02 09:15:56 -==>  Preparing: SELECT * FROM ASSETPDBAT 
2020-07-02 09:15:56 -==> Parameters: 
2020-07-02 09:15:56 -<==      Total: 8
2020-07-02 09:21:24 -2020-07-02T09:21:24.269:查询盘点批次列表,开始...
2020-07-02 09:21:24 -==>  Preparing: SELECT * FROM ASSETPDBAT 
2020-07-02 09:21:24 -==> Parameters: 
2020-07-02 09:21:24 -<==      Total: 8
2020-07-02 09:25:20 -2020-07-02T09:25:20.675:查询盘点批次列表,开始...
2020-07-02 09:25:20 -==>  Preparing: SELECT * FROM ASSETPDBAT 
2020-07-02 09:25:20 -==> Parameters: 
2020-07-02 09:25:20 -<==      Total: 8
2020-07-02 09:26:01 -2020-07-02T09:26:01.351:查询盘点批次列表,开始...
2020-07-02 09:26:01 -==>  Preparing: SELECT * FROM ASSETPDBAT 
2020-07-02 09:26:01 -==> Parameters: 
2020-07-02 09:26:01 -<==      Total: 8
2020-07-02 09:26:26 -2020-07-02T09:26:26.850:查询盘点批次列表,开始...
2020-07-02 09:26:26 -==>  Preparing: SELECT * FROM ASSETPDBAT 
2020-07-02 09:26:26 -==> Parameters: 
2020-07-02 09:26:26 -<==      Total: 8
2020-07-02 09:27:28 -2020-07-02T09:27:28.071:查询盘点批次列表,开始...
2020-07-02 09:27:28 -==>  Preparing: SELECT * FROM ASSETPDBAT 
2020-07-02 09:27:28 -==> Parameters: 
2020-07-02 09:27:28 -<==      Total: 8
2020-07-02 09:27:49 -2020-07-02T09:27:49.277:查询盘点批次列表,开始...
2020-07-02 09:27:49 -==>  Preparing: SELECT * FROM ASSETPDBAT 
2020-07-02 09:27:49 -==> Parameters: 
2020-07-02 09:27:49 -<==      Total: 8
2020-07-02 09:35:15 -==>  Preparing: SELECT * FROM config a where a.config_Type = ? and a.configname=? 
2020-07-02 09:35:15 -==> Parameters: 4(Integer), super_admin(String)
2020-07-02 09:35:15 -<==      Total: 1
2020-07-02 09:36:13 -2020-07-02T09:36:13.495:查询盘点批次列表,开始...
2020-07-02 09:36:13 -==>  Preparing: SELECT * FROM ASSETPDBAT 
2020-07-02 09:36:13 -==> Parameters: 
2020-07-02 09:36:13 -<==      Total: 8
2020-07-02 09:43:23 -2020-07-02T09:43:23.773:查询盘点批次列表,开始...
2020-07-02 09:43:38 -增加盘点批次开始！
2020-07-02 09:43:52 -2020-07-02T09:43:52.893:查询盘点批次列表,开始...
2020-07-02 09:44:02 -2020-07-02T09:44:02.248:查询盘点列表,开始...
2020-07-02 09:44:03 -2020-07-02T09:44:03.754:查询盘点列表,结束...
2020-07-02 09:45:32 -2020-07-02T09:45:32.103:查询盘点批次列表,开始...
2020-07-02 09:45:54 -2020-07-02T09:45:54.672:查询盘点列表,开始...
2020-07-02 09:45:54 -2020-07-02T09:45:54.684:查询盘点列表,结束...
2020-07-02 09:46:45 -2020-07-02T09:46:45.087:查询盘点批次列表,开始...
2020-07-02 09:46:57 -增加盘点批次开始！
2020-07-02 09:48:47 -Servlet.service() for servlet [dispatcherServlet] in context with path [/eam] threw exception [Request processing failed; nested exception is java.lang.NullPointerException] with root cause
java.lang.NullPointerException: null
	at com.fuyaogroup.eam.controller.PdAssetManageController.addExceptionBat(PdAssetManageController.java:451)
	at sun.reflect.NativeMethodAccessorImpl.invoke0(Native Method)
	at sun.reflect.NativeMethodAccessorImpl.invoke(NativeMethodAccessorImpl.java:62)
	at sun.reflect.DelegatingMethodAccessorImpl.invoke(DelegatingMethodAccessorImpl.java:43)
	at java.lang.reflect.Method.invoke(Method.java:498)
	at org.springframework.web.method.support.InvocableHandlerMethod.doInvoke(InvocableHandlerMethod.java:189)
	at org.springframework.web.method.support.InvocableHandlerMethod.invokeForRequest(InvocableHandlerMethod.java:138)
	at org.springframework.web.servlet.mvc.method.annotation.ServletInvocableHandlerMethod.invokeAndHandle(ServletInvocableHandlerMethod.java:102)
	at org.springframework.web.servlet.mvc.method.annotation.RequestMappingHandlerAdapter.invokeHandlerMethod(RequestMappingHandlerAdapter.java:895)
	at org.springframework.web.servlet.mvc.method.annotation.RequestMappingHandlerAdapter.handleInternal(RequestMappingHandlerAdapter.java:800)
	at org.springframework.web.servlet.mvc.method.AbstractHandlerMethodAdapter.handle(AbstractHandlerMethodAdapter.java:87)
	at org.springframework.web.servlet.DispatcherServlet.doDispatch(DispatcherServlet.java:1038)
	at org.springframework.web.servlet.DispatcherServlet.doService(DispatcherServlet.java:942)
	at org.springframework.web.servlet.FrameworkServlet.processRequest(FrameworkServlet.java:1005)
	at org.springframework.web.servlet.FrameworkServlet.doPost(FrameworkServlet.java:908)
	at javax.servlet.http.HttpServlet.service(HttpServlet.java:660)
	at org.springframework.web.servlet.FrameworkServlet.service(FrameworkServlet.java:882)
	at javax.servlet.http.HttpServlet.service(HttpServlet.java:741)
	at org.apache.catalina.core.ApplicationFilterChain.internalDoFilter(ApplicationFilterChain.java:231)
	at org.apache.catalina.core.ApplicationFilterChain.doFilter(ApplicationFilterChain.java:166)
	at org.apache.tomcat.websocket.server.WsFilter.doFilter(WsFilter.java:53)
	at org.apache.catalina.core.ApplicationFilterChain.internalDoFilter(ApplicationFilterChain.java:193)
	at org.apache.catalina.core.ApplicationFilterChain.doFilter(ApplicationFilterChain.java:166)
	at com.alibaba.druid.support.http.WebStatFilter.doFilter(WebStatFilter.java:123)
	at org.apache.catalina.core.ApplicationFilterChain.internalDoFilter(ApplicationFilterChain.java:193)
	at org.apache.catalina.core.ApplicationFilterChain.doFilter(ApplicationFilterChain.java:166)
	at org.springframework.web.filter.RequestContextFilter.doFilterInternal(RequestContextFilter.java:99)
	at org.springframework.web.filter.OncePerRequestFilter.doFilter(OncePerRequestFilter.java:107)
	at org.apache.catalina.core.ApplicationFilterChain.internalDoFilter(ApplicationFilterChain.java:193)
	at org.apache.catalina.core.ApplicationFilterChain.doFilter(ApplicationFilterChain.java:166)
	at org.springframework.web.filter.FormContentFilter.doFilterInternal(FormContentFilter.java:92)
	at org.springframework.web.filter.OncePerRequestFilter.doFilter(OncePerRequestFilter.java:107)
	at org.apache.catalina.core.ApplicationFilterChain.internalDoFilter(ApplicationFilterChain.java:193)
	at org.apache.catalina.core.ApplicationFilterChain.doFilter(ApplicationFilterChain.java:166)
	at org.springframework.web.filter.HiddenHttpMethodFilter.doFilterInternal(HiddenHttpMethodFilter.java:93)
	at org.springframework.web.filter.OncePerRequestFilter.doFilter(OncePerRequestFilter.java:107)
	at org.apache.catalina.core.ApplicationFilterChain.internalDoFilter(ApplicationFilterChain.java:193)
	at org.apache.catalina.core.ApplicationFilterChain.doFilter(ApplicationFilterChain.java:166)
	at org.springframework.web.filter.CharacterEncodingFilter.doFilterInternal(CharacterEncodingFilter.java:200)
	at org.springframework.web.filter.OncePerRequestFilter.doFilter(OncePerRequestFilter.java:107)
	at org.apache.catalina.core.ApplicationFilterChain.internalDoFilter(ApplicationFilterChain.java:193)
	at org.apache.catalina.core.ApplicationFilterChain.doFilter(ApplicationFilterChain.java:166)
	at org.apache.catalina.core.StandardWrapperValve.invoke(StandardWrapperValve.java:199)
	at org.apache.catalina.core.StandardContextValve.invoke(StandardContextValve.java:96)
	at org.apache.catalina.authenticator.AuthenticatorBase.invoke(AuthenticatorBase.java:490)
	at org.apache.catalina.core.StandardHostValve.invoke(StandardHostValve.java:139)
	at org.apache.catalina.valves.ErrorReportValve.invoke(ErrorReportValve.java:92)
	at org.apache.catalina.core.StandardEngineValve.invoke(StandardEngineValve.java:74)
	at org.apache.catalina.connector.CoyoteAdapter.service(CoyoteAdapter.java:343)
	at org.apache.coyote.http11.Http11Processor.service(Http11Processor.java:408)
	at org.apache.coyote.AbstractProcessorLight.process(AbstractProcessorLight.java:66)
	at org.apache.coyote.AbstractProtocol$ConnectionHandler.process(AbstractProtocol.java:791)
	at org.apache.tomcat.util.net.NioEndpoint$SocketProcessor.doRun(NioEndpoint.java:1417)
	at org.apache.tomcat.util.net.SocketProcessorBase.run(SocketProcessorBase.java:49)
	at java.util.concurrent.ThreadPoolExecutor.runWorker(ThreadPoolExecutor.java:1149)
	at java.util.concurrent.ThreadPoolExecutor$Worker.run(ThreadPoolExecutor.java:624)
	at org.apache.tomcat.util.threads.TaskThread$WrappingRunnable.run(TaskThread.java:61)
	at java.lang.Thread.run(Thread.java:748)
2020-07-02 10:28:32 -Starting EamApplication on gnb781 with PID 9544 (D:\FYEAM-CODE\EAMCODE\target\classes started by gnb781 in D:\FYEAM-CODE\EAMCODE)
2020-07-02 10:28:32 -The following profiles are active: prod
2020-07-02 10:28:33 -Skipping MapperFactoryBean with name 'andonAssetMapper' and 'com.fuyaogroup.eam.modules.fusion.dao.AndonAssetMapper' mapperInterface. Bean already defined with the same name!
2020-07-02 10:28:33 -Skipping MapperFactoryBean with name 'assetBorrowMapper' and 'com.fuyaogroup.eam.modules.fusion.dao.AssetBorrowMapper' mapperInterface. Bean already defined with the same name!
2020-07-02 10:28:33 -Skipping MapperFactoryBean with name 'assetMapper' and 'com.fuyaogroup.eam.modules.fusion.dao.AssetMapper' mapperInterface. Bean already defined with the same name!
2020-07-02 10:28:33 -Skipping MapperFactoryBean with name 'assetScrapMapper' and 'com.fuyaogroup.eam.modules.fusion.dao.AssetScrapMapper' mapperInterface. Bean already defined with the same name!
2020-07-02 10:28:33 -Skipping MapperFactoryBean with name 'assetTransferMapper' and 'com.fuyaogroup.eam.modules.fusion.dao.AssetTransferMapper' mapperInterface. Bean already defined with the same name!
2020-07-02 10:28:33 -Skipping MapperFactoryBean with name 'assetrPdBatMapper' and 'com.fuyaogroup.eam.modules.fusion.dao.AssetrPdBatMapper' mapperInterface. Bean already defined with the same name!
2020-07-02 10:28:33 -Skipping MapperFactoryBean with name 'assetrPdMapper' and 'com.fuyaogroup.eam.modules.fusion.dao.AssetrPdMapper' mapperInterface. Bean already defined with the same name!
2020-07-02 10:28:33 -Skipping MapperFactoryBean with name 'configMapper' and 'com.fuyaogroup.eam.modules.fusion.dao.ConfigMapper' mapperInterface. Bean already defined with the same name!
2020-07-02 10:28:33 -Skipping MapperFactoryBean with name 'repairRecordMapper' and 'com.fuyaogroup.eam.modules.fusion.dao.RepairRecordMapper' mapperInterface. Bean already defined with the same name!
2020-07-02 10:28:33 -Skipping MapperFactoryBean with name 'windowServerMapper' and 'com.fuyaogroup.eam.modules.fusion.dao.WindowServerMapper' mapperInterface. Bean already defined with the same name!
2020-07-02 10:28:33 -Skipping MapperFactoryBean with name 'workOrderMapper' and 'com.fuyaogroup.eam.modules.fusion.dao.WorkOrderMapper' mapperInterface. Bean already defined with the same name!
2020-07-02 10:28:33 -Skipping MapperFactoryBean with name 'andonHisMapper' and 'com.fuyaogroup.eam.modules.mes.dao.AndonHisMapper' mapperInterface. Bean already defined with the same name!
2020-07-02 10:28:33 -Skipping MapperFactoryBean with name 'andonHisTempMapper' and 'com.fuyaogroup.eam.modules.mes.dao.AndonHisTempMapper' mapperInterface. Bean already defined with the same name!
2020-07-02 10:28:33 -Skipping MapperFactoryBean with name 'repairBillMapper' and 'com.fuyaogroup.eam.modules.mes.dao.RepairBillMapper' mapperInterface. Bean already defined with the same name!
2020-07-02 10:28:33 -No MyBatis mapper was found in '[com.fuyaogroup.eam.modules.*.dao]' package. Please check your configuration.
2020-07-02 10:28:34 -Multiple Spring Data modules found, entering strict repository configuration mode!
2020-07-02 10:28:34 -Bootstrapping Spring Data repositories in DEFAULT mode.
2020-07-02 10:28:34 -Finished Spring Data repository scanning in 40ms. Found 0 repository interfaces.
2020-07-02 10:28:34 -Bean 'org.springframework.ws.config.annotation.DelegatingWsConfiguration' of type [org.springframework.ws.config.annotation.DelegatingWsConfiguration$$EnhancerBySpringCGLIB$$50401ad0] is not eligible for getting processed by all BeanPostProcessors (for example: not eligible for auto-proxying)
2020-07-02 10:28:34 -Supporting [WS-Addressing August 2004, WS-Addressing 1.0]
2020-07-02 10:28:36 -Tomcat initialized with port(s): 9001 (http)
2020-07-02 10:28:36 -Initializing ProtocolHandler ["http-nio-9001"]
2020-07-02 10:28:36 -Starting service [Tomcat]
2020-07-02 10:28:36 -Starting Servlet Engine: Apache Tomcat/9.0.13
2020-07-02 10:28:36 -The APR based Apache Tomcat Native library which allows optimal performance in production environments was not found on the java.library.path: [C:\Program Files\Java\jdk1.8.0_221\bin;C:\WINDOWS\Sun\Java\bin;C:\WINDOWS\system32;C:\WINDOWS;C:\Program Files\Java\jdk1.8.0_221\jre\bin;C:/Program Files/Java/jre1.8.0_221/bin/server;C:/Program Files/Java/jre1.8.0_221/bin;C:/Program Files/Java/jre1.8.0_221/lib/amd64;C:\Program Files (x86)\Common Files\Oracle\Java\javapath;C:\Program Files\Microsoft MPI\Bin\;C:\ProgramData\Oracle\Java\javapath;C:\Windows\system32;C:\Windows;C:\Windows\System32\Wbem;C:\Windows\System32\WindowsPowerShell\v1.0\;C:\Program Files (x86)\NVIDIA Corporation\PhysX\Common;C:\Python27;C:\Program Files (x86)\Java\jdk1.8.0_181\bin;C:\Program Files (x86)\Java\jdk1.8.0_181\jre\bin;C:\WINDOWS\system32;C:\WINDOWS;C:\WINDOWS\System32\Wbem;C:\WINDOWS\System32\WindowsPowerShell\v1.0\;C:\WINDOWS\System32\OpenSSH\;C:\Program Files\MySQL\MySQL Utilities 1.6\;C:\Program Files\VisualSVN Server\bin;C:\Program Files\TortoiseSVN\bin;E:\sshing\Git\cmd;C:\Program Files\TortoiseGit\bin;D:\Program Files\;C:\Users\gnb781\AppData\Roaming\npm;D:\Program Files\nodejs\node_global;C:\Users\gnb781\AppData\Local\Microsoft\WindowsApps;;E:\Microsoft VS Code\bin;C:\Users\gnb781\AppData\Roaming\npm;E:\DriverGenius;E:\DriverGenius\ksoft;C:\Users\gnb781\Desktop;;.]
2020-07-02 10:28:37 -Failed to scan [file:/C:/Users/gnb781/.m2/repository/xalan/xalan/2.6.0/xercesImpl.jar] from classloader hierarchy
java.io.FileNotFoundException: C:\Users\gnb781\.m2\repository\xalan\xalan\2.6.0\xercesImpl.jar (系统找不到指定的文件。)
	at java.util.zip.ZipFile.open(Native Method)
	at java.util.zip.ZipFile.<init>(ZipFile.java:225)
	at java.util.zip.ZipFile.<init>(ZipFile.java:155)
	at java.util.jar.JarFile.<init>(JarFile.java:166)
	at java.util.jar.JarFile.<init>(JarFile.java:130)
	at org.apache.tomcat.util.compat.JreCompat.jarFileNewInstance(JreCompat.java:164)
	at org.apache.tomcat.util.scan.JarFileUrlJar.<init>(JarFileUrlJar.java:65)
	at org.apache.tomcat.util.scan.JarFactory.newInstance(JarFactory.java:49)
	at org.apache.tomcat.util.scan.StandardJarScanner.process(StandardJarScanner.java:374)
	at org.apache.tomcat.util.scan.StandardJarScanner.processURLs(StandardJarScanner.java:309)
	at org.apache.tomcat.util.scan.StandardJarScanner.doScanClassPath(StandardJarScanner.java:266)
	at org.apache.tomcat.util.scan.StandardJarScanner.scan(StandardJarScanner.java:229)
	at org.apache.jasper.servlet.TldScanner.scanJars(TldScanner.java:262)
	at org.apache.jasper.servlet.TldScanner.scan(TldScanner.java:104)
	at org.apache.jasper.servlet.JasperInitializer.onStartup(JasperInitializer.java:83)
	at org.apache.catalina.core.StandardContext.startInternal(StandardContext.java:5098)
	at org.apache.catalina.util.LifecycleBase.start(LifecycleBase.java:183)
	at org.apache.catalina.core.ContainerBase$StartChild.call(ContainerBase.java:1432)
	at org.apache.catalina.core.ContainerBase$StartChild.call(ContainerBase.java:1422)
	at java.util.concurrent.FutureTask.run(FutureTask.java:266)
	at org.apache.tomcat.util.threads.InlineExecutorService.execute(InlineExecutorService.java:75)
	at java.util.concurrent.AbstractExecutorService.submit(AbstractExecutorService.java:134)
	at org.apache.catalina.core.ContainerBase.startInternal(ContainerBase.java:944)
	at org.apache.catalina.core.StandardHost.startInternal(StandardHost.java:831)
	at org.apache.catalina.util.LifecycleBase.start(LifecycleBase.java:183)
	at org.apache.catalina.core.ContainerBase$StartChild.call(ContainerBase.java:1432)
	at org.apache.catalina.core.ContainerBase$StartChild.call(ContainerBase.java:1422)
	at java.util.concurrent.FutureTask.run(FutureTask.java:266)
	at org.apache.tomcat.util.threads.InlineExecutorService.execute(InlineExecutorService.java:75)
	at java.util.concurrent.AbstractExecutorService.submit(AbstractExecutorService.java:134)
	at org.apache.catalina.core.ContainerBase.startInternal(ContainerBase.java:944)
	at org.apache.catalina.core.StandardEngine.startInternal(StandardEngine.java:261)
	at org.apache.catalina.util.LifecycleBase.start(LifecycleBase.java:183)
	at org.apache.catalina.core.StandardService.startInternal(StandardService.java:422)
	at org.apache.catalina.util.LifecycleBase.start(LifecycleBase.java:183)
	at org.apache.catalina.core.StandardServer.startInternal(StandardServer.java:801)
	at org.apache.catalina.util.LifecycleBase.start(LifecycleBase.java:183)
	at org.apache.catalina.startup.Tomcat.start(Tomcat.java:372)
	at org.springframework.boot.web.embedded.tomcat.TomcatWebServer.initialize(TomcatWebServer.java:106)
	at org.springframework.boot.web.embedded.tomcat.TomcatWebServer.<init>(TomcatWebServer.java:86)
	at org.springframework.boot.web.embedded.tomcat.TomcatServletWebServerFactory.getTomcatWebServer(TomcatServletWebServerFactory.java:414)
	at org.springframework.boot.web.embedded.tomcat.TomcatServletWebServerFactory.getWebServer(TomcatServletWebServerFactory.java:174)
	at org.springframework.boot.web.servlet.context.ServletWebServerApplicationContext.createWebServer(ServletWebServerApplicationContext.java:181)
	at org.springframework.boot.web.servlet.context.ServletWebServerApplicationContext.onRefresh(ServletWebServerApplicationContext.java:154)
	at org.springframework.context.support.AbstractApplicationContext.refresh(AbstractApplicationContext.java:540)
	at org.springframework.boot.web.servlet.context.ServletWebServerApplicationContext.refresh(ServletWebServerApplicationContext.java:142)
	at org.springframework.boot.SpringApplication.refresh(SpringApplication.java:775)
	at org.springframework.boot.SpringApplication.refreshContext(SpringApplication.java:397)
	at org.springframework.boot.SpringApplication.run(SpringApplication.java:316)
	at org.springframework.boot.SpringApplication.run(SpringApplication.java:1260)
	at org.springframework.boot.SpringApplication.run(SpringApplication.java:1248)
	at com.fuyaogroup.eam.EamApplication.main(EamApplication.java:27)
2020-07-02 10:28:37 -Failed to scan [file:/C:/Users/gnb781/.m2/repository/xalan/xalan/2.6.0/xml-apis.jar] from classloader hierarchy
java.io.FileNotFoundException: C:\Users\gnb781\.m2\repository\xalan\xalan\2.6.0\xml-apis.jar (系统找不到指定的文件。)
	at java.util.zip.ZipFile.open(Native Method)
	at java.util.zip.ZipFile.<init>(ZipFile.java:225)
	at java.util.zip.ZipFile.<init>(ZipFile.java:155)
	at java.util.jar.JarFile.<init>(JarFile.java:166)
	at java.util.jar.JarFile.<init>(JarFile.java:130)
	at org.apache.tomcat.util.compat.JreCompat.jarFileNewInstance(JreCompat.java:164)
	at org.apache.tomcat.util.scan.JarFileUrlJar.<init>(JarFileUrlJar.java:65)
	at org.apache.tomcat.util.scan.JarFactory.newInstance(JarFactory.java:49)
	at org.apache.tomcat.util.scan.StandardJarScanner.process(StandardJarScanner.java:374)
	at org.apache.tomcat.util.scan.StandardJarScanner.processURLs(StandardJarScanner.java:309)
	at org.apache.tomcat.util.scan.StandardJarScanner.doScanClassPath(StandardJarScanner.java:266)
	at org.apache.tomcat.util.scan.StandardJarScanner.scan(StandardJarScanner.java:229)
	at org.apache.jasper.servlet.TldScanner.scanJars(TldScanner.java:262)
	at org.apache.jasper.servlet.TldScanner.scan(TldScanner.java:104)
	at org.apache.jasper.servlet.JasperInitializer.onStartup(JasperInitializer.java:83)
	at org.apache.catalina.core.StandardContext.startInternal(StandardContext.java:5098)
	at org.apache.catalina.util.LifecycleBase.start(LifecycleBase.java:183)
	at org.apache.catalina.core.ContainerBase$StartChild.call(ContainerBase.java:1432)
	at org.apache.catalina.core.ContainerBase$StartChild.call(ContainerBase.java:1422)
	at java.util.concurrent.FutureTask.run(FutureTask.java:266)
	at org.apache.tomcat.util.threads.InlineExecutorService.execute(InlineExecutorService.java:75)
	at java.util.concurrent.AbstractExecutorService.submit(AbstractExecutorService.java:134)
	at org.apache.catalina.core.ContainerBase.startInternal(ContainerBase.java:944)
	at org.apache.catalina.core.StandardHost.startInternal(StandardHost.java:831)
	at org.apache.catalina.util.LifecycleBase.start(LifecycleBase.java:183)
	at org.apache.catalina.core.ContainerBase$StartChild.call(ContainerBase.java:1432)
	at org.apache.catalina.core.ContainerBase$StartChild.call(ContainerBase.java:1422)
	at java.util.concurrent.FutureTask.run(FutureTask.java:266)
	at org.apache.tomcat.util.threads.InlineExecutorService.execute(InlineExecutorService.java:75)
	at java.util.concurrent.AbstractExecutorService.submit(AbstractExecutorService.java:134)
	at org.apache.catalina.core.ContainerBase.startInternal(ContainerBase.java:944)
	at org.apache.catalina.core.StandardEngine.startInternal(StandardEngine.java:261)
	at org.apache.catalina.util.LifecycleBase.start(LifecycleBase.java:183)
	at org.apache.catalina.core.StandardService.startInternal(StandardService.java:422)
	at org.apache.catalina.util.LifecycleBase.start(LifecycleBase.java:183)
	at org.apache.catalina.core.StandardServer.startInternal(StandardServer.java:801)
	at org.apache.catalina.util.LifecycleBase.start(LifecycleBase.java:183)
	at org.apache.catalina.startup.Tomcat.start(Tomcat.java:372)
	at org.springframework.boot.web.embedded.tomcat.TomcatWebServer.initialize(TomcatWebServer.java:106)
	at org.springframework.boot.web.embedded.tomcat.TomcatWebServer.<init>(TomcatWebServer.java:86)
	at org.springframework.boot.web.embedded.tomcat.TomcatServletWebServerFactory.getTomcatWebServer(TomcatServletWebServerFactory.java:414)
	at org.springframework.boot.web.embedded.tomcat.TomcatServletWebServerFactory.getWebServer(TomcatServletWebServerFactory.java:174)
	at org.springframework.boot.web.servlet.context.ServletWebServerApplicationContext.createWebServer(ServletWebServerApplicationContext.java:181)
	at org.springframework.boot.web.servlet.context.ServletWebServerApplicationContext.onRefresh(ServletWebServerApplicationContext.java:154)
	at org.springframework.context.support.AbstractApplicationContext.refresh(AbstractApplicationContext.java:540)
	at org.springframework.boot.web.servlet.context.ServletWebServerApplicationContext.refresh(ServletWebServerApplicationContext.java:142)
	at org.springframework.boot.SpringApplication.refresh(SpringApplication.java:775)
	at org.springframework.boot.SpringApplication.refreshContext(SpringApplication.java:397)
	at org.springframework.boot.SpringApplication.run(SpringApplication.java:316)
	at org.springframework.boot.SpringApplication.run(SpringApplication.java:1260)
	at org.springframework.boot.SpringApplication.run(SpringApplication.java:1248)
	at com.fuyaogroup.eam.EamApplication.main(EamApplication.java:27)
2020-07-02 10:28:37 -At least one JAR was scanned for TLDs yet contained no TLDs. Enable debug logging for this logger for a complete list of JARs that were scanned but no TLDs were found in them. Skipping unneeded JARs during scanning can improve startup time and JSP compilation time.
2020-07-02 10:28:37 -Initializing Spring embedded WebApplicationContext
2020-07-02 10:28:37 -Root WebApplicationContext: initialization completed in 4775 ms
2020-07-02 10:28:37 -Servlet statViewServlet was not registered (possibly already registered?)
2020-07-02 10:28:37 -Filter webStatFilter was not registered (possibly already registered?)
2020-07-02 10:28:38 -oracle.jdbc.driver.OracleDriver is deprecated.Having use oracle.jdbc.OracleDriver.
2020-07-02 10:28:38 -oracle.jdbc.driver.OracleDriver is deprecated.Having use oracle.jdbc.OracleDriver.
2020-07-02 10:28:38 -Using default implementation for ThreadExecutor
2020-07-02 10:28:38 -Initialized Scheduler Signaller of type: class org.quartz.core.SchedulerSignalerImpl
2020-07-02 10:28:38 -Quartz Scheduler v.2.3.0 created.
2020-07-02 10:28:38 -RAMJobStore initialized.
2020-07-02 10:28:38 -Scheduler meta-data: Quartz Scheduler (v2.3.0) 'org.springframework.scheduling.quartz.SchedulerFactoryBean#0' with instanceId 'NON_CLUSTERED'
  Scheduler class: 'org.quartz.core.QuartzScheduler' - running locally.
  NOT STARTED.
  Currently in standby mode.
  Number of jobs executed: 0
  Using thread pool 'org.quartz.simpl.SimpleThreadPool' - with 10 threads.
  Using job-store 'org.quartz.simpl.RAMJobStore' - which does not support persistence. and is not clustered.

2020-07-02 10:28:38 -Quartz scheduler 'org.springframework.scheduling.quartz.SchedulerFactoryBean#0' initialized from an externally provided properties instance.
2020-07-02 10:28:38 -Quartz scheduler version: 2.3.0
2020-07-02 10:28:38 -JobFactory set to: org.springframework.scheduling.quartz.AdaptableJobFactory@fa11fda
2020-07-02 10:28:39 -Initializing ExecutorService 'applicationTaskExecutor'
2020-07-02 10:28:39 -Clear tk.mybatis.mapper.util.MsUtil CLASS_CACHE cache.
2020-07-02 10:28:39 -Clear tk.mybatis.mapper.genid.GenIdUtil CACHE cache.
2020-07-02 10:28:39 -Clear tk.mybatis.mapper.version.VersionUtil CACHE cache.
2020-07-02 10:28:39 -Clear EntityHelper entityTableMap cache.
2020-07-02 10:28:40 -Initializing ExecutorService 'taskScheduler'
2020-07-02 10:28:40 -Starting Quartz Scheduler now
2020-07-02 10:28:40 -Scheduler org.springframework.scheduling.quartz.SchedulerFactoryBean#0_$_NON_CLUSTERED started.
2020-07-02 10:28:40 -Loaded the Bouncy Castle security provider.
2020-07-02 10:28:40 -Using Persistence Adapter: MemoryPersistenceAdapter
2020-07-02 10:28:40 -JMX consoles can connect to service:jmx:rmi:///jndi/rmi://localhost:1099/jmxrmi
2020-07-02 10:28:41 -Apache ActiveMQ 5.15.8 (localhost, ID:gnb781-64669-1593656920864-0:1) is starting
2020-07-02 10:28:41 -Apache ActiveMQ 5.15.8 (localhost, ID:gnb781-64669-1593656920864-0:1) started
2020-07-02 10:28:41 -For help or more information please see: http://activemq.apache.org
2020-07-02 10:28:41 -Connector vm://localhost started
2020-07-02 10:28:41 -Starting ProtocolHandler ["http-nio-9001"]
2020-07-02 10:28:41 -Using a shared selector for servlet write/read
2020-07-02 10:28:41 -Tomcat started on port(s): 9001 (http) with context path '/eam'
2020-07-02 10:28:41 -Started EamApplication in 9.12 seconds (JVM running for 10.492)
2020-07-02 10:29:04 -Initializing Spring DispatcherServlet 'dispatcherServlet'
2020-07-02 10:29:04 -Initializing Servlet 'dispatcherServlet'
2020-07-02 10:29:04 -Completed initialization in 11 ms
2020-07-02 10:29:04 -{dataSource-1} inited
2020-07-02 10:29:05 -==>  Preparing: SELECT * FROM config a where a.config_Type = ? and a.configname=? 
2020-07-02 10:29:05 -==> Parameters: 4(Integer), super_admin(String)
2020-07-02 10:29:05 -<==      Total: 1
2020-07-02 10:29:05 -==>  Preparing: SELECT * FROM config a where a.config_Type = ? and a.configname=? 
2020-07-02 10:29:05 -==> Parameters: 4(Integer), super_admin(String)
2020-07-02 10:29:05 -<==      Total: 1
2020-07-02 10:29:11 -2020-07-02T10:29:11.445:查询盘点批次列表,开始...
2020-07-02 10:29:11 -==>  Preparing: SELECT * FROM ASSETPDBAT 
2020-07-02 10:29:11 -==> Parameters: 
2020-07-02 10:29:11 -<==      Total: 9
2020-07-02 10:29:17 -增加盘点批次开始！
2020-07-02 10:29:45 -==>  Preparing: SELECT * FROM ASSETPD a where a.pdBatId = ? and a.status='0' 
2020-07-02 10:29:45 -==> Parameters: 200702835(Long)
2020-07-02 10:29:45 -<==      Total: 1
2020-07-02 10:30:48 -==>  Preparing: INSERT INTO ASSETPDBAT(pdBatId,pdBatCode,pdStartDate,pdEndDate ,iSAll ,orgList ) VALUES(?, ?, ?, ?, ?,?) 
2020-07-02 10:31:15 -Servlet.service() for servlet [dispatcherServlet] in context with path [/eam] threw exception [Request processing failed; nested exception is org.mybatis.spring.MyBatisSystemException: nested exception is org.apache.ibatis.type.TypeException: Could not set parameters for mapping: ParameterMapping{property='orgList', mode=IN, javaType=class java.lang.String, jdbcType=null, numericScale=null, resultMapId='null', jdbcTypeName='null', expression='null'}. Cause: org.apache.ibatis.type.TypeException: Error setting null for parameter #6 with JdbcType OTHER . Try setting a different JdbcType for this parameter or a different jdbcTypeForNull configuration property. Cause: java.sql.SQLException: 无效的列类型] with root cause
java.sql.SQLException: 无效的列类型
	at oracle.jdbc.driver.DatabaseError.throwSqlException(DatabaseError.java:113)
	at oracle.jdbc.driver.DatabaseError.throwSqlException(DatabaseError.java:147)
	at oracle.jdbc.driver.DatabaseError.throwSqlException(DatabaseError.java:209)
	at oracle.jdbc.driver.OracleStatement.getInternalType(OracleStatement.java:3462)
	at oracle.jdbc.driver.OraclePreparedStatement.setNullCritical(OraclePreparedStatement.java:4337)
	at oracle.jdbc.driver.OraclePreparedStatement.setNull(OraclePreparedStatement.java:4326)
	at com.alibaba.druid.filter.FilterChainImpl.preparedStatement_setNull(FilterChainImpl.java:3211)
	at com.alibaba.druid.filter.FilterAdapter.preparedStatement_setNull(FilterAdapter.java:1308)
	at com.alibaba.druid.filter.FilterChainImpl.preparedStatement_setNull(FilterChainImpl.java:3208)
	at com.alibaba.druid.proxy.jdbc.PreparedStatementProxyImpl.setNull(PreparedStatementProxyImpl.java:446)
	at com.alibaba.druid.pool.DruidPooledPreparedStatement.setNull(DruidPooledPreparedStatement.java:271)
	at sun.reflect.NativeMethodAccessorImpl.invoke0(Native Method)
	at sun.reflect.NativeMethodAccessorImpl.invoke(NativeMethodAccessorImpl.java:62)
	at sun.reflect.DelegatingMethodAccessorImpl.invoke(DelegatingMethodAccessorImpl.java:43)
	at java.lang.reflect.Method.invoke(Method.java:498)
	at org.apache.ibatis.logging.jdbc.PreparedStatementLogger.invoke(PreparedStatementLogger.java:67)
	at com.sun.proxy.$Proxy155.setNull(Unknown Source)
	at org.apache.ibatis.type.BaseTypeHandler.setParameter(BaseTypeHandler.java:45)
	at org.apache.ibatis.scripting.defaults.DefaultParameterHandler.setParameters(DefaultParameterHandler.java:87)
	at org.apache.ibatis.executor.statement.PreparedStatementHandler.parameterize(PreparedStatementHandler.java:93)
	at org.apache.ibatis.executor.statement.RoutingStatementHandler.parameterize(RoutingStatementHandler.java:64)
	at org.apache.ibatis.executor.SimpleExecutor.prepareStatement(SimpleExecutor.java:86)
	at org.apache.ibatis.executor.SimpleExecutor.doUpdate(SimpleExecutor.java:49)
	at org.apache.ibatis.executor.BaseExecutor.update(BaseExecutor.java:117)
	at org.apache.ibatis.executor.CachingExecutor.update(CachingExecutor.java:76)
	at sun.reflect.NativeMethodAccessorImpl.invoke0(Native Method)
	at sun.reflect.NativeMethodAccessorImpl.invoke(NativeMethodAccessorImpl.java:62)
	at sun.reflect.DelegatingMethodAccessorImpl.invoke(DelegatingMethodAccessorImpl.java:43)
	at java.lang.reflect.Method.invoke(Method.java:498)
	at org.apache.ibatis.plugin.Plugin.invoke(Plugin.java:63)
	at com.sun.proxy.$Proxy153.update(Unknown Source)
	at org.apache.ibatis.session.defaults.DefaultSqlSession.update(DefaultSqlSession.java:198)
	at org.apache.ibatis.session.defaults.DefaultSqlSession.insert(DefaultSqlSession.java:185)
	at sun.reflect.NativeMethodAccessorImpl.invoke0(Native Method)
	at sun.reflect.NativeMethodAccessorImpl.invoke(NativeMethodAccessorImpl.java:62)
	at sun.reflect.DelegatingMethodAccessorImpl.invoke(DelegatingMethodAccessorImpl.java:43)
	at java.lang.reflect.Method.invoke(Method.java:498)
	at org.mybatis.spring.SqlSessionTemplate$SqlSessionInterceptor.invoke(SqlSessionTemplate.java:433)
	at com.sun.proxy.$Proxy90.insert(Unknown Source)
	at org.mybatis.spring.SqlSessionTemplate.insert(SqlSessionTemplate.java:278)
	at org.apache.ibatis.binding.MapperMethod.execute(MapperMethod.java:57)
	at org.apache.ibatis.binding.MapperProxy.invoke(MapperProxy.java:59)
	at com.sun.proxy.$Proxy121.insertPdBat(Unknown Source)
	at com.fuyaogroup.eam.modules.fusion.service.impl.AssetPdBatServiceImpl.insertOne(AssetPdBatServiceImpl.java:53)
	at com.fuyaogroup.eam.controller.PdAssetManageController.addExceptionBat(PdAssetManageController.java:462)
	at sun.reflect.NativeMethodAccessorImpl.invoke0(Native Method)
	at sun.reflect.NativeMethodAccessorImpl.invoke(NativeMethodAccessorImpl.java:62)
	at sun.reflect.DelegatingMethodAccessorImpl.invoke(DelegatingMethodAccessorImpl.java:43)
	at java.lang.reflect.Method.invoke(Method.java:498)
	at org.springframework.web.method.support.InvocableHandlerMethod.doInvoke(InvocableHandlerMethod.java:189)
	at org.springframework.web.method.support.InvocableHandlerMethod.invokeForRequest(InvocableHandlerMethod.java:138)
	at org.springframework.web.servlet.mvc.method.annotation.ServletInvocableHandlerMethod.invokeAndHandle(ServletInvocableHandlerMethod.java:102)
	at org.springframework.web.servlet.mvc.method.annotation.RequestMappingHandlerAdapter.invokeHandlerMethod(RequestMappingHandlerAdapter.java:895)
	at org.springframework.web.servlet.mvc.method.annotation.RequestMappingHandlerAdapter.handleInternal(RequestMappingHandlerAdapter.java:800)
	at org.springframework.web.servlet.mvc.method.AbstractHandlerMethodAdapter.handle(AbstractHandlerMethodAdapter.java:87)
	at org.springframework.web.servlet.DispatcherServlet.doDispatch(DispatcherServlet.java:1038)
	at org.springframework.web.servlet.DispatcherServlet.doService(DispatcherServlet.java:942)
	at org.springframework.web.servlet.FrameworkServlet.processRequest(FrameworkServlet.java:1005)
	at org.springframework.web.servlet.FrameworkServlet.doPost(FrameworkServlet.java:908)
	at javax.servlet.http.HttpServlet.service(HttpServlet.java:660)
	at org.springframework.web.servlet.FrameworkServlet.service(FrameworkServlet.java:882)
	at javax.servlet.http.HttpServlet.service(HttpServlet.java:741)
	at org.apache.catalina.core.ApplicationFilterChain.internalDoFilter(ApplicationFilterChain.java:231)
	at org.apache.catalina.core.ApplicationFilterChain.doFilter(ApplicationFilterChain.java:166)
	at org.apache.tomcat.websocket.server.WsFilter.doFilter(WsFilter.java:53)
	at org.apache.catalina.core.ApplicationFilterChain.internalDoFilter(ApplicationFilterChain.java:193)
	at org.apache.catalina.core.ApplicationFilterChain.doFilter(ApplicationFilterChain.java:166)
	at com.alibaba.druid.support.http.WebStatFilter.doFilter(WebStatFilter.java:123)
	at org.apache.catalina.core.ApplicationFilterChain.internalDoFilter(ApplicationFilterChain.java:193)
	at org.apache.catalina.core.ApplicationFilterChain.doFilter(ApplicationFilterChain.java:166)
	at org.springframework.web.filter.RequestContextFilter.doFilterInternal(RequestContextFilter.java:99)
	at org.springframework.web.filter.OncePerRequestFilter.doFilter(OncePerRequestFilter.java:107)
	at org.apache.catalina.core.ApplicationFilterChain.internalDoFilter(ApplicationFilterChain.java:193)
	at org.apache.catalina.core.ApplicationFilterChain.doFilter(ApplicationFilterChain.java:166)
	at org.springframework.web.filter.FormContentFilter.doFilterInternal(FormContentFilter.java:92)
	at org.springframework.web.filter.OncePerRequestFilter.doFilter(OncePerRequestFilter.java:107)
	at org.apache.catalina.core.ApplicationFilterChain.internalDoFilter(ApplicationFilterChain.java:193)
	at org.apache.catalina.core.ApplicationFilterChain.doFilter(ApplicationFilterChain.java:166)
	at org.springframework.web.filter.HiddenHttpMethodFilter.doFilterInternal(HiddenHttpMethodFilter.java:93)
	at org.springframework.web.filter.OncePerRequestFilter.doFilter(OncePerRequestFilter.java:107)
	at org.apache.catalina.core.ApplicationFilterChain.internalDoFilter(ApplicationFilterChain.java:193)
	at org.apache.catalina.core.ApplicationFilterChain.doFilter(ApplicationFilterChain.java:166)
	at org.springframework.web.filter.CharacterEncodingFilter.doFilterInternal(CharacterEncodingFilter.java:200)
	at org.springframework.web.filter.OncePerRequestFilter.doFilter(OncePerRequestFilter.java:107)
	at org.apache.catalina.core.ApplicationFilterChain.internalDoFilter(ApplicationFilterChain.java:193)
	at org.apache.catalina.core.ApplicationFilterChain.doFilter(ApplicationFilterChain.java:166)
	at org.apache.catalina.core.StandardWrapperValve.invoke(StandardWrapperValve.java:199)
	at org.apache.catalina.core.StandardContextValve.invoke(StandardContextValve.java:96)
	at org.apache.catalina.authenticator.AuthenticatorBase.invoke(AuthenticatorBase.java:490)
	at org.apache.catalina.core.StandardHostValve.invoke(StandardHostValve.java:139)
	at org.apache.catalina.valves.ErrorReportValve.invoke(ErrorReportValve.java:92)
	at org.apache.catalina.core.StandardEngineValve.invoke(StandardEngineValve.java:74)
	at org.apache.catalina.connector.CoyoteAdapter.service(CoyoteAdapter.java:343)
	at org.apache.coyote.http11.Http11Processor.service(Http11Processor.java:408)
	at org.apache.coyote.AbstractProcessorLight.process(AbstractProcessorLight.java:66)
	at org.apache.coyote.AbstractProtocol$ConnectionHandler.process(AbstractProtocol.java:791)
	at org.apache.tomcat.util.net.NioEndpoint$SocketProcessor.doRun(NioEndpoint.java:1417)
	at org.apache.tomcat.util.net.SocketProcessorBase.run(SocketProcessorBase.java:49)
	at java.util.concurrent.ThreadPoolExecutor.runWorker(ThreadPoolExecutor.java:1149)
	at java.util.concurrent.ThreadPoolExecutor$Worker.run(ThreadPoolExecutor.java:624)
	at org.apache.tomcat.util.threads.TaskThread$WrappingRunnable.run(TaskThread.java:61)
	at java.lang.Thread.run(Thread.java:748)
2020-07-02 10:34:44 -增加盘点批次开始！
2020-07-02 10:34:49 -==>  Preparing: SELECT * FROM ASSETPD a where a.pdBatId = ? and a.status='0' 
2020-07-02 10:34:49 -==> Parameters: 200702835(Long)
2020-07-02 10:34:49 -<==      Total: 1
2020-07-02 10:36:45 -==>  Preparing: INSERT INTO ASSETPDBAT(pdBatId,pdBatCode,pdStartDate,pdEndDate ,iSAll ,orgList ) VALUES(?, ?, ?, ?, ?,?) 
2020-07-02 10:36:45 -Servlet.service() for servlet [dispatcherServlet] in context with path [/eam] threw exception [Request processing failed; nested exception is org.mybatis.spring.MyBatisSystemException: nested exception is org.apache.ibatis.type.TypeException: Could not set parameters for mapping: ParameterMapping{property='orgList', mode=IN, javaType=class java.lang.String, jdbcType=null, numericScale=null, resultMapId='null', jdbcTypeName='null', expression='null'}. Cause: org.apache.ibatis.type.TypeException: Error setting null for parameter #6 with JdbcType OTHER . Try setting a different JdbcType for this parameter or a different jdbcTypeForNull configuration property. Cause: java.sql.SQLException: 无效的列类型] with root cause
java.sql.SQLException: 无效的列类型
	at oracle.jdbc.driver.DatabaseError.throwSqlException(DatabaseError.java:113)
	at oracle.jdbc.driver.DatabaseError.throwSqlException(DatabaseError.java:147)
	at oracle.jdbc.driver.DatabaseError.throwSqlException(DatabaseError.java:209)
	at oracle.jdbc.driver.OracleStatement.getInternalType(OracleStatement.java:3462)
	at oracle.jdbc.driver.OraclePreparedStatement.setNullCritical(OraclePreparedStatement.java:4337)
	at oracle.jdbc.driver.OraclePreparedStatement.setNull(OraclePreparedStatement.java:4326)
	at com.alibaba.druid.filter.FilterChainImpl.preparedStatement_setNull(FilterChainImpl.java:3211)
	at com.alibaba.druid.filter.FilterAdapter.preparedStatement_setNull(FilterAdapter.java:1308)
	at com.alibaba.druid.filter.FilterChainImpl.preparedStatement_setNull(FilterChainImpl.java:3208)
	at com.alibaba.druid.proxy.jdbc.PreparedStatementProxyImpl.setNull(PreparedStatementProxyImpl.java:446)
	at com.alibaba.druid.pool.DruidPooledPreparedStatement.setNull(DruidPooledPreparedStatement.java:271)
	at sun.reflect.NativeMethodAccessorImpl.invoke0(Native Method)
	at sun.reflect.NativeMethodAccessorImpl.invoke(NativeMethodAccessorImpl.java:62)
	at sun.reflect.DelegatingMethodAccessorImpl.invoke(DelegatingMethodAccessorImpl.java:43)
	at java.lang.reflect.Method.invoke(Method.java:498)
	at org.apache.ibatis.logging.jdbc.PreparedStatementLogger.invoke(PreparedStatementLogger.java:67)
	at com.sun.proxy.$Proxy155.setNull(Unknown Source)
	at org.apache.ibatis.type.BaseTypeHandler.setParameter(BaseTypeHandler.java:45)
	at org.apache.ibatis.scripting.defaults.DefaultParameterHandler.setParameters(DefaultParameterHandler.java:87)
	at org.apache.ibatis.executor.statement.PreparedStatementHandler.parameterize(PreparedStatementHandler.java:93)
	at org.apache.ibatis.executor.statement.RoutingStatementHandler.parameterize(RoutingStatementHandler.java:64)
	at org.apache.ibatis.executor.SimpleExecutor.prepareStatement(SimpleExecutor.java:86)
	at org.apache.ibatis.executor.SimpleExecutor.doUpdate(SimpleExecutor.java:49)
	at org.apache.ibatis.executor.BaseExecutor.update(BaseExecutor.java:117)
	at org.apache.ibatis.executor.CachingExecutor.update(CachingExecutor.java:76)
	at sun.reflect.NativeMethodAccessorImpl.invoke0(Native Method)
	at sun.reflect.NativeMethodAccessorImpl.invoke(NativeMethodAccessorImpl.java:62)
	at sun.reflect.DelegatingMethodAccessorImpl.invoke(DelegatingMethodAccessorImpl.java:43)
	at java.lang.reflect.Method.invoke(Method.java:498)
	at org.apache.ibatis.plugin.Plugin.invoke(Plugin.java:63)
	at com.sun.proxy.$Proxy153.update(Unknown Source)
	at org.apache.ibatis.session.defaults.DefaultSqlSession.update(DefaultSqlSession.java:198)
	at org.apache.ibatis.session.defaults.DefaultSqlSession.insert(DefaultSqlSession.java:185)
	at sun.reflect.NativeMethodAccessorImpl.invoke0(Native Method)
	at sun.reflect.NativeMethodAccessorImpl.invoke(NativeMethodAccessorImpl.java:62)
	at sun.reflect.DelegatingMethodAccessorImpl.invoke(DelegatingMethodAccessorImpl.java:43)
	at java.lang.reflect.Method.invoke(Method.java:498)
	at org.mybatis.spring.SqlSessionTemplate$SqlSessionInterceptor.invoke(SqlSessionTemplate.java:433)
	at com.sun.proxy.$Proxy90.insert(Unknown Source)
	at org.mybatis.spring.SqlSessionTemplate.insert(SqlSessionTemplate.java:278)
	at org.apache.ibatis.binding.MapperMethod.execute(MapperMethod.java:57)
	at org.apache.ibatis.binding.MapperProxy.invoke(MapperProxy.java:59)
	at com.sun.proxy.$Proxy121.insertPdBat(Unknown Source)
	at com.fuyaogroup.eam.modules.fusion.service.impl.AssetPdBatServiceImpl.insertOne(AssetPdBatServiceImpl.java:53)
	at com.fuyaogroup.eam.controller.PdAssetManageController.addExceptionBat(PdAssetManageController.java:462)
	at sun.reflect.NativeMethodAccessorImpl.invoke0(Native Method)
	at sun.reflect.NativeMethodAccessorImpl.invoke(NativeMethodAccessorImpl.java:62)
	at sun.reflect.DelegatingMethodAccessorImpl.invoke(DelegatingMethodAccessorImpl.java:43)
	at java.lang.reflect.Method.invoke(Method.java:498)
	at org.springframework.web.method.support.InvocableHandlerMethod.doInvoke(InvocableHandlerMethod.java:189)
	at org.springframework.web.method.support.InvocableHandlerMethod.invokeForRequest(InvocableHandlerMethod.java:138)
	at org.springframework.web.servlet.mvc.method.annotation.ServletInvocableHandlerMethod.invokeAndHandle(ServletInvocableHandlerMethod.java:102)
	at org.springframework.web.servlet.mvc.method.annotation.RequestMappingHandlerAdapter.invokeHandlerMethod(RequestMappingHandlerAdapter.java:895)
	at org.springframework.web.servlet.mvc.method.annotation.RequestMappingHandlerAdapter.handleInternal(RequestMappingHandlerAdapter.java:800)
	at org.springframework.web.servlet.mvc.method.AbstractHandlerMethodAdapter.handle(AbstractHandlerMethodAdapter.java:87)
	at org.springframework.web.servlet.DispatcherServlet.doDispatch(DispatcherServlet.java:1038)
	at org.springframework.web.servlet.DispatcherServlet.doService(DispatcherServlet.java:942)
	at org.springframework.web.servlet.FrameworkServlet.processRequest(FrameworkServlet.java:1005)
	at org.springframework.web.servlet.FrameworkServlet.doPost(FrameworkServlet.java:908)
	at javax.servlet.http.HttpServlet.service(HttpServlet.java:660)
	at org.springframework.web.servlet.FrameworkServlet.service(FrameworkServlet.java:882)
	at javax.servlet.http.HttpServlet.service(HttpServlet.java:741)
	at org.apache.catalina.core.ApplicationFilterChain.internalDoFilter(ApplicationFilterChain.java:231)
	at org.apache.catalina.core.ApplicationFilterChain.doFilter(ApplicationFilterChain.java:166)
	at org.apache.tomcat.websocket.server.WsFilter.doFilter(WsFilter.java:53)
	at org.apache.catalina.core.ApplicationFilterChain.internalDoFilter(ApplicationFilterChain.java:193)
	at org.apache.catalina.core.ApplicationFilterChain.doFilter(ApplicationFilterChain.java:166)
	at com.alibaba.druid.support.http.WebStatFilter.doFilter(WebStatFilter.java:123)
	at org.apache.catalina.core.ApplicationFilterChain.internalDoFilter(ApplicationFilterChain.java:193)
	at org.apache.catalina.core.ApplicationFilterChain.doFilter(ApplicationFilterChain.java:166)
	at org.springframework.web.filter.RequestContextFilter.doFilterInternal(RequestContextFilter.java:99)
	at org.springframework.web.filter.OncePerRequestFilter.doFilter(OncePerRequestFilter.java:107)
	at org.apache.catalina.core.ApplicationFilterChain.internalDoFilter(ApplicationFilterChain.java:193)
	at org.apache.catalina.core.ApplicationFilterChain.doFilter(ApplicationFilterChain.java:166)
	at org.springframework.web.filter.FormContentFilter.doFilterInternal(FormContentFilter.java:92)
	at org.springframework.web.filter.OncePerRequestFilter.doFilter(OncePerRequestFilter.java:107)
	at org.apache.catalina.core.ApplicationFilterChain.internalDoFilter(ApplicationFilterChain.java:193)
	at org.apache.catalina.core.ApplicationFilterChain.doFilter(ApplicationFilterChain.java:166)
	at org.springframework.web.filter.HiddenHttpMethodFilter.doFilterInternal(HiddenHttpMethodFilter.java:93)
	at org.springframework.web.filter.OncePerRequestFilter.doFilter(OncePerRequestFilter.java:107)
	at org.apache.catalina.core.ApplicationFilterChain.internalDoFilter(ApplicationFilterChain.java:193)
	at org.apache.catalina.core.ApplicationFilterChain.doFilter(ApplicationFilterChain.java:166)
	at org.springframework.web.filter.CharacterEncodingFilter.doFilterInternal(CharacterEncodingFilter.java:200)
	at org.springframework.web.filter.OncePerRequestFilter.doFilter(OncePerRequestFilter.java:107)
	at org.apache.catalina.core.ApplicationFilterChain.internalDoFilter(ApplicationFilterChain.java:193)
	at org.apache.catalina.core.ApplicationFilterChain.doFilter(ApplicationFilterChain.java:166)
	at org.apache.catalina.core.StandardWrapperValve.invoke(StandardWrapperValve.java:199)
	at org.apache.catalina.core.StandardContextValve.invoke(StandardContextValve.java:96)
	at org.apache.catalina.authenticator.AuthenticatorBase.invoke(AuthenticatorBase.java:490)
	at org.apache.catalina.core.StandardHostValve.invoke(StandardHostValve.java:139)
	at org.apache.catalina.valves.ErrorReportValve.invoke(ErrorReportValve.java:92)
	at org.apache.catalina.core.StandardEngineValve.invoke(StandardEngineValve.java:74)
	at org.apache.catalina.connector.CoyoteAdapter.service(CoyoteAdapter.java:343)
	at org.apache.coyote.http11.Http11Processor.service(Http11Processor.java:408)
	at org.apache.coyote.AbstractProcessorLight.process(AbstractProcessorLight.java:66)
	at org.apache.coyote.AbstractProtocol$ConnectionHandler.process(AbstractProtocol.java:791)
	at org.apache.tomcat.util.net.NioEndpoint$SocketProcessor.doRun(NioEndpoint.java:1417)
	at org.apache.tomcat.util.net.SocketProcessorBase.run(SocketProcessorBase.java:49)
	at java.util.concurrent.ThreadPoolExecutor.runWorker(ThreadPoolExecutor.java:1149)
	at java.util.concurrent.ThreadPoolExecutor$Worker.run(ThreadPoolExecutor.java:624)
	at org.apache.tomcat.util.threads.TaskThread$WrappingRunnable.run(TaskThread.java:61)
	at java.lang.Thread.run(Thread.java:748)
2020-07-02 10:37:51 -2020-07-02T10:37:51.112:查询盘点批次列表,开始...
2020-07-02 10:37:51 -==>  Preparing: SELECT * FROM ASSETPDBAT 
2020-07-02 10:37:51 -==> Parameters: 
2020-07-02 10:37:51 -<==      Total: 9
2020-07-02 10:38:14 -增加盘点批次开始！
2020-07-02 10:38:18 -==>  Preparing: SELECT * FROM ASSETPD a where a.pdBatId = ? and a.status='0' 
2020-07-02 10:38:18 -==> Parameters: 200702835(Long)
2020-07-02 10:38:18 -<==      Total: 1
2020-07-02 10:38:31 -==>  Preparing: INSERT INTO ASSETPDBAT(pdBatId,pdBatCode,pdStartDate,pdEndDate ,iSAll ,orgList ) VALUES(?, ?, ?, ?, ?,?) 
2020-07-02 10:38:31 -==> Parameters: 200702254(String), 0702(String), 2020-07-02 10:38:14.684(Timestamp), 2020-07-16 10:38:14.684(Timestamp), 1(String), 福耀三峰股份有限公司(String)
2020-07-02 10:38:31 -<==    Updates: 1
2020-07-02 10:38:44 -==>  Preparing: update ASSETPD SET jobNum=?,SerialNumber=?,AssetNumber=?,userName=?,OrganizationName=?,department=?,pdBatId=? where pdCode=? 
2020-07-02 10:38:45 -==> Parameters: 075217(String), 2NJH3G2(String), G-NB662(String), 邱宝松(String), 福耀三峰股份有限公司(String), 铝件公司(String), 200702254(Long), 20070283500(Long)
2020-07-02 10:38:45 -<==    Updates: 1
2020-07-02 10:39:05 -远程获取AccessToken：{"errcode":0,"errmsg":"ok","access_token":"y9Y3GXkdgulJhGS-KZdtZ4ItsBTho0f4RX7A5GGHwBI6kDu6EPUJ2qbNoiQU2H9x3QNhr83yiQ08BJ5fFVl5JCvKkrquMtflsCZNOkPtYKka8NlDzDL0449Ub-JwFDRDXWE1uXt2H0jylfr6yEm3NFnUoZe_QAQuga9W39b7c8qHRwqiZsGVZa6u631o7sgt52PVm3DY2d1UAsYInQwFDw","expires_in":7200}
2020-07-02 10:39:27 -发送消息给用户075217成功！
2020-07-02 10:39:58 -==>  Preparing: SELECT * FROM config a where a.config_Type = ? and a.configname=? 
2020-07-02 10:39:58 -==> Parameters: 4(Integer), super_admin(String)
2020-07-02 10:39:58 -<==      Total: 1
2020-07-02 10:39:59 -2020-07-02T10:39:59.270:查询盘点批次列表,开始...
2020-07-02 10:39:59 -==>  Preparing: SELECT * FROM ASSETPDBAT 
2020-07-02 10:39:59 -==> Parameters: 
2020-07-02 10:39:59 -<==      Total: 10
2020-07-02 10:41:08 -2020-07-02T10:41:08.387:查询盘点列表,开始...
2020-07-02 10:41:08 -==>  Preparing: SELECT * FROM ASSETPD a where a.pdBatId = ? 
2020-07-02 10:41:08 -==> Parameters: 200702254(Long)
2020-07-02 10:41:08 -<==      Total: 1
2020-07-02 10:41:08 -2020-07-02T10:41:08.407:查询盘点列表,结束...
2020-07-02 10:48:08 -2020-07-02T10:48:08.676:查询盘点批次列表,开始...
2020-07-02 10:48:12 -增加盘点批次开始！
2020-07-02 10:48:51 -2020-07-02T10:48:51.453:查询盘点批次列表,开始...
2020-07-02 10:49:27 -增加盘点批次开始！
