2020-08-01 00:09:34 -2020-08-01T00:09:34.151:执行定时任务更新资产开始...
2020-08-01 00:09:34 -create connection SQLException, url: jdbc:oracle:thin:@10.112.17.28/capp, errorCode 17002, state null
java.sql.SQLException: Io 异常: The Network Adapter could not establish the connection
	at oracle.jdbc.driver.DatabaseError.throwSqlException(DatabaseError.java:113)
	at oracle.jdbc.driver.DatabaseError.throwSqlException(DatabaseError.java:147)
	at oracle.jdbc.driver.DatabaseError.throwSqlException(DatabaseError.java:257)
	at oracle.jdbc.driver.T4CConnection.logon(T4CConnection.java:389)
	at oracle.jdbc.driver.PhysicalConnection.<init>(PhysicalConnection.java:454)
	at oracle.jdbc.driver.T4CConnection.<init>(T4CConnection.java:165)
	at oracle.jdbc.driver.T4CDriverExtension.getConnection(T4CDriverExtension.java:35)
	at oracle.jdbc.driver.OracleDriver.connect(OracleDriver.java:802)
	at com.alibaba.druid.filter.FilterChainImpl.connection_connect(FilterChainImpl.java:156)
	at com.alibaba.druid.filter.stat.StatFilter.connection_connect(StatFilter.java:218)
	at com.alibaba.druid.filter.FilterChainImpl.connection_connect(FilterChainImpl.java:150)
	at com.alibaba.druid.pool.DruidAbstractDataSource.createPhysicalConnection(DruidAbstractDataSource.java:1560)
	at com.alibaba.druid.pool.DruidAbstractDataSource.createPhysicalConnection(DruidAbstractDataSource.java:1623)
	at com.alibaba.druid.pool.DruidDataSource$CreateConnectionThread.run(DruidDataSource.java:2468)
2020-08-01 00:09:34 -create connection SQLException, url: jdbc:oracle:thin:@10.112.17.28/capp, errorCode 17002, state null
java.sql.SQLException: Io 异常: The Network Adapter could not establish the connection
	at oracle.jdbc.driver.DatabaseError.throwSqlException(DatabaseError.java:113)
	at oracle.jdbc.driver.DatabaseError.throwSqlException(DatabaseError.java:147)
	at oracle.jdbc.driver.DatabaseError.throwSqlException(DatabaseError.java:257)
	at oracle.jdbc.driver.T4CConnection.logon(T4CConnection.java:389)
	at oracle.jdbc.driver.PhysicalConnection.<init>(PhysicalConnection.java:454)
	at oracle.jdbc.driver.T4CConnection.<init>(T4CConnection.java:165)
	at oracle.jdbc.driver.T4CDriverExtension.getConnection(T4CDriverExtension.java:35)
	at oracle.jdbc.driver.OracleDriver.connect(OracleDriver.java:802)
	at com.alibaba.druid.filter.FilterChainImpl.connection_connect(FilterChainImpl.java:156)
	at com.alibaba.druid.filter.stat.StatFilter.connection_connect(StatFilter.java:218)
	at com.alibaba.druid.filter.FilterChainImpl.connection_connect(FilterChainImpl.java:150)
	at com.alibaba.druid.pool.DruidAbstractDataSource.createPhysicalConnection(DruidAbstractDataSource.java:1560)
	at com.alibaba.druid.pool.DruidAbstractDataSource.createPhysicalConnection(DruidAbstractDataSource.java:1623)
	at com.alibaba.druid.pool.DruidDataSource$CreateConnectionThread.run(DruidDataSource.java:2468)
2020-08-01 00:09:34 -create connection SQLException, url: jdbc:oracle:thin:@10.112.17.28/capp, errorCode 17002, state null
java.sql.SQLException: Io 异常: The Network Adapter could not establish the connection
	at oracle.jdbc.driver.DatabaseError.throwSqlException(DatabaseError.java:113)
	at oracle.jdbc.driver.DatabaseError.throwSqlException(DatabaseError.java:147)
	at oracle.jdbc.driver.DatabaseError.throwSqlException(DatabaseError.java:257)
	at oracle.jdbc.driver.T4CConnection.logon(T4CConnection.java:389)
	at oracle.jdbc.driver.PhysicalConnection.<init>(PhysicalConnection.java:454)
	at oracle.jdbc.driver.T4CConnection.<init>(T4CConnection.java:165)
	at oracle.jdbc.driver.T4CDriverExtension.getConnection(T4CDriverExtension.java:35)
	at oracle.jdbc.driver.OracleDriver.connect(OracleDriver.java:802)
	at com.alibaba.druid.filter.FilterChainImpl.connection_connect(FilterChainImpl.java:156)
	at com.alibaba.druid.filter.stat.StatFilter.connection_connect(StatFilter.java:218)
	at com.alibaba.druid.filter.FilterChainImpl.connection_connect(FilterChainImpl.java:150)
	at com.alibaba.druid.pool.DruidAbstractDataSource.createPhysicalConnection(DruidAbstractDataSource.java:1560)
	at com.alibaba.druid.pool.DruidAbstractDataSource.createPhysicalConnection(DruidAbstractDataSource.java:1623)
	at com.alibaba.druid.pool.DruidDataSource$CreateConnectionThread.run(DruidDataSource.java:2468)
2020-08-01 00:09:35 -create connection SQLException, url: jdbc:oracle:thin:@10.112.17.28/capp, errorCode 17002, state null
java.sql.SQLException: Io 异常: The Network Adapter could not establish the connection
	at oracle.jdbc.driver.DatabaseError.throwSqlException(DatabaseError.java:113)
	at oracle.jdbc.driver.DatabaseError.throwSqlException(DatabaseError.java:147)
	at oracle.jdbc.driver.DatabaseError.throwSqlException(DatabaseError.java:257)
	at oracle.jdbc.driver.T4CConnection.logon(T4CConnection.java:389)
	at oracle.jdbc.driver.PhysicalConnection.<init>(PhysicalConnection.java:454)
	at oracle.jdbc.driver.T4CConnection.<init>(T4CConnection.java:165)
	at oracle.jdbc.driver.T4CDriverExtension.getConnection(T4CDriverExtension.java:35)
	at oracle.jdbc.driver.OracleDriver.connect(OracleDriver.java:802)
	at com.alibaba.druid.filter.FilterChainImpl.connection_connect(FilterChainImpl.java:156)
	at com.alibaba.druid.filter.stat.StatFilter.connection_connect(StatFilter.java:218)
	at com.alibaba.druid.filter.FilterChainImpl.connection_connect(FilterChainImpl.java:150)
	at com.alibaba.druid.pool.DruidAbstractDataSource.createPhysicalConnection(DruidAbstractDataSource.java:1560)
	at com.alibaba.druid.pool.DruidAbstractDataSource.createPhysicalConnection(DruidAbstractDataSource.java:1623)
	at com.alibaba.druid.pool.DruidDataSource$CreateConnectionThread.run(DruidDataSource.java:2468)
2020-08-01 00:09:35 -create connection SQLException, url: jdbc:oracle:thin:@10.112.17.28/capp, errorCode 17002, state null
java.sql.SQLException: Io 异常: The Network Adapter could not establish the connection
	at oracle.jdbc.driver.DatabaseError.throwSqlException(DatabaseError.java:113)
	at oracle.jdbc.driver.DatabaseError.throwSqlException(DatabaseError.java:147)
	at oracle.jdbc.driver.DatabaseError.throwSqlException(DatabaseError.java:257)
	at oracle.jdbc.driver.T4CConnection.logon(T4CConnection.java:389)
	at oracle.jdbc.driver.PhysicalConnection.<init>(PhysicalConnection.java:454)
	at oracle.jdbc.driver.T4CConnection.<init>(T4CConnection.java:165)
	at oracle.jdbc.driver.T4CDriverExtension.getConnection(T4CDriverExtension.java:35)
	at oracle.jdbc.driver.OracleDriver.connect(OracleDriver.java:802)
	at com.alibaba.druid.filter.FilterChainImpl.connection_connect(FilterChainImpl.java:156)
	at com.alibaba.druid.filter.stat.StatFilter.connection_connect(StatFilter.java:218)
	at com.alibaba.druid.filter.FilterChainImpl.connection_connect(FilterChainImpl.java:150)
	at com.alibaba.druid.pool.DruidAbstractDataSource.createPhysicalConnection(DruidAbstractDataSource.java:1560)
	at com.alibaba.druid.pool.DruidAbstractDataSource.createPhysicalConnection(DruidAbstractDataSource.java:1623)
	at com.alibaba.druid.pool.DruidDataSource$CreateConnectionThread.run(DruidDataSource.java:2468)
2020-08-01 00:09:36 -create connection SQLException, url: jdbc:oracle:thin:@10.112.17.28/capp, errorCode 17002, state null
java.sql.SQLException: Io 异常: The Network Adapter could not establish the connection
	at oracle.jdbc.driver.DatabaseError.throwSqlException(DatabaseError.java:113)
	at oracle.jdbc.driver.DatabaseError.throwSqlException(DatabaseError.java:147)
	at oracle.jdbc.driver.DatabaseError.throwSqlException(DatabaseError.java:257)
	at oracle.jdbc.driver.T4CConnection.logon(T4CConnection.java:389)
	at oracle.jdbc.driver.PhysicalConnection.<init>(PhysicalConnection.java:454)
	at oracle.jdbc.driver.T4CConnection.<init>(T4CConnection.java:165)
	at oracle.jdbc.driver.T4CDriverExtension.getConnection(T4CDriverExtension.java:35)
	at oracle.jdbc.driver.OracleDriver.connect(OracleDriver.java:802)
	at com.alibaba.druid.filter.FilterChainImpl.connection_connect(FilterChainImpl.java:156)
	at com.alibaba.druid.filter.stat.StatFilter.connection_connect(StatFilter.java:218)
	at com.alibaba.druid.filter.FilterChainImpl.connection_connect(FilterChainImpl.java:150)
	at com.alibaba.druid.pool.DruidAbstractDataSource.createPhysicalConnection(DruidAbstractDataSource.java:1560)
	at com.alibaba.druid.pool.DruidAbstractDataSource.createPhysicalConnection(DruidAbstractDataSource.java:1623)
	at com.alibaba.druid.pool.DruidDataSource$CreateConnectionThread.run(DruidDataSource.java:2468)
2020-08-01 00:09:37 -create connection SQLException, url: jdbc:oracle:thin:@10.112.17.28/capp, errorCode 17002, state null
java.sql.SQLException: Io 异常: The Network Adapter could not establish the connection
	at oracle.jdbc.driver.DatabaseError.throwSqlException(DatabaseError.java:113)
	at oracle.jdbc.driver.DatabaseError.throwSqlException(DatabaseError.java:147)
	at oracle.jdbc.driver.DatabaseError.throwSqlException(DatabaseError.java:257)
	at oracle.jdbc.driver.T4CConnection.logon(T4CConnection.java:389)
	at oracle.jdbc.driver.PhysicalConnection.<init>(PhysicalConnection.java:454)
	at oracle.jdbc.driver.T4CConnection.<init>(T4CConnection.java:165)
	at oracle.jdbc.driver.T4CDriverExtension.getConnection(T4CDriverExtension.java:35)
	at oracle.jdbc.driver.OracleDriver.connect(OracleDriver.java:802)
	at com.alibaba.druid.filter.FilterChainImpl.connection_connect(FilterChainImpl.java:156)
	at com.alibaba.druid.filter.stat.StatFilter.connection_connect(StatFilter.java:218)
	at com.alibaba.druid.filter.FilterChainImpl.connection_connect(FilterChainImpl.java:150)
	at com.alibaba.druid.pool.DruidAbstractDataSource.createPhysicalConnection(DruidAbstractDataSource.java:1560)
	at com.alibaba.druid.pool.DruidAbstractDataSource.createPhysicalConnection(DruidAbstractDataSource.java:1623)
	at com.alibaba.druid.pool.DruidDataSource$CreateConnectionThread.run(DruidDataSource.java:2468)
2020-08-01 00:09:38 -create connection SQLException, url: jdbc:oracle:thin:@10.112.17.28/capp, errorCode 17002, state null
java.sql.SQLException: Io 异常: The Network Adapter could not establish the connection
	at oracle.jdbc.driver.DatabaseError.throwSqlException(DatabaseError.java:113)
	at oracle.jdbc.driver.DatabaseError.throwSqlException(DatabaseError.java:147)
	at oracle.jdbc.driver.DatabaseError.throwSqlException(DatabaseError.java:257)
	at oracle.jdbc.driver.T4CConnection.logon(T4CConnection.java:389)
	at oracle.jdbc.driver.PhysicalConnection.<init>(PhysicalConnection.java:454)
	at oracle.jdbc.driver.T4CConnection.<init>(T4CConnection.java:165)
	at oracle.jdbc.driver.T4CDriverExtension.getConnection(T4CDriverExtension.java:35)
	at oracle.jdbc.driver.OracleDriver.connect(OracleDriver.java:802)
	at com.alibaba.druid.filter.FilterChainImpl.connection_connect(FilterChainImpl.java:156)
	at com.alibaba.druid.filter.stat.StatFilter.connection_connect(StatFilter.java:218)
	at com.alibaba.druid.filter.FilterChainImpl.connection_connect(FilterChainImpl.java:150)
	at com.alibaba.druid.pool.DruidAbstractDataSource.createPhysicalConnection(DruidAbstractDataSource.java:1560)
	at com.alibaba.druid.pool.DruidAbstractDataSource.createPhysicalConnection(DruidAbstractDataSource.java:1623)
	at com.alibaba.druid.pool.DruidDataSource$CreateConnectionThread.run(DruidDataSource.java:2468)
2020-08-01 00:09:39 -create connection SQLException, url: jdbc:oracle:thin:@10.112.17.28/capp, errorCode 17002, state null
java.sql.SQLException: Io 异常: The Network Adapter could not establish the connection
	at oracle.jdbc.driver.DatabaseError.throwSqlException(DatabaseError.java:113)
	at oracle.jdbc.driver.DatabaseError.throwSqlException(DatabaseError.java:147)
	at oracle.jdbc.driver.DatabaseError.throwSqlException(DatabaseError.java:257)
	at oracle.jdbc.driver.T4CConnection.logon(T4CConnection.java:389)
	at oracle.jdbc.driver.PhysicalConnection.<init>(PhysicalConnection.java:454)
	at oracle.jdbc.driver.T4CConnection.<init>(T4CConnection.java:165)
	at oracle.jdbc.driver.T4CDriverExtension.getConnection(T4CDriverExtension.java:35)
	at oracle.jdbc.driver.OracleDriver.connect(OracleDriver.java:802)
	at com.alibaba.druid.filter.FilterChainImpl.connection_connect(FilterChainImpl.java:156)
	at com.alibaba.druid.filter.stat.StatFilter.connection_connect(StatFilter.java:218)
	at com.alibaba.druid.filter.FilterChainImpl.connection_connect(FilterChainImpl.java:150)
	at com.alibaba.druid.pool.DruidAbstractDataSource.createPhysicalConnection(DruidAbstractDataSource.java:1560)
	at com.alibaba.druid.pool.DruidAbstractDataSource.createPhysicalConnection(DruidAbstractDataSource.java:1623)
	at com.alibaba.druid.pool.DruidDataSource$CreateConnectionThread.run(DruidDataSource.java:2468)
2020-08-01 00:09:40 -create connection SQLException, url: jdbc:oracle:thin:@10.112.17.28/capp, errorCode 17002, state null
java.sql.SQLException: Io 异常: The Network Adapter could not establish the connection
	at oracle.jdbc.driver.DatabaseError.throwSqlException(DatabaseError.java:113)
	at oracle.jdbc.driver.DatabaseError.throwSqlException(DatabaseError.java:147)
	at oracle.jdbc.driver.DatabaseError.throwSqlException(DatabaseError.java:257)
	at oracle.jdbc.driver.T4CConnection.logon(T4CConnection.java:389)
	at oracle.jdbc.driver.PhysicalConnection.<init>(PhysicalConnection.java:454)
	at oracle.jdbc.driver.T4CConnection.<init>(T4CConnection.java:165)
	at oracle.jdbc.driver.T4CDriverExtension.getConnection(T4CDriverExtension.java:35)
	at oracle.jdbc.driver.OracleDriver.connect(OracleDriver.java:802)
	at com.alibaba.druid.filter.FilterChainImpl.connection_connect(FilterChainImpl.java:156)
	at com.alibaba.druid.filter.stat.StatFilter.connection_connect(StatFilter.java:218)
	at com.alibaba.druid.filter.FilterChainImpl.connection_connect(FilterChainImpl.java:150)
	at com.alibaba.druid.pool.DruidAbstractDataSource.createPhysicalConnection(DruidAbstractDataSource.java:1560)
	at com.alibaba.druid.pool.DruidAbstractDataSource.createPhysicalConnection(DruidAbstractDataSource.java:1623)
	at com.alibaba.druid.pool.DruidDataSource$CreateConnectionThread.run(DruidDataSource.java:2468)
2020-08-01 00:09:40 -create connection SQLException, url: jdbc:oracle:thin:@10.112.17.28/capp, errorCode 17002, state null
java.sql.SQLException: Io 异常: The Network Adapter could not establish the connection
	at oracle.jdbc.driver.DatabaseError.throwSqlException(DatabaseError.java:113)
	at oracle.jdbc.driver.DatabaseError.throwSqlException(DatabaseError.java:147)
	at oracle.jdbc.driver.DatabaseError.throwSqlException(DatabaseError.java:257)
	at oracle.jdbc.driver.T4CConnection.logon(T4CConnection.java:389)
	at oracle.jdbc.driver.PhysicalConnection.<init>(PhysicalConnection.java:454)
	at oracle.jdbc.driver.T4CConnection.<init>(T4CConnection.java:165)
	at oracle.jdbc.driver.T4CDriverExtension.getConnection(T4CDriverExtension.java:35)
	at oracle.jdbc.driver.OracleDriver.connect(OracleDriver.java:802)
	at com.alibaba.druid.filter.FilterChainImpl.connection_connect(FilterChainImpl.java:156)
	at com.alibaba.druid.filter.stat.StatFilter.connection_connect(StatFilter.java:218)
	at com.alibaba.druid.filter.FilterChainImpl.connection_connect(FilterChainImpl.java:150)
	at com.alibaba.druid.pool.DruidAbstractDataSource.createPhysicalConnection(DruidAbstractDataSource.java:1560)
	at com.alibaba.druid.pool.DruidAbstractDataSource.createPhysicalConnection(DruidAbstractDataSource.java:1623)
	at com.alibaba.druid.pool.DruidDataSource$CreateConnectionThread.run(DruidDataSource.java:2468)
2020-08-01 00:09:41 -create connection SQLException, url: jdbc:oracle:thin:@10.112.17.28/capp, errorCode 17002, state null
java.sql.SQLException: Io 异常: The Network Adapter could not establish the connection
	at oracle.jdbc.driver.DatabaseError.throwSqlException(DatabaseError.java:113)
	at oracle.jdbc.driver.DatabaseError.throwSqlException(DatabaseError.java:147)
	at oracle.jdbc.driver.DatabaseError.throwSqlException(DatabaseError.java:257)
	at oracle.jdbc.driver.T4CConnection.logon(T4CConnection.java:389)
	at oracle.jdbc.driver.PhysicalConnection.<init>(PhysicalConnection.java:454)
	at oracle.jdbc.driver.T4CConnection.<init>(T4CConnection.java:165)
	at oracle.jdbc.driver.T4CDriverExtension.getConnection(T4CDriverExtension.java:35)
	at oracle.jdbc.driver.OracleDriver.connect(OracleDriver.java:802)
	at com.alibaba.druid.filter.FilterChainImpl.connection_connect(FilterChainImpl.java:156)
	at com.alibaba.druid.filter.stat.StatFilter.connection_connect(StatFilter.java:218)
	at com.alibaba.druid.filter.FilterChainImpl.connection_connect(FilterChainImpl.java:150)
	at com.alibaba.druid.pool.DruidAbstractDataSource.createPhysicalConnection(DruidAbstractDataSource.java:1560)
	at com.alibaba.druid.pool.DruidAbstractDataSource.createPhysicalConnection(DruidAbstractDataSource.java:1623)
	at com.alibaba.druid.pool.DruidDataSource$CreateConnectionThread.run(DruidDataSource.java:2468)
2020-08-01 00:09:43 -create connection SQLException, url: jdbc:oracle:thin:@10.112.17.28/capp, errorCode 17002, state null
java.sql.SQLException: Io 异常: The Network Adapter could not establish the connection
	at oracle.jdbc.driver.DatabaseError.throwSqlException(DatabaseError.java:113)
	at oracle.jdbc.driver.DatabaseError.throwSqlException(DatabaseError.java:147)
	at oracle.jdbc.driver.DatabaseError.throwSqlException(DatabaseError.java:257)
	at oracle.jdbc.driver.T4CConnection.logon(T4CConnection.java:389)
	at oracle.jdbc.driver.PhysicalConnection.<init>(PhysicalConnection.java:454)
	at oracle.jdbc.driver.T4CConnection.<init>(T4CConnection.java:165)
	at oracle.jdbc.driver.T4CDriverExtension.getConnection(T4CDriverExtension.java:35)
	at oracle.jdbc.driver.OracleDriver.connect(OracleDriver.java:802)
	at com.alibaba.druid.filter.FilterChainImpl.connection_connect(FilterChainImpl.java:156)
	at com.alibaba.druid.filter.stat.StatFilter.connection_connect(StatFilter.java:218)
	at com.alibaba.druid.filter.FilterChainImpl.connection_connect(FilterChainImpl.java:150)
	at com.alibaba.druid.pool.DruidAbstractDataSource.createPhysicalConnection(DruidAbstractDataSource.java:1560)
	at com.alibaba.druid.pool.DruidAbstractDataSource.createPhysicalConnection(DruidAbstractDataSource.java:1623)
	at com.alibaba.druid.pool.DruidDataSource$CreateConnectionThread.run(DruidDataSource.java:2468)
2020-08-01 00:09:44 -create connection SQLException, url: jdbc:oracle:thin:@10.112.17.28/capp, errorCode 17002, state null
java.sql.SQLException: Io 异常: The Network Adapter could not establish the connection
	at oracle.jdbc.driver.DatabaseError.throwSqlException(DatabaseError.java:113)
	at oracle.jdbc.driver.DatabaseError.throwSqlException(DatabaseError.java:147)
	at oracle.jdbc.driver.DatabaseError.throwSqlException(DatabaseError.java:257)
	at oracle.jdbc.driver.T4CConnection.logon(T4CConnection.java:389)
	at oracle.jdbc.driver.PhysicalConnection.<init>(PhysicalConnection.java:454)
	at oracle.jdbc.driver.T4CConnection.<init>(T4CConnection.java:165)
	at oracle.jdbc.driver.T4CDriverExtension.getConnection(T4CDriverExtension.java:35)
	at oracle.jdbc.driver.OracleDriver.connect(OracleDriver.java:802)
	at com.alibaba.druid.filter.FilterChainImpl.connection_connect(FilterChainImpl.java:156)
	at com.alibaba.druid.filter.stat.StatFilter.connection_connect(StatFilter.java:218)
	at com.alibaba.druid.filter.FilterChainImpl.connection_connect(FilterChainImpl.java:150)
	at com.alibaba.druid.pool.DruidAbstractDataSource.createPhysicalConnection(DruidAbstractDataSource.java:1560)
	at com.alibaba.druid.pool.DruidAbstractDataSource.createPhysicalConnection(DruidAbstractDataSource.java:1623)
	at com.alibaba.druid.pool.DruidDataSource$CreateConnectionThread.run(DruidDataSource.java:2468)
2020-08-01 00:09:45 -create connection SQLException, url: jdbc:oracle:thin:@10.112.17.28/capp, errorCode 17002, state null
java.sql.SQLException: Io 异常: The Network Adapter could not establish the connection
	at oracle.jdbc.driver.DatabaseError.throwSqlException(DatabaseError.java:113)
	at oracle.jdbc.driver.DatabaseError.throwSqlException(DatabaseError.java:147)
	at oracle.jdbc.driver.DatabaseError.throwSqlException(DatabaseError.java:257)
	at oracle.jdbc.driver.T4CConnection.logon(T4CConnection.java:389)
	at oracle.jdbc.driver.PhysicalConnection.<init>(PhysicalConnection.java:454)
	at oracle.jdbc.driver.T4CConnection.<init>(T4CConnection.java:165)
	at oracle.jdbc.driver.T4CDriverExtension.getConnection(T4CDriverExtension.java:35)
	at oracle.jdbc.driver.OracleDriver.connect(OracleDriver.java:802)
	at com.alibaba.druid.filter.FilterChainImpl.connection_connect(FilterChainImpl.java:156)
	at com.alibaba.druid.filter.stat.StatFilter.connection_connect(StatFilter.java:218)
	at com.alibaba.druid.filter.FilterChainImpl.connection_connect(FilterChainImpl.java:150)
	at com.alibaba.druid.pool.DruidAbstractDataSource.createPhysicalConnection(DruidAbstractDataSource.java:1560)
	at com.alibaba.druid.pool.DruidAbstractDataSource.createPhysicalConnection(DruidAbstractDataSource.java:1623)
	at com.alibaba.druid.pool.DruidDataSource$CreateConnectionThread.run(DruidDataSource.java:2468)
2020-08-01 00:09:45 -create connection SQLException, url: jdbc:oracle:thin:@10.112.17.28/capp, errorCode 17002, state null
java.sql.SQLException: Io 异常: The Network Adapter could not establish the connection
	at oracle.jdbc.driver.DatabaseError.throwSqlException(DatabaseError.java:113)
	at oracle.jdbc.driver.DatabaseError.throwSqlException(DatabaseError.java:147)
	at oracle.jdbc.driver.DatabaseError.throwSqlException(DatabaseError.java:257)
	at oracle.jdbc.driver.T4CConnection.logon(T4CConnection.java:389)
	at oracle.jdbc.driver.PhysicalConnection.<init>(PhysicalConnection.java:454)
	at oracle.jdbc.driver.T4CConnection.<init>(T4CConnection.java:165)
	at oracle.jdbc.driver.T4CDriverExtension.getConnection(T4CDriverExtension.java:35)
	at oracle.jdbc.driver.OracleDriver.connect(OracleDriver.java:802)
	at com.alibaba.druid.filter.FilterChainImpl.connection_connect(FilterChainImpl.java:156)
	at com.alibaba.druid.filter.stat.StatFilter.connection_connect(StatFilter.java:218)
	at com.alibaba.druid.filter.FilterChainImpl.connection_connect(FilterChainImpl.java:150)
	at com.alibaba.druid.pool.DruidAbstractDataSource.createPhysicalConnection(DruidAbstractDataSource.java:1560)
	at com.alibaba.druid.pool.DruidAbstractDataSource.createPhysicalConnection(DruidAbstractDataSource.java:1623)
	at com.alibaba.druid.pool.DruidDataSource$CreateConnectionThread.run(DruidDataSource.java:2468)
2020-08-01 00:09:46 -create connection SQLException, url: jdbc:oracle:thin:@10.112.17.28/capp, errorCode 17002, state null
java.sql.SQLException: Io 异常: The Network Adapter could not establish the connection
	at oracle.jdbc.driver.DatabaseError.throwSqlException(DatabaseError.java:113)
	at oracle.jdbc.driver.DatabaseError.throwSqlException(DatabaseError.java:147)
	at oracle.jdbc.driver.DatabaseError.throwSqlException(DatabaseError.java:257)
	at oracle.jdbc.driver.T4CConnection.logon(T4CConnection.java:389)
	at oracle.jdbc.driver.PhysicalConnection.<init>(PhysicalConnection.java:454)
	at oracle.jdbc.driver.T4CConnection.<init>(T4CConnection.java:165)
	at oracle.jdbc.driver.T4CDriverExtension.getConnection(T4CDriverExtension.java:35)
	at oracle.jdbc.driver.OracleDriver.connect(OracleDriver.java:802)
	at com.alibaba.druid.filter.FilterChainImpl.connection_connect(FilterChainImpl.java:156)
	at com.alibaba.druid.filter.stat.StatFilter.connection_connect(StatFilter.java:218)
	at com.alibaba.druid.filter.FilterChainImpl.connection_connect(FilterChainImpl.java:150)
	at com.alibaba.druid.pool.DruidAbstractDataSource.createPhysicalConnection(DruidAbstractDataSource.java:1560)
	at com.alibaba.druid.pool.DruidAbstractDataSource.createPhysicalConnection(DruidAbstractDataSource.java:1623)
	at com.alibaba.druid.pool.DruidDataSource$CreateConnectionThread.run(DruidDataSource.java:2468)
2020-08-01 00:09:46 -create connection SQLException, url: jdbc:oracle:thin:@10.112.17.28/capp, errorCode 17002, state null
java.sql.SQLException: Io 异常: The Network Adapter could not establish the connection
	at oracle.jdbc.driver.DatabaseError.throwSqlException(DatabaseError.java:113)
	at oracle.jdbc.driver.DatabaseError.throwSqlException(DatabaseError.java:147)
	at oracle.jdbc.driver.DatabaseError.throwSqlException(DatabaseError.java:257)
	at oracle.jdbc.driver.T4CConnection.logon(T4CConnection.java:389)
	at oracle.jdbc.driver.PhysicalConnection.<init>(PhysicalConnection.java:454)
	at oracle.jdbc.driver.T4CConnection.<init>(T4CConnection.java:165)
	at oracle.jdbc.driver.T4CDriverExtension.getConnection(T4CDriverExtension.java:35)
	at oracle.jdbc.driver.OracleDriver.connect(OracleDriver.java:802)
	at com.alibaba.druid.filter.FilterChainImpl.connection_connect(FilterChainImpl.java:156)
	at com.alibaba.druid.filter.stat.StatFilter.connection_connect(StatFilter.java:218)
	at com.alibaba.druid.filter.FilterChainImpl.connection_connect(FilterChainImpl.java:150)
	at com.alibaba.druid.pool.DruidAbstractDataSource.createPhysicalConnection(DruidAbstractDataSource.java:1560)
	at com.alibaba.druid.pool.DruidAbstractDataSource.createPhysicalConnection(DruidAbstractDataSource.java:1623)
	at com.alibaba.druid.pool.DruidDataSource$CreateConnectionThread.run(DruidDataSource.java:2468)
2020-08-01 00:09:47 -create connection SQLException, url: jdbc:oracle:thin:@10.112.17.28/capp, errorCode 17002, state null
java.sql.SQLException: Io 异常: The Network Adapter could not establish the connection
	at oracle.jdbc.driver.DatabaseError.throwSqlException(DatabaseError.java:113)
	at oracle.jdbc.driver.DatabaseError.throwSqlException(DatabaseError.java:147)
	at oracle.jdbc.driver.DatabaseError.throwSqlException(DatabaseError.java:257)
	at oracle.jdbc.driver.T4CConnection.logon(T4CConnection.java:389)
	at oracle.jdbc.driver.PhysicalConnection.<init>(PhysicalConnection.java:454)
	at oracle.jdbc.driver.T4CConnection.<init>(T4CConnection.java:165)
	at oracle.jdbc.driver.T4CDriverExtension.getConnection(T4CDriverExtension.java:35)
	at oracle.jdbc.driver.OracleDriver.connect(OracleDriver.java:802)
	at com.alibaba.druid.filter.FilterChainImpl.connection_connect(FilterChainImpl.java:156)
	at com.alibaba.druid.filter.stat.StatFilter.connection_connect(StatFilter.java:218)
	at com.alibaba.druid.filter.FilterChainImpl.connection_connect(FilterChainImpl.java:150)
	at com.alibaba.druid.pool.DruidAbstractDataSource.createPhysicalConnection(DruidAbstractDataSource.java:1560)
	at com.alibaba.druid.pool.DruidAbstractDataSource.createPhysicalConnection(DruidAbstractDataSource.java:1623)
	at com.alibaba.druid.pool.DruidDataSource$CreateConnectionThread.run(DruidDataSource.java:2468)
2020-08-01 00:09:47 -create connection SQLException, url: jdbc:oracle:thin:@10.112.17.28/capp, errorCode 17002, state null
java.sql.SQLException: Io 异常: The Network Adapter could not establish the connection
	at oracle.jdbc.driver.DatabaseError.throwSqlException(DatabaseError.java:113)
	at oracle.jdbc.driver.DatabaseError.throwSqlException(DatabaseError.java:147)
	at oracle.jdbc.driver.DatabaseError.throwSqlException(DatabaseError.java:257)
	at oracle.jdbc.driver.T4CConnection.logon(T4CConnection.java:389)
	at oracle.jdbc.driver.PhysicalConnection.<init>(PhysicalConnection.java:454)
	at oracle.jdbc.driver.T4CConnection.<init>(T4CConnection.java:165)
	at oracle.jdbc.driver.T4CDriverExtension.getConnection(T4CDriverExtension.java:35)
	at oracle.jdbc.driver.OracleDriver.connect(OracleDriver.java:802)
	at com.alibaba.druid.filter.FilterChainImpl.connection_connect(FilterChainImpl.java:156)
	at com.alibaba.druid.filter.stat.StatFilter.connection_connect(StatFilter.java:218)
	at com.alibaba.druid.filter.FilterChainImpl.connection_connect(FilterChainImpl.java:150)
	at com.alibaba.druid.pool.DruidAbstractDataSource.createPhysicalConnection(DruidAbstractDataSource.java:1560)
	at com.alibaba.druid.pool.DruidAbstractDataSource.createPhysicalConnection(DruidAbstractDataSource.java:1623)
	at com.alibaba.druid.pool.DruidDataSource$CreateConnectionThread.run(DruidDataSource.java:2468)
2020-08-01 00:09:48 -create connection SQLException, url: jdbc:oracle:thin:@10.112.17.28/capp, errorCode 17002, state null
java.sql.SQLException: Io 异常: The Network Adapter could not establish the connection
	at oracle.jdbc.driver.DatabaseError.throwSqlException(DatabaseError.java:113)
	at oracle.jdbc.driver.DatabaseError.throwSqlException(DatabaseError.java:147)
	at oracle.jdbc.driver.DatabaseError.throwSqlException(DatabaseError.java:257)
	at oracle.jdbc.driver.T4CConnection.logon(T4CConnection.java:389)
	at oracle.jdbc.driver.PhysicalConnection.<init>(PhysicalConnection.java:454)
	at oracle.jdbc.driver.T4CConnection.<init>(T4CConnection.java:165)
	at oracle.jdbc.driver.T4CDriverExtension.getConnection(T4CDriverExtension.java:35)
	at oracle.jdbc.driver.OracleDriver.connect(OracleDriver.java:802)
	at com.alibaba.druid.filter.FilterChainImpl.connection_connect(FilterChainImpl.java:156)
	at com.alibaba.druid.filter.stat.StatFilter.connection_connect(StatFilter.java:218)
	at com.alibaba.druid.filter.FilterChainImpl.connection_connect(FilterChainImpl.java:150)
	at com.alibaba.druid.pool.DruidAbstractDataSource.createPhysicalConnection(DruidAbstractDataSource.java:1560)
	at com.alibaba.druid.pool.DruidAbstractDataSource.createPhysicalConnection(DruidAbstractDataSource.java:1623)
	at com.alibaba.druid.pool.DruidDataSource$CreateConnectionThread.run(DruidDataSource.java:2468)
2020-08-01 00:09:48 -create connection SQLException, url: jdbc:oracle:thin:@10.112.17.28/capp, errorCode 17002, state null
java.sql.SQLException: Io 异常: The Network Adapter could not establish the connection
	at oracle.jdbc.driver.DatabaseError.throwSqlException(DatabaseError.java:113)
	at oracle.jdbc.driver.DatabaseError.throwSqlException(DatabaseError.java:147)
	at oracle.jdbc.driver.DatabaseError.throwSqlException(DatabaseError.java:257)
	at oracle.jdbc.driver.T4CConnection.logon(T4CConnection.java:389)
	at oracle.jdbc.driver.PhysicalConnection.<init>(PhysicalConnection.java:454)
	at oracle.jdbc.driver.T4CConnection.<init>(T4CConnection.java:165)
	at oracle.jdbc.driver.T4CDriverExtension.getConnection(T4CDriverExtension.java:35)
	at oracle.jdbc.driver.OracleDriver.connect(OracleDriver.java:802)
	at com.alibaba.druid.filter.FilterChainImpl.connection_connect(FilterChainImpl.java:156)
	at com.alibaba.druid.filter.stat.StatFilter.connection_connect(StatFilter.java:218)
	at com.alibaba.druid.filter.FilterChainImpl.connection_connect(FilterChainImpl.java:150)
	at com.alibaba.druid.pool.DruidAbstractDataSource.createPhysicalConnection(DruidAbstractDataSource.java:1560)
	at com.alibaba.druid.pool.DruidAbstractDataSource.createPhysicalConnection(DruidAbstractDataSource.java:1623)
	at com.alibaba.druid.pool.DruidDataSource$CreateConnectionThread.run(DruidDataSource.java:2468)
2020-08-01 00:09:49 -create connection SQLException, url: jdbc:oracle:thin:@10.112.17.28/capp, errorCode 17002, state null
java.sql.SQLException: Io 异常: The Network Adapter could not establish the connection
	at oracle.jdbc.driver.DatabaseError.throwSqlException(DatabaseError.java:113)
	at oracle.jdbc.driver.DatabaseError.throwSqlException(DatabaseError.java:147)
	at oracle.jdbc.driver.DatabaseError.throwSqlException(DatabaseError.java:257)
	at oracle.jdbc.driver.T4CConnection.logon(T4CConnection.java:389)
	at oracle.jdbc.driver.PhysicalConnection.<init>(PhysicalConnection.java:454)
	at oracle.jdbc.driver.T4CConnection.<init>(T4CConnection.java:165)
	at oracle.jdbc.driver.T4CDriverExtension.getConnection(T4CDriverExtension.java:35)
	at oracle.jdbc.driver.OracleDriver.connect(OracleDriver.java:802)
	at com.alibaba.druid.filter.FilterChainImpl.connection_connect(FilterChainImpl.java:156)
	at com.alibaba.druid.filter.stat.StatFilter.connection_connect(StatFilter.java:218)
	at com.alibaba.druid.filter.FilterChainImpl.connection_connect(FilterChainImpl.java:150)
	at com.alibaba.druid.pool.DruidAbstractDataSource.createPhysicalConnection(DruidAbstractDataSource.java:1560)
	at com.alibaba.druid.pool.DruidAbstractDataSource.createPhysicalConnection(DruidAbstractDataSource.java:1623)
	at com.alibaba.druid.pool.DruidDataSource$CreateConnectionThread.run(DruidDataSource.java:2468)
2020-08-01 00:09:49 -create connection SQLException, url: jdbc:oracle:thin:@10.112.17.28/capp, errorCode 17002, state null
java.sql.SQLException: Io 异常: The Network Adapter could not establish the connection
	at oracle.jdbc.driver.DatabaseError.throwSqlException(DatabaseError.java:113)
	at oracle.jdbc.driver.DatabaseError.throwSqlException(DatabaseError.java:147)
	at oracle.jdbc.driver.DatabaseError.throwSqlException(DatabaseError.java:257)
	at oracle.jdbc.driver.T4CConnection.logon(T4CConnection.java:389)
	at oracle.jdbc.driver.PhysicalConnection.<init>(PhysicalConnection.java:454)
	at oracle.jdbc.driver.T4CConnection.<init>(T4CConnection.java:165)
	at oracle.jdbc.driver.T4CDriverExtension.getConnection(T4CDriverExtension.java:35)
	at oracle.jdbc.driver.OracleDriver.connect(OracleDriver.java:802)
	at com.alibaba.druid.filter.FilterChainImpl.connection_connect(FilterChainImpl.java:156)
	at com.alibaba.druid.filter.stat.StatFilter.connection_connect(StatFilter.java:218)
	at com.alibaba.druid.filter.FilterChainImpl.connection_connect(FilterChainImpl.java:150)
	at com.alibaba.druid.pool.DruidAbstractDataSource.createPhysicalConnection(DruidAbstractDataSource.java:1560)
	at com.alibaba.druid.pool.DruidAbstractDataSource.createPhysicalConnection(DruidAbstractDataSource.java:1623)
	at com.alibaba.druid.pool.DruidDataSource$CreateConnectionThread.run(DruidDataSource.java:2468)
2020-08-01 00:09:50 -create connection SQLException, url: jdbc:oracle:thin:@10.112.17.28/capp, errorCode 17002, state null
java.sql.SQLException: Io 异常: The Network Adapter could not establish the connection
	at oracle.jdbc.driver.DatabaseError.throwSqlException(DatabaseError.java:113)
	at oracle.jdbc.driver.DatabaseError.throwSqlException(DatabaseError.java:147)
	at oracle.jdbc.driver.DatabaseError.throwSqlException(DatabaseError.java:257)
	at oracle.jdbc.driver.T4CConnection.logon(T4CConnection.java:389)
	at oracle.jdbc.driver.PhysicalConnection.<init>(PhysicalConnection.java:454)
	at oracle.jdbc.driver.T4CConnection.<init>(T4CConnection.java:165)
	at oracle.jdbc.driver.T4CDriverExtension.getConnection(T4CDriverExtension.java:35)
	at oracle.jdbc.driver.OracleDriver.connect(OracleDriver.java:802)
	at com.alibaba.druid.filter.FilterChainImpl.connection_connect(FilterChainImpl.java:156)
	at com.alibaba.druid.filter.stat.StatFilter.connection_connect(StatFilter.java:218)
	at com.alibaba.druid.filter.FilterChainImpl.connection_connect(FilterChainImpl.java:150)
	at com.alibaba.druid.pool.DruidAbstractDataSource.createPhysicalConnection(DruidAbstractDataSource.java:1560)
	at com.alibaba.druid.pool.DruidAbstractDataSource.createPhysicalConnection(DruidAbstractDataSource.java:1623)
	at com.alibaba.druid.pool.DruidDataSource$CreateConnectionThread.run(DruidDataSource.java:2468)
