2020-06-28 15:05:20 -Starting EamApplication on gnb781 with PID 19696 (D:\FYEAM-CODE\EAMCODE\target\classes started by gnb781 in D:\FYEAM-CODE\EAMCODE)
2020-06-28 15:05:20 -The following profiles are active: prod
2020-06-28 15:05:23 -Skipping MapperFactoryBean with name 'andonAssetMapper' and 'com.fuyaogroup.eam.modules.fusion.dao.AndonAssetMapper' mapperInterface. Bean already defined with the same name!
2020-06-28 15:05:23 -Skipping MapperFactoryBean with name 'assetBorrowMapper' and 'com.fuyaogroup.eam.modules.fusion.dao.AssetBorrowMapper' mapperInterface. Bean already defined with the same name!
2020-06-28 15:05:23 -Skipping MapperFactoryBean with name 'assetMapper' and 'com.fuyaogroup.eam.modules.fusion.dao.AssetMapper' mapperInterface. Bean already defined with the same name!
2020-06-28 15:05:23 -Skipping MapperFactoryBean with name 'assetScrapMapper' and 'com.fuyaogroup.eam.modules.fusion.dao.AssetScrapMapper' mapperInterface. Bean already defined with the same name!
2020-06-28 15:05:23 -Skipping MapperFactoryBean with name 'assetTransferMapper' and 'com.fuyaogroup.eam.modules.fusion.dao.AssetTransferMapper' mapperInterface. Bean already defined with the same name!
2020-06-28 15:05:23 -Skipping MapperFactoryBean with name 'assetrPdBatMapper' and 'com.fuyaogroup.eam.modules.fusion.dao.AssetrPdBatMapper' mapperInterface. Bean already defined with the same name!
2020-06-28 15:05:23 -Skipping MapperFactoryBean with name 'assetrPdMapper' and 'com.fuyaogroup.eam.modules.fusion.dao.AssetrPdMapper' mapperInterface. Bean already defined with the same name!
2020-06-28 15:05:23 -Skipping MapperFactoryBean with name 'configMapper' and 'com.fuyaogroup.eam.modules.fusion.dao.ConfigMapper' mapperInterface. Bean already defined with the same name!
2020-06-28 15:05:23 -Skipping MapperFactoryBean with name 'repairRecordMapper' and 'com.fuyaogroup.eam.modules.fusion.dao.RepairRecordMapper' mapperInterface. Bean already defined with the same name!
2020-06-28 15:05:23 -Skipping MapperFactoryBean with name 'windowServerMapper' and 'com.fuyaogroup.eam.modules.fusion.dao.WindowServerMapper' mapperInterface. Bean already defined with the same name!
2020-06-28 15:05:23 -Skipping MapperFactoryBean with name 'workOrderMapper' and 'com.fuyaogroup.eam.modules.fusion.dao.WorkOrderMapper' mapperInterface. Bean already defined with the same name!
2020-06-28 15:05:23 -Skipping MapperFactoryBean with name 'andonHisMapper' and 'com.fuyaogroup.eam.modules.mes.dao.AndonHisMapper' mapperInterface. Bean already defined with the same name!
2020-06-28 15:05:23 -Skipping MapperFactoryBean with name 'andonHisTempMapper' and 'com.fuyaogroup.eam.modules.mes.dao.AndonHisTempMapper' mapperInterface. Bean already defined with the same name!
2020-06-28 15:05:23 -Skipping MapperFactoryBean with name 'repairBillMapper' and 'com.fuyaogroup.eam.modules.mes.dao.RepairBillMapper' mapperInterface. Bean already defined with the same name!
2020-06-28 15:05:23 -No MyBatis mapper was found in '[com.fuyaogroup.eam.modules.*.dao]' package. Please check your configuration.
2020-06-28 15:05:23 -Multiple Spring Data modules found, entering strict repository configuration mode!
2020-06-28 15:05:23 -Bootstrapping Spring Data repositories in DEFAULT mode.
2020-06-28 15:05:23 -Finished Spring Data repository scanning in 58ms. Found 0 repository interfaces.
2020-06-28 15:05:24 -Bean 'org.springframework.ws.config.annotation.DelegatingWsConfiguration' of type [org.springframework.ws.config.annotation.DelegatingWsConfiguration$$EnhancerBySpringCGLIB$$b317c4b9] is not eligible for getting processed by all BeanPostProcessors (for example: not eligible for auto-proxying)
2020-06-28 15:05:24 -Supporting [WS-Addressing August 2004, WS-Addressing 1.0]
2020-06-28 15:05:26 -Tomcat initialized with port(s): 9001 (http)
2020-06-28 15:05:26 -Initializing ProtocolHandler ["http-nio-9001"]
2020-06-28 15:05:26 -Starting service [Tomcat]
2020-06-28 15:05:26 -Starting Servlet Engine: Apache Tomcat/9.0.13
2020-06-28 15:05:26 -The APR based Apache Tomcat Native library which allows optimal performance in production environments was not found on the java.library.path: [C:\Program Files\Java\jdk1.8.0_221\bin;C:\WINDOWS\Sun\Java\bin;C:\WINDOWS\system32;C:\WINDOWS;C:\Program Files\Java\jdk1.8.0_221\jre\bin;C:/Program Files/Java/jre1.8.0_221/bin/server;C:/Program Files/Java/jre1.8.0_221/bin;C:/Program Files/Java/jre1.8.0_221/lib/amd64;C:\Program Files (x86)\Common Files\Oracle\Java\javapath;C:\Program Files\Microsoft MPI\Bin\;C:\ProgramData\Oracle\Java\javapath;C:\Windows\system32;C:\Windows;C:\Windows\System32\Wbem;C:\Windows\System32\WindowsPowerShell\v1.0\;C:\Program Files (x86)\NVIDIA Corporation\PhysX\Common;C:\Python27;C:\Program Files (x86)\Java\jdk1.8.0_181\bin;C:\Program Files (x86)\Java\jdk1.8.0_181\jre\bin;C:\WINDOWS\system32;C:\WINDOWS;C:\WINDOWS\System32\Wbem;C:\WINDOWS\System32\WindowsPowerShell\v1.0\;C:\WINDOWS\System32\OpenSSH\;C:\Program Files\MySQL\MySQL Utilities 1.6\;C:\Program Files\VisualSVN Server\bin;C:\Program Files\TortoiseSVN\bin;E:\sshing\Git\cmd;C:\Program Files\TortoiseGit\bin;D:\Program Files\;C:\Users\gnb781\AppData\Roaming\npm;D:\Program Files\nodejs\node_global;C:\Users\gnb781\AppData\Local\Microsoft\WindowsApps;;E:\Microsoft VS Code\bin;C:\Users\gnb781\AppData\Roaming\npm;E:\DriverGenius;E:\DriverGenius\ksoft;C:\Users\gnb781\Desktop;;.]
2020-06-28 15:05:27 -Failed to scan [file:/C:/Users/gnb781/.m2/repository/xalan/xalan/2.6.0/xercesImpl.jar] from classloader hierarchy
java.io.FileNotFoundException: C:\Users\gnb781\.m2\repository\xalan\xalan\2.6.0\xercesImpl.jar (系统找不到指定的文件。)
	at java.util.zip.ZipFile.open(Native Method)
	at java.util.zip.ZipFile.<init>(ZipFile.java:225)
	at java.util.zip.ZipFile.<init>(ZipFile.java:155)
	at java.util.jar.JarFile.<init>(JarFile.java:166)
	at java.util.jar.JarFile.<init>(JarFile.java:130)
	at org.apache.tomcat.util.compat.JreCompat.jarFileNewInstance(JreCompat.java:164)
	at org.apache.tomcat.util.scan.JarFileUrlJar.<init>(JarFileUrlJar.java:65)
	at org.apache.tomcat.util.scan.JarFactory.newInstance(JarFactory.java:49)
	at org.apache.tomcat.util.scan.StandardJarScanner.process(StandardJarScanner.java:374)
	at org.apache.tomcat.util.scan.StandardJarScanner.processURLs(StandardJarScanner.java:309)
	at org.apache.tomcat.util.scan.StandardJarScanner.doScanClassPath(StandardJarScanner.java:266)
	at org.apache.tomcat.util.scan.StandardJarScanner.scan(StandardJarScanner.java:229)
	at org.apache.jasper.servlet.TldScanner.scanJars(TldScanner.java:262)
	at org.apache.jasper.servlet.TldScanner.scan(TldScanner.java:104)
	at org.apache.jasper.servlet.JasperInitializer.onStartup(JasperInitializer.java:83)
	at org.apache.catalina.core.StandardContext.startInternal(StandardContext.java:5098)
	at org.apache.catalina.util.LifecycleBase.start(LifecycleBase.java:183)
	at org.apache.catalina.core.ContainerBase$StartChild.call(ContainerBase.java:1432)
	at org.apache.catalina.core.ContainerBase$StartChild.call(ContainerBase.java:1422)
	at java.util.concurrent.FutureTask.run(FutureTask.java:266)
	at org.apache.tomcat.util.threads.InlineExecutorService.execute(InlineExecutorService.java:75)
	at java.util.concurrent.AbstractExecutorService.submit(AbstractExecutorService.java:134)
	at org.apache.catalina.core.ContainerBase.startInternal(ContainerBase.java:944)
	at org.apache.catalina.core.StandardHost.startInternal(StandardHost.java:831)
	at org.apache.catalina.util.LifecycleBase.start(LifecycleBase.java:183)
	at org.apache.catalina.core.ContainerBase$StartChild.call(ContainerBase.java:1432)
	at org.apache.catalina.core.ContainerBase$StartChild.call(ContainerBase.java:1422)
	at java.util.concurrent.FutureTask.run(FutureTask.java:266)
	at org.apache.tomcat.util.threads.InlineExecutorService.execute(InlineExecutorService.java:75)
	at java.util.concurrent.AbstractExecutorService.submit(AbstractExecutorService.java:134)
	at org.apache.catalina.core.ContainerBase.startInternal(ContainerBase.java:944)
	at org.apache.catalina.core.StandardEngine.startInternal(StandardEngine.java:261)
	at org.apache.catalina.util.LifecycleBase.start(LifecycleBase.java:183)
	at org.apache.catalina.core.StandardService.startInternal(StandardService.java:422)
	at org.apache.catalina.util.LifecycleBase.start(LifecycleBase.java:183)
	at org.apache.catalina.core.StandardServer.startInternal(StandardServer.java:801)
	at org.apache.catalina.util.LifecycleBase.start(LifecycleBase.java:183)
	at org.apache.catalina.startup.Tomcat.start(Tomcat.java:372)
	at org.springframework.boot.web.embedded.tomcat.TomcatWebServer.initialize(TomcatWebServer.java:106)
	at org.springframework.boot.web.embedded.tomcat.TomcatWebServer.<init>(TomcatWebServer.java:86)
	at org.springframework.boot.web.embedded.tomcat.TomcatServletWebServerFactory.getTomcatWebServer(TomcatServletWebServerFactory.java:414)
	at org.springframework.boot.web.embedded.tomcat.TomcatServletWebServerFactory.getWebServer(TomcatServletWebServerFactory.java:174)
	at org.springframework.boot.web.servlet.context.ServletWebServerApplicationContext.createWebServer(ServletWebServerApplicationContext.java:181)
	at org.springframework.boot.web.servlet.context.ServletWebServerApplicationContext.onRefresh(ServletWebServerApplicationContext.java:154)
	at org.springframework.context.support.AbstractApplicationContext.refresh(AbstractApplicationContext.java:540)
	at org.springframework.boot.web.servlet.context.ServletWebServerApplicationContext.refresh(ServletWebServerApplicationContext.java:142)
	at org.springframework.boot.SpringApplication.refresh(SpringApplication.java:775)
	at org.springframework.boot.SpringApplication.refreshContext(SpringApplication.java:397)
	at org.springframework.boot.SpringApplication.run(SpringApplication.java:316)
	at org.springframework.boot.SpringApplication.run(SpringApplication.java:1260)
	at org.springframework.boot.SpringApplication.run(SpringApplication.java:1248)
	at com.fuyaogroup.eam.EamApplication.main(EamApplication.java:27)
2020-06-28 15:05:27 -Failed to scan [file:/C:/Users/gnb781/.m2/repository/xalan/xalan/2.6.0/xml-apis.jar] from classloader hierarchy
java.io.FileNotFoundException: C:\Users\gnb781\.m2\repository\xalan\xalan\2.6.0\xml-apis.jar (系统找不到指定的文件。)
	at java.util.zip.ZipFile.open(Native Method)
	at java.util.zip.ZipFile.<init>(ZipFile.java:225)
	at java.util.zip.ZipFile.<init>(ZipFile.java:155)
	at java.util.jar.JarFile.<init>(JarFile.java:166)
	at java.util.jar.JarFile.<init>(JarFile.java:130)
	at org.apache.tomcat.util.compat.JreCompat.jarFileNewInstance(JreCompat.java:164)
	at org.apache.tomcat.util.scan.JarFileUrlJar.<init>(JarFileUrlJar.java:65)
	at org.apache.tomcat.util.scan.JarFactory.newInstance(JarFactory.java:49)
	at org.apache.tomcat.util.scan.StandardJarScanner.process(StandardJarScanner.java:374)
	at org.apache.tomcat.util.scan.StandardJarScanner.processURLs(StandardJarScanner.java:309)
	at org.apache.tomcat.util.scan.StandardJarScanner.doScanClassPath(StandardJarScanner.java:266)
	at org.apache.tomcat.util.scan.StandardJarScanner.scan(StandardJarScanner.java:229)
	at org.apache.jasper.servlet.TldScanner.scanJars(TldScanner.java:262)
	at org.apache.jasper.servlet.TldScanner.scan(TldScanner.java:104)
	at org.apache.jasper.servlet.JasperInitializer.onStartup(JasperInitializer.java:83)
	at org.apache.catalina.core.StandardContext.startInternal(StandardContext.java:5098)
	at org.apache.catalina.util.LifecycleBase.start(LifecycleBase.java:183)
	at org.apache.catalina.core.ContainerBase$StartChild.call(ContainerBase.java:1432)
	at org.apache.catalina.core.ContainerBase$StartChild.call(ContainerBase.java:1422)
	at java.util.concurrent.FutureTask.run(FutureTask.java:266)
	at org.apache.tomcat.util.threads.InlineExecutorService.execute(InlineExecutorService.java:75)
	at java.util.concurrent.AbstractExecutorService.submit(AbstractExecutorService.java:134)
	at org.apache.catalina.core.ContainerBase.startInternal(ContainerBase.java:944)
	at org.apache.catalina.core.StandardHost.startInternal(StandardHost.java:831)
	at org.apache.catalina.util.LifecycleBase.start(LifecycleBase.java:183)
	at org.apache.catalina.core.ContainerBase$StartChild.call(ContainerBase.java:1432)
	at org.apache.catalina.core.ContainerBase$StartChild.call(ContainerBase.java:1422)
	at java.util.concurrent.FutureTask.run(FutureTask.java:266)
	at org.apache.tomcat.util.threads.InlineExecutorService.execute(InlineExecutorService.java:75)
	at java.util.concurrent.AbstractExecutorService.submit(AbstractExecutorService.java:134)
	at org.apache.catalina.core.ContainerBase.startInternal(ContainerBase.java:944)
	at org.apache.catalina.core.StandardEngine.startInternal(StandardEngine.java:261)
	at org.apache.catalina.util.LifecycleBase.start(LifecycleBase.java:183)
	at org.apache.catalina.core.StandardService.startInternal(StandardService.java:422)
	at org.apache.catalina.util.LifecycleBase.start(LifecycleBase.java:183)
	at org.apache.catalina.core.StandardServer.startInternal(StandardServer.java:801)
	at org.apache.catalina.util.LifecycleBase.start(LifecycleBase.java:183)
	at org.apache.catalina.startup.Tomcat.start(Tomcat.java:372)
	at org.springframework.boot.web.embedded.tomcat.TomcatWebServer.initialize(TomcatWebServer.java:106)
	at org.springframework.boot.web.embedded.tomcat.TomcatWebServer.<init>(TomcatWebServer.java:86)
	at org.springframework.boot.web.embedded.tomcat.TomcatServletWebServerFactory.getTomcatWebServer(TomcatServletWebServerFactory.java:414)
	at org.springframework.boot.web.embedded.tomcat.TomcatServletWebServerFactory.getWebServer(TomcatServletWebServerFactory.java:174)
	at org.springframework.boot.web.servlet.context.ServletWebServerApplicationContext.createWebServer(ServletWebServerApplicationContext.java:181)
	at org.springframework.boot.web.servlet.context.ServletWebServerApplicationContext.onRefresh(ServletWebServerApplicationContext.java:154)
	at org.springframework.context.support.AbstractApplicationContext.refresh(AbstractApplicationContext.java:540)
	at org.springframework.boot.web.servlet.context.ServletWebServerApplicationContext.refresh(ServletWebServerApplicationContext.java:142)
	at org.springframework.boot.SpringApplication.refresh(SpringApplication.java:775)
	at org.springframework.boot.SpringApplication.refreshContext(SpringApplication.java:397)
	at org.springframework.boot.SpringApplication.run(SpringApplication.java:316)
	at org.springframework.boot.SpringApplication.run(SpringApplication.java:1260)
	at org.springframework.boot.SpringApplication.run(SpringApplication.java:1248)
	at com.fuyaogroup.eam.EamApplication.main(EamApplication.java:27)
2020-06-28 15:05:27 -At least one JAR was scanned for TLDs yet contained no TLDs. Enable debug logging for this logger for a complete list of JARs that were scanned but no TLDs were found in them. Skipping unneeded JARs during scanning can improve startup time and JSP compilation time.
2020-06-28 15:05:27 -Initializing Spring embedded WebApplicationContext
2020-06-28 15:05:27 -Root WebApplicationContext: initialization completed in 6284 ms
2020-06-28 15:05:27 -Servlet statViewServlet was not registered (possibly already registered?)
2020-06-28 15:05:27 -Filter webStatFilter was not registered (possibly already registered?)
2020-06-28 15:05:27 -oracle.jdbc.driver.OracleDriver is deprecated.Having use oracle.jdbc.OracleDriver.
2020-06-28 15:05:27 -oracle.jdbc.driver.OracleDriver is deprecated.Having use oracle.jdbc.OracleDriver.
2020-06-28 15:05:28 -Using default implementation for ThreadExecutor
2020-06-28 15:05:28 -Initialized Scheduler Signaller of type: class org.quartz.core.SchedulerSignalerImpl
2020-06-28 15:05:28 -Quartz Scheduler v.2.3.0 created.
2020-06-28 15:05:28 -RAMJobStore initialized.
2020-06-28 15:05:28 -Scheduler meta-data: Quartz Scheduler (v2.3.0) 'org.springframework.scheduling.quartz.SchedulerFactoryBean#0' with instanceId 'NON_CLUSTERED'
  Scheduler class: 'org.quartz.core.QuartzScheduler' - running locally.
  NOT STARTED.
  Currently in standby mode.
  Number of jobs executed: 0
  Using thread pool 'org.quartz.simpl.SimpleThreadPool' - with 10 threads.
  Using job-store 'org.quartz.simpl.RAMJobStore' - which does not support persistence. and is not clustered.

2020-06-28 15:05:28 -Quartz scheduler 'org.springframework.scheduling.quartz.SchedulerFactoryBean#0' initialized from an externally provided properties instance.
2020-06-28 15:05:28 -Quartz scheduler version: 2.3.0
2020-06-28 15:05:28 -JobFactory set to: org.springframework.scheduling.quartz.AdaptableJobFactory@12266084
2020-06-28 15:05:29 -Initializing ExecutorService 'applicationTaskExecutor'
2020-06-28 15:05:29 -Clear tk.mybatis.mapper.util.MsUtil CLASS_CACHE cache.
2020-06-28 15:05:29 -Clear tk.mybatis.mapper.genid.GenIdUtil CACHE cache.
2020-06-28 15:05:29 -Clear tk.mybatis.mapper.version.VersionUtil CACHE cache.
2020-06-28 15:05:29 -Clear EntityHelper entityTableMap cache.
2020-06-28 15:05:30 -Initializing ExecutorService 'taskScheduler'
2020-06-28 15:05:30 -Starting Quartz Scheduler now
2020-06-28 15:05:30 -Scheduler org.springframework.scheduling.quartz.SchedulerFactoryBean#0_$_NON_CLUSTERED started.
2020-06-28 15:05:31 -Loaded the Bouncy Castle security provider.
2020-06-28 15:05:31 -Using Persistence Adapter: MemoryPersistenceAdapter
2020-06-28 15:05:31 -JMX consoles can connect to service:jmx:rmi:///jndi/rmi://localhost:1099/jmxrmi
2020-06-28 15:05:31 -Apache ActiveMQ 5.15.8 (localhost, ID:gnb781-63170-1593327931160-0:1) is starting
2020-06-28 15:05:31 -Apache ActiveMQ 5.15.8 (localhost, ID:gnb781-63170-1593327931160-0:1) started
2020-06-28 15:05:31 -For help or more information please see: http://activemq.apache.org
2020-06-28 15:05:31 -Connector vm://localhost started
2020-06-28 15:05:31 -Starting ProtocolHandler ["http-nio-9001"]
2020-06-28 15:05:31 -Using a shared selector for servlet write/read
2020-06-28 15:05:31 -Tomcat started on port(s): 9001 (http) with context path '/eam'
2020-06-28 15:05:31 -Started EamApplication in 11.313 seconds (JVM running for 13.352)
2020-06-28 15:06:26 -Initializing Spring DispatcherServlet 'dispatcherServlet'
2020-06-28 15:06:26 -Initializing Servlet 'dispatcherServlet'
2020-06-28 15:06:26 -Completed initialization in 14 ms
2020-06-28 15:06:26 -{dataSource-1} inited
2020-06-28 15:06:26 -==>  Preparing: SELECT * FROM config a where a.config_Type = ? and a.configname=? 
2020-06-28 15:06:26 -==> Parameters: 4(Integer), super_admin(String)
2020-06-28 15:06:26 -<==      Total: 1
2020-06-28 15:06:26 -==>  Preparing: SELECT * FROM config a where a.config_Type = ? and a.configname=? 
2020-06-28 15:06:26 -==> Parameters: 4(Integer), super_admin(String)
2020-06-28 15:06:26 -<==      Total: 1
2020-06-28 15:06:33 -==>  Preparing: SELECT /*+ INDEX(USER ID) */ * FROM ASSET a where a.assetType = ? 
2020-06-28 15:06:33 -==> Parameters: 0(Integer)
2020-06-28 15:06:33 -<==      Total: 1326
2020-06-28 15:12:30 -==>  Preparing: SELECT /*+ INDEX(USER ID) */ * FROM ASSET a where a.assetType = ? 
2020-06-28 15:12:30 -==> Parameters: 0(Integer)
2020-06-28 15:12:31 -<==      Total: 1326
2020-06-28 15:12:35 -==>  Preparing: SELECT * FROM config a where a.config_Type = ? and a.configname=? 
2020-06-28 15:12:35 -==> Parameters: 4(Integer), super_admin(String)
2020-06-28 15:12:35 -<==      Total: 1
2020-06-28 15:12:36 -==>  Preparing: SELECT /*+ INDEX(USER ID) */ * FROM ASSET a where a.assetType = ? 
2020-06-28 15:12:36 -==> Parameters: 0(Integer)
2020-06-28 15:12:37 -<==      Total: 1326
2020-06-28 15:13:57 -==>  Preparing: SELECT /*+ INDEX(USER ID) */ * FROM ASSET a where a.assetType = ? 
2020-06-28 15:13:57 -==> Parameters: 0(Integer)
2020-06-28 15:13:58 -<==      Total: 1326
2020-06-28 15:14:01 -==>  Preparing: SELECT * FROM config a where a.config_Type = ? and a.configname=? 
2020-06-28 15:14:01 -==> Parameters: 4(Integer), super_admin(String)
2020-06-28 15:14:01 -<==      Total: 1
2020-06-28 15:14:02 -==>  Preparing: SELECT /*+ INDEX(USER ID) */ * FROM ASSET a where a.assetType = ? 
2020-06-28 15:14:02 -==> Parameters: 0(Integer)
2020-06-28 15:14:03 -<==      Total: 1326
2020-06-28 15:14:30 -==>  Preparing: SELECT /*+ INDEX(USER ID) */ * FROM ASSET a where a.assetType = ? 
2020-06-28 15:14:30 -==> Parameters: 0(Integer)
2020-06-28 15:14:31 -<==      Total: 1326
2020-06-28 15:14:39 -==>  Preparing: INSERT INTO WINDOW_SERVER_THING(SERIAL,NAME,DEPARTNAME)VALUES(?,?,?) 
2020-06-28 15:14:39 -==> Parameters: FYZJ-DIANZIBI-0001(String), 电子笔(String), 集团总机(String)
2020-06-28 15:14:39 -<==    Updates: 1
2020-06-28 15:18:59 -==>  Preparing: INSERT INTO WINDOW_SERVER_THING(SERIAL,NAME,DEPARTNAME)VALUES(?,?,?) 
2020-06-28 15:18:59 -==> Parameters: FYZJ-DIANZIBI-0002(String), 电子笔(String), 集团总机(String)
2020-06-28 15:18:59 -<==    Updates: 1
2020-06-28 15:21:02 -Starting EamApplication on gnb781 with PID 8512 (D:\FYEAM-CODE\EAMCODE\target\classes started by gnb781 in D:\FYEAM-CODE\EAMCODE)
2020-06-28 15:21:02 -The following profiles are active: prod
2020-06-28 15:21:03 -Skipping MapperFactoryBean with name 'andonAssetMapper' and 'com.fuyaogroup.eam.modules.fusion.dao.AndonAssetMapper' mapperInterface. Bean already defined with the same name!
2020-06-28 15:21:03 -Skipping MapperFactoryBean with name 'assetBorrowMapper' and 'com.fuyaogroup.eam.modules.fusion.dao.AssetBorrowMapper' mapperInterface. Bean already defined with the same name!
2020-06-28 15:21:03 -Skipping MapperFactoryBean with name 'assetMapper' and 'com.fuyaogroup.eam.modules.fusion.dao.AssetMapper' mapperInterface. Bean already defined with the same name!
2020-06-28 15:21:03 -Skipping MapperFactoryBean with name 'assetScrapMapper' and 'com.fuyaogroup.eam.modules.fusion.dao.AssetScrapMapper' mapperInterface. Bean already defined with the same name!
2020-06-28 15:21:03 -Skipping MapperFactoryBean with name 'assetTransferMapper' and 'com.fuyaogroup.eam.modules.fusion.dao.AssetTransferMapper' mapperInterface. Bean already defined with the same name!
2020-06-28 15:21:03 -Skipping MapperFactoryBean with name 'assetrPdBatMapper' and 'com.fuyaogroup.eam.modules.fusion.dao.AssetrPdBatMapper' mapperInterface. Bean already defined with the same name!
2020-06-28 15:21:03 -Skipping MapperFactoryBean with name 'assetrPdMapper' and 'com.fuyaogroup.eam.modules.fusion.dao.AssetrPdMapper' mapperInterface. Bean already defined with the same name!
2020-06-28 15:21:03 -Skipping MapperFactoryBean with name 'configMapper' and 'com.fuyaogroup.eam.modules.fusion.dao.ConfigMapper' mapperInterface. Bean already defined with the same name!
2020-06-28 15:21:03 -Skipping MapperFactoryBean with name 'repairRecordMapper' and 'com.fuyaogroup.eam.modules.fusion.dao.RepairRecordMapper' mapperInterface. Bean already defined with the same name!
2020-06-28 15:21:03 -Skipping MapperFactoryBean with name 'windowServerMapper' and 'com.fuyaogroup.eam.modules.fusion.dao.WindowServerMapper' mapperInterface. Bean already defined with the same name!
2020-06-28 15:21:03 -Skipping MapperFactoryBean with name 'workOrderMapper' and 'com.fuyaogroup.eam.modules.fusion.dao.WorkOrderMapper' mapperInterface. Bean already defined with the same name!
2020-06-28 15:21:03 -Skipping MapperFactoryBean with name 'andonHisMapper' and 'com.fuyaogroup.eam.modules.mes.dao.AndonHisMapper' mapperInterface. Bean already defined with the same name!
2020-06-28 15:21:03 -Skipping MapperFactoryBean with name 'andonHisTempMapper' and 'com.fuyaogroup.eam.modules.mes.dao.AndonHisTempMapper' mapperInterface. Bean already defined with the same name!
2020-06-28 15:21:03 -Skipping MapperFactoryBean with name 'repairBillMapper' and 'com.fuyaogroup.eam.modules.mes.dao.RepairBillMapper' mapperInterface. Bean already defined with the same name!
2020-06-28 15:21:03 -No MyBatis mapper was found in '[com.fuyaogroup.eam.modules.*.dao]' package. Please check your configuration.
2020-06-28 15:21:04 -Multiple Spring Data modules found, entering strict repository configuration mode!
2020-06-28 15:21:04 -Bootstrapping Spring Data repositories in DEFAULT mode.
2020-06-28 15:21:04 -Finished Spring Data repository scanning in 37ms. Found 0 repository interfaces.
2020-06-28 15:21:04 -Bean 'org.springframework.ws.config.annotation.DelegatingWsConfiguration' of type [org.springframework.ws.config.annotation.DelegatingWsConfiguration$$EnhancerBySpringCGLIB$$d62e7abe] is not eligible for getting processed by all BeanPostProcessors (for example: not eligible for auto-proxying)
2020-06-28 15:21:04 -Supporting [WS-Addressing August 2004, WS-Addressing 1.0]
2020-06-28 15:21:06 -Tomcat initialized with port(s): 9001 (http)
2020-06-28 15:21:06 -Initializing ProtocolHandler ["http-nio-9001"]
2020-06-28 15:21:06 -Starting service [Tomcat]
2020-06-28 15:21:06 -Starting Servlet Engine: Apache Tomcat/9.0.13
2020-06-28 15:21:06 -The APR based Apache Tomcat Native library which allows optimal performance in production environments was not found on the java.library.path: [C:\Program Files\Java\jdk1.8.0_221\bin;C:\WINDOWS\Sun\Java\bin;C:\WINDOWS\system32;C:\WINDOWS;C:\Program Files\Java\jdk1.8.0_221\jre\bin;C:/Program Files/Java/jre1.8.0_221/bin/server;C:/Program Files/Java/jre1.8.0_221/bin;C:/Program Files/Java/jre1.8.0_221/lib/amd64;C:\Program Files (x86)\Common Files\Oracle\Java\javapath;C:\Program Files\Microsoft MPI\Bin\;C:\ProgramData\Oracle\Java\javapath;C:\Windows\system32;C:\Windows;C:\Windows\System32\Wbem;C:\Windows\System32\WindowsPowerShell\v1.0\;C:\Program Files (x86)\NVIDIA Corporation\PhysX\Common;C:\Python27;C:\Program Files (x86)\Java\jdk1.8.0_181\bin;C:\Program Files (x86)\Java\jdk1.8.0_181\jre\bin;C:\WINDOWS\system32;C:\WINDOWS;C:\WINDOWS\System32\Wbem;C:\WINDOWS\System32\WindowsPowerShell\v1.0\;C:\WINDOWS\System32\OpenSSH\;C:\Program Files\MySQL\MySQL Utilities 1.6\;C:\Program Files\VisualSVN Server\bin;C:\Program Files\TortoiseSVN\bin;E:\sshing\Git\cmd;C:\Program Files\TortoiseGit\bin;D:\Program Files\;C:\Users\gnb781\AppData\Roaming\npm;D:\Program Files\nodejs\node_global;C:\Users\gnb781\AppData\Local\Microsoft\WindowsApps;;E:\Microsoft VS Code\bin;C:\Users\gnb781\AppData\Roaming\npm;E:\DriverGenius;E:\DriverGenius\ksoft;C:\Users\gnb781\Desktop;;.]
2020-06-28 15:21:07 -Failed to scan [file:/C:/Users/gnb781/.m2/repository/xalan/xalan/2.6.0/xercesImpl.jar] from classloader hierarchy
java.io.FileNotFoundException: C:\Users\gnb781\.m2\repository\xalan\xalan\2.6.0\xercesImpl.jar (系统找不到指定的文件。)
	at java.util.zip.ZipFile.open(Native Method)
	at java.util.zip.ZipFile.<init>(ZipFile.java:225)
	at java.util.zip.ZipFile.<init>(ZipFile.java:155)
	at java.util.jar.JarFile.<init>(JarFile.java:166)
	at java.util.jar.JarFile.<init>(JarFile.java:130)
	at org.apache.tomcat.util.compat.JreCompat.jarFileNewInstance(JreCompat.java:164)
	at org.apache.tomcat.util.scan.JarFileUrlJar.<init>(JarFileUrlJar.java:65)
	at org.apache.tomcat.util.scan.JarFactory.newInstance(JarFactory.java:49)
	at org.apache.tomcat.util.scan.StandardJarScanner.process(StandardJarScanner.java:374)
	at org.apache.tomcat.util.scan.StandardJarScanner.processURLs(StandardJarScanner.java:309)
	at org.apache.tomcat.util.scan.StandardJarScanner.doScanClassPath(StandardJarScanner.java:266)
	at org.apache.tomcat.util.scan.StandardJarScanner.scan(StandardJarScanner.java:229)
	at org.apache.jasper.servlet.TldScanner.scanJars(TldScanner.java:262)
	at org.apache.jasper.servlet.TldScanner.scan(TldScanner.java:104)
	at org.apache.jasper.servlet.JasperInitializer.onStartup(JasperInitializer.java:83)
	at org.apache.catalina.core.StandardContext.startInternal(StandardContext.java:5098)
	at org.apache.catalina.util.LifecycleBase.start(LifecycleBase.java:183)
	at org.apache.catalina.core.ContainerBase$StartChild.call(ContainerBase.java:1432)
	at org.apache.catalina.core.ContainerBase$StartChild.call(ContainerBase.java:1422)
	at java.util.concurrent.FutureTask.run(FutureTask.java:266)
	at org.apache.tomcat.util.threads.InlineExecutorService.execute(InlineExecutorService.java:75)
	at java.util.concurrent.AbstractExecutorService.submit(AbstractExecutorService.java:134)
	at org.apache.catalina.core.ContainerBase.startInternal(ContainerBase.java:944)
	at org.apache.catalina.core.StandardHost.startInternal(StandardHost.java:831)
	at org.apache.catalina.util.LifecycleBase.start(LifecycleBase.java:183)
	at org.apache.catalina.core.ContainerBase$StartChild.call(ContainerBase.java:1432)
	at org.apache.catalina.core.ContainerBase$StartChild.call(ContainerBase.java:1422)
	at java.util.concurrent.FutureTask.run(FutureTask.java:266)
	at org.apache.tomcat.util.threads.InlineExecutorService.execute(InlineExecutorService.java:75)
	at java.util.concurrent.AbstractExecutorService.submit(AbstractExecutorService.java:134)
	at org.apache.catalina.core.ContainerBase.startInternal(ContainerBase.java:944)
	at org.apache.catalina.core.StandardEngine.startInternal(StandardEngine.java:261)
	at org.apache.catalina.util.LifecycleBase.start(LifecycleBase.java:183)
	at org.apache.catalina.core.StandardService.startInternal(StandardService.java:422)
	at org.apache.catalina.util.LifecycleBase.start(LifecycleBase.java:183)
	at org.apache.catalina.core.StandardServer.startInternal(StandardServer.java:801)
	at org.apache.catalina.util.LifecycleBase.start(LifecycleBase.java:183)
	at org.apache.catalina.startup.Tomcat.start(Tomcat.java:372)
	at org.springframework.boot.web.embedded.tomcat.TomcatWebServer.initialize(TomcatWebServer.java:106)
	at org.springframework.boot.web.embedded.tomcat.TomcatWebServer.<init>(TomcatWebServer.java:86)
	at org.springframework.boot.web.embedded.tomcat.TomcatServletWebServerFactory.getTomcatWebServer(TomcatServletWebServerFactory.java:414)
	at org.springframework.boot.web.embedded.tomcat.TomcatServletWebServerFactory.getWebServer(TomcatServletWebServerFactory.java:174)
	at org.springframework.boot.web.servlet.context.ServletWebServerApplicationContext.createWebServer(ServletWebServerApplicationContext.java:181)
	at org.springframework.boot.web.servlet.context.ServletWebServerApplicationContext.onRefresh(ServletWebServerApplicationContext.java:154)
	at org.springframework.context.support.AbstractApplicationContext.refresh(AbstractApplicationContext.java:540)
	at org.springframework.boot.web.servlet.context.ServletWebServerApplicationContext.refresh(ServletWebServerApplicationContext.java:142)
	at org.springframework.boot.SpringApplication.refresh(SpringApplication.java:775)
	at org.springframework.boot.SpringApplication.refreshContext(SpringApplication.java:397)
	at org.springframework.boot.SpringApplication.run(SpringApplication.java:316)
	at org.springframework.boot.SpringApplication.run(SpringApplication.java:1260)
	at org.springframework.boot.SpringApplication.run(SpringApplication.java:1248)
	at com.fuyaogroup.eam.EamApplication.main(EamApplication.java:27)
2020-06-28 15:21:07 -Failed to scan [file:/C:/Users/gnb781/.m2/repository/xalan/xalan/2.6.0/xml-apis.jar] from classloader hierarchy
java.io.FileNotFoundException: C:\Users\gnb781\.m2\repository\xalan\xalan\2.6.0\xml-apis.jar (系统找不到指定的文件。)
	at java.util.zip.ZipFile.open(Native Method)
	at java.util.zip.ZipFile.<init>(ZipFile.java:225)
	at java.util.zip.ZipFile.<init>(ZipFile.java:155)
	at java.util.jar.JarFile.<init>(JarFile.java:166)
	at java.util.jar.JarFile.<init>(JarFile.java:130)
	at org.apache.tomcat.util.compat.JreCompat.jarFileNewInstance(JreCompat.java:164)
	at org.apache.tomcat.util.scan.JarFileUrlJar.<init>(JarFileUrlJar.java:65)
	at org.apache.tomcat.util.scan.JarFactory.newInstance(JarFactory.java:49)
	at org.apache.tomcat.util.scan.StandardJarScanner.process(StandardJarScanner.java:374)
	at org.apache.tomcat.util.scan.StandardJarScanner.processURLs(StandardJarScanner.java:309)
	at org.apache.tomcat.util.scan.StandardJarScanner.doScanClassPath(StandardJarScanner.java:266)
	at org.apache.tomcat.util.scan.StandardJarScanner.scan(StandardJarScanner.java:229)
	at org.apache.jasper.servlet.TldScanner.scanJars(TldScanner.java:262)
	at org.apache.jasper.servlet.TldScanner.scan(TldScanner.java:104)
	at org.apache.jasper.servlet.JasperInitializer.onStartup(JasperInitializer.java:83)
	at org.apache.catalina.core.StandardContext.startInternal(StandardContext.java:5098)
	at org.apache.catalina.util.LifecycleBase.start(LifecycleBase.java:183)
	at org.apache.catalina.core.ContainerBase$StartChild.call(ContainerBase.java:1432)
	at org.apache.catalina.core.ContainerBase$StartChild.call(ContainerBase.java:1422)
	at java.util.concurrent.FutureTask.run(FutureTask.java:266)
	at org.apache.tomcat.util.threads.InlineExecutorService.execute(InlineExecutorService.java:75)
	at java.util.concurrent.AbstractExecutorService.submit(AbstractExecutorService.java:134)
	at org.apache.catalina.core.ContainerBase.startInternal(ContainerBase.java:944)
	at org.apache.catalina.core.StandardHost.startInternal(StandardHost.java:831)
	at org.apache.catalina.util.LifecycleBase.start(LifecycleBase.java:183)
	at org.apache.catalina.core.ContainerBase$StartChild.call(ContainerBase.java:1432)
	at org.apache.catalina.core.ContainerBase$StartChild.call(ContainerBase.java:1422)
	at java.util.concurrent.FutureTask.run(FutureTask.java:266)
	at org.apache.tomcat.util.threads.InlineExecutorService.execute(InlineExecutorService.java:75)
	at java.util.concurrent.AbstractExecutorService.submit(AbstractExecutorService.java:134)
	at org.apache.catalina.core.ContainerBase.startInternal(ContainerBase.java:944)
	at org.apache.catalina.core.StandardEngine.startInternal(StandardEngine.java:261)
	at org.apache.catalina.util.LifecycleBase.start(LifecycleBase.java:183)
	at org.apache.catalina.core.StandardService.startInternal(StandardService.java:422)
	at org.apache.catalina.util.LifecycleBase.start(LifecycleBase.java:183)
	at org.apache.catalina.core.StandardServer.startInternal(StandardServer.java:801)
	at org.apache.catalina.util.LifecycleBase.start(LifecycleBase.java:183)
	at org.apache.catalina.startup.Tomcat.start(Tomcat.java:372)
	at org.springframework.boot.web.embedded.tomcat.TomcatWebServer.initialize(TomcatWebServer.java:106)
	at org.springframework.boot.web.embedded.tomcat.TomcatWebServer.<init>(TomcatWebServer.java:86)
	at org.springframework.boot.web.embedded.tomcat.TomcatServletWebServerFactory.getTomcatWebServer(TomcatServletWebServerFactory.java:414)
	at org.springframework.boot.web.embedded.tomcat.TomcatServletWebServerFactory.getWebServer(TomcatServletWebServerFactory.java:174)
	at org.springframework.boot.web.servlet.context.ServletWebServerApplicationContext.createWebServer(ServletWebServerApplicationContext.java:181)
	at org.springframework.boot.web.servlet.context.ServletWebServerApplicationContext.onRefresh(ServletWebServerApplicationContext.java:154)
	at org.springframework.context.support.AbstractApplicationContext.refresh(AbstractApplicationContext.java:540)
	at org.springframework.boot.web.servlet.context.ServletWebServerApplicationContext.refresh(ServletWebServerApplicationContext.java:142)
	at org.springframework.boot.SpringApplication.refresh(SpringApplication.java:775)
	at org.springframework.boot.SpringApplication.refreshContext(SpringApplication.java:397)
	at org.springframework.boot.SpringApplication.run(SpringApplication.java:316)
	at org.springframework.boot.SpringApplication.run(SpringApplication.java:1260)
	at org.springframework.boot.SpringApplication.run(SpringApplication.java:1248)
	at com.fuyaogroup.eam.EamApplication.main(EamApplication.java:27)
2020-06-28 15:21:07 -At least one JAR was scanned for TLDs yet contained no TLDs. Enable debug logging for this logger for a complete list of JARs that were scanned but no TLDs were found in them. Skipping unneeded JARs during scanning can improve startup time and JSP compilation time.
2020-06-28 15:21:07 -Initializing Spring embedded WebApplicationContext
2020-06-28 15:21:07 -Root WebApplicationContext: initialization completed in 4547 ms
2020-06-28 15:21:07 -Servlet statViewServlet was not registered (possibly already registered?)
2020-06-28 15:21:07 -Filter webStatFilter was not registered (possibly already registered?)
2020-06-28 15:21:07 -oracle.jdbc.driver.OracleDriver is deprecated.Having use oracle.jdbc.OracleDriver.
2020-06-28 15:21:07 -oracle.jdbc.driver.OracleDriver is deprecated.Having use oracle.jdbc.OracleDriver.
2020-06-28 15:21:08 -Using default implementation for ThreadExecutor
2020-06-28 15:21:08 -Initialized Scheduler Signaller of type: class org.quartz.core.SchedulerSignalerImpl
2020-06-28 15:21:08 -Quartz Scheduler v.2.3.0 created.
2020-06-28 15:21:08 -RAMJobStore initialized.
2020-06-28 15:21:08 -Scheduler meta-data: Quartz Scheduler (v2.3.0) 'org.springframework.scheduling.quartz.SchedulerFactoryBean#0' with instanceId 'NON_CLUSTERED'
  Scheduler class: 'org.quartz.core.QuartzScheduler' - running locally.
  NOT STARTED.
  Currently in standby mode.
  Number of jobs executed: 0
  Using thread pool 'org.quartz.simpl.SimpleThreadPool' - with 10 threads.
  Using job-store 'org.quartz.simpl.RAMJobStore' - which does not support persistence. and is not clustered.

2020-06-28 15:21:08 -Quartz scheduler 'org.springframework.scheduling.quartz.SchedulerFactoryBean#0' initialized from an externally provided properties instance.
2020-06-28 15:21:08 -Quartz scheduler version: 2.3.0
2020-06-28 15:21:08 -JobFactory set to: org.springframework.scheduling.quartz.AdaptableJobFactory@4bab78ce
2020-06-28 15:21:08 -Initializing ExecutorService 'applicationTaskExecutor'
2020-06-28 15:21:09 -Clear tk.mybatis.mapper.util.MsUtil CLASS_CACHE cache.
2020-06-28 15:21:09 -Clear tk.mybatis.mapper.genid.GenIdUtil CACHE cache.
2020-06-28 15:21:09 -Clear tk.mybatis.mapper.version.VersionUtil CACHE cache.
2020-06-28 15:21:09 -Clear EntityHelper entityTableMap cache.
2020-06-28 15:21:10 -Initializing ExecutorService 'taskScheduler'
2020-06-28 15:21:10 -Starting Quartz Scheduler now
2020-06-28 15:21:10 -Scheduler org.springframework.scheduling.quartz.SchedulerFactoryBean#0_$_NON_CLUSTERED started.
2020-06-28 15:21:10 -Loaded the Bouncy Castle security provider.
2020-06-28 15:21:10 -Using Persistence Adapter: MemoryPersistenceAdapter
2020-06-28 15:21:10 -JMX consoles can connect to service:jmx:rmi:///jndi/rmi://localhost:1099/jmxrmi
2020-06-28 15:21:10 -Apache ActiveMQ 5.15.8 (localhost, ID:gnb781-63514-1593328870588-0:1) is starting
2020-06-28 15:21:10 -Apache ActiveMQ 5.15.8 (localhost, ID:gnb781-63514-1593328870588-0:1) started
2020-06-28 15:21:10 -For help or more information please see: http://activemq.apache.org
2020-06-28 15:21:10 -Connector vm://localhost started
2020-06-28 15:21:10 -Starting ProtocolHandler ["http-nio-9001"]
2020-06-28 15:21:10 -Using a shared selector for servlet write/read
2020-06-28 15:21:11 -Tomcat started on port(s): 9001 (http) with context path '/eam'
2020-06-28 15:21:11 -Started EamApplication in 9.025 seconds (JVM running for 10.501)
2020-06-28 15:22:01 -Initializing Spring DispatcherServlet 'dispatcherServlet'
2020-06-28 15:22:01 -Initializing Servlet 'dispatcherServlet'
2020-06-28 15:22:01 -Completed initialization in 10 ms
2020-06-28 15:22:01 -{dataSource-1} inited
2020-06-28 15:22:01 -==>  Preparing: SELECT * FROM config a where a.config_Type = ? and a.configname=? 
2020-06-28 15:22:01 -==> Parameters: 4(Integer), super_admin(String)
2020-06-28 15:22:01 -<==      Total: 1
2020-06-28 15:22:02 -==>  Preparing: SELECT /*+ INDEX(USER ID) */ * FROM ASSET a where a.assetType = ? 
2020-06-28 15:22:02 -==> Parameters: 0(Integer)
2020-06-28 15:22:03 -<==      Total: 1326
2020-06-28 15:22:13 -==>  Preparing: INSERT INTO WINDOW_SERVER_THING(SERIAL,NAME,DEPARTNAME)VALUES(?,?,?) 
2020-06-28 15:22:13 -==> Parameters: FYZJ-DIANZIBI-0003(String), 电子笔(String), 集团总机(String)
2020-06-28 15:22:13 -<==    Updates: 1
2020-06-28 15:22:13 -==>  Preparing: INSERT INTO WINDOW_SERVER_THING(SERIAL,NAME,DEPARTNAME)VALUES(?,?,?) 
2020-06-28 15:22:13 -==> Parameters: FYZJ-YUSAN-0001(String), 雨伞(String), 集团总机(String)
2020-06-28 15:22:13 -<==    Updates: 1
2020-06-28 15:22:13 -==>  Preparing: INSERT INTO WINDOW_SERVER_THING(SERIAL,NAME,DEPARTNAME)VALUES(?,?,?) 
2020-06-28 15:22:13 -==> Parameters: FYZJ-YUSAN-0002(String), 雨伞(String), 集团总机(String)
2020-06-28 15:22:13 -<==    Updates: 1
2020-06-28 15:22:13 -==>  Preparing: INSERT INTO WINDOW_SERVER_THING(SERIAL,NAME,DEPARTNAME)VALUES(?,?,?) 
2020-06-28 15:22:13 -==> Parameters: FYZJ-YUSAN-0003(String), 雨伞(String), 集团总机(String)
2020-06-28 15:22:13 -<==    Updates: 1
2020-06-28 15:22:13 -==>  Preparing: INSERT INTO WINDOW_SERVER_THING(SERIAL,NAME,DEPARTNAME)VALUES(?,?,?) 
2020-06-28 15:22:13 -==> Parameters: FYZJ-YUSAN-0004(String), 雨伞(String), 集团总机(String)
2020-06-28 15:22:13 -<==    Updates: 1
2020-06-28 15:22:13 -==>  Preparing: INSERT INTO WINDOW_SERVER_THING(SERIAL,NAME,DEPARTNAME)VALUES(?,?,?) 
2020-06-28 15:22:13 -==> Parameters: FYZJ-YUSAN-0005(String), 雨伞(String), 集团总机(String)
2020-06-28 15:22:13 -<==    Updates: 1
2020-06-28 15:22:13 -==>  Preparing: INSERT INTO WINDOW_SERVER_THING(SERIAL,NAME,DEPARTNAME)VALUES(?,?,?) 
2020-06-28 15:22:13 -==> Parameters: FYZJ-ZHUANJIETOU-0001(String), 转接头(String), 集团总机(String)
2020-06-28 15:22:13 -<==    Updates: 1
2020-06-28 15:22:13 -==>  Preparing: INSERT INTO WINDOW_SERVER_THING(SERIAL,NAME,DEPARTNAME)VALUES(?,?,?) 
2020-06-28 15:22:13 -==> Parameters: FYZJ-ZHUANJIETOU-0002(String), 转接头(String), 集团总机(String)
2020-06-28 15:22:13 -<==    Updates: 1
2020-06-28 15:22:13 -==>  Preparing: INSERT INTO WINDOW_SERVER_THING(SERIAL,NAME,DEPARTNAME)VALUES(?,?,?) 
2020-06-28 15:22:13 -==> Parameters: FYZJ-YAOSHI-0001(String), 钥匙1402(String), 物业(String)
2020-06-28 15:22:13 -<==    Updates: 1
2020-06-28 15:22:13 -==>  Preparing: INSERT INTO WINDOW_SERVER_THING(SERIAL,NAME,DEPARTNAME)VALUES(?,?,?) 
2020-06-28 15:22:13 -==> Parameters: FYZJ-YAOSHI-0002(String), 钥匙1302(String), 物业(String)
2020-06-28 15:22:13 -<==    Updates: 1
2020-06-28 15:22:13 -==>  Preparing: INSERT INTO WINDOW_SERVER_THING(SERIAL,NAME,DEPARTNAME)VALUES(?,?,?) 
2020-06-28 15:22:13 -==> Parameters: FYZJ-YAOSHI-0003(String), 钥匙1202(String), 物业(String)
2020-06-28 15:22:13 -<==    Updates: 1
2020-06-28 15:22:13 -==>  Preparing: INSERT INTO WINDOW_SERVER_THING(SERIAL,NAME,DEPARTNAME)VALUES(?,?,?) 
2020-06-28 15:22:13 -==> Parameters: FYZJ-YAOSHI-0004(String), 钥匙1102(String), 物业(String)
2020-06-28 15:22:13 -<==    Updates: 1
